#
# There is insufficient memory for the Java Runtime Environment to continue.
# Native memory allocation (malloc) failed to allocate 262160 bytes. Error detail: Chunk::new
# Possible reasons:
#   The system is out of physical RAM or swap space
#   This process is running with CompressedOops enabled, and the Java Heap may be blocking the growth of the native heap
# Possible solutions:
#   Reduce memory load on the system
#   Increase physical memory or swap space
#   Check if swap backing store is full
#   Decrease Java heap size (-Xmx/-Xms)
#   Decrease number of Java threads
#   Decrease Java thread stack sizes (-Xss)
#   Set larger code cache with -XX:ReservedCodeCacheSize=
#   JVM is running with Unscaled Compressed Oops mode in which the Java heap is
#     placed in the first 4GB address space. The Java Heap base address is the
#     maximum limit for the native heap growth. Please use -XX:HeapBaseMinAddress
#     to set the Java Heap base and to place the Java Heap above 4GB virtual address.
# This output file may be truncated or incomplete.
#
#  Out of Memory Error (arena.cpp:168), pid=20464, tid=22872
#
# JRE version: OpenJDK Runtime Environment Temurin-21.0.8+9 (21.0.8+9) (build 21.0.8+9-LTS)
# Java VM: OpenJDK 64-Bit Server VM Temurin-21.0.8+9 (21.0.8+9-LTS, mixed mode, sharing, tiered, compressed oops, compressed class ptrs, parallel gc, windows-amd64)
# No core dump will be written. Minidumps are not enabled by default on client versions of Windows
#

---------------  S U M M A R Y ------------

Command Line: --add-modules=ALL-SYSTEM --add-opens=java.base/java.util=ALL-UNNAMED --add-opens=java.base/java.lang=ALL-UNNAMED --add-opens=java.base/sun.nio.fs=ALL-UNNAMED -Declipse.application=org.eclipse.jdt.ls.core.id1 -Dosgi.bundles.defaultStartLevel=4 -Declipse.product=org.eclipse.jdt.ls.core.product -Djava.import.generatesMetadataFilesAtProjectRoot=false -DDetectVMInstallationsJob.disabled=true -Dfile.encoding=utf8 -XX:+UseParallelGC -XX:GCTimeRatio=4 -XX:AdaptiveSizePolicyWeight=90 -Dsun.zip.disableMemoryMapping=true -Xmx2G -Xms100m -Xlog:disable -javaagent:c:\Users\ayush\.vscode\extensions\redhat.java-1.46.0-win32-x64\lombok\lombok-1.18.39-4050.jar -XX:+HeapDumpOnOutOfMemoryError -XX:HeapDumpPath=c:\Users\ayush\AppData\Roaming\Code\User\workspaceStorage\83904fdafc53460d63f83de7213c2797\redhat.java -Daether.dependencyCollector.impl=bf c:\Users\ayush\.vscode\extensions\redhat.java-1.46.0-win32-x64\server\plugins\org.eclipse.equinox.launcher_1.7.0.v20250519-0528.jar -configuration c:\Users\ayush\AppData\Roaming\Code\User\globalStorage\redhat.java\1.46.0\config_win -data c:\Users\ayush\AppData\Roaming\Code\User\workspaceStorage\83904fdafc53460d63f83de7213c2797\redhat.java\jdt_ws --pipe=\\.\pipe\lsp-cdb32515c5e85faa701ee0b36a7f00b8-sock

Host: AMD Ryzen 5 7520U with Radeon Graphics         , 8 cores, 7G,  Windows 11 , 64 bit Build 26100 (10.0.26100.5074)
Time: Sun Oct  5 15:51:32 2025 India Standard Time elapsed time: 4.786013 seconds (0d 0h 0m 4s)

---------------  T H R E A D  ---------------

Current thread (0x00000145170d3a70):  JavaThread "C2 CompilerThread1" daemon [_thread_in_native, id=22872, stack(0x0000001315f00000,0x0000001316000000) (1024K)]


Current CompileTask:
C2:4786 3807       4       java.lang.invoke.MethodType::makeImpl (109 bytes)

Stack: [0x0000001315f00000,0x0000001316000000]
Native frames: (J=compiled Java code, j=interpreted, Vv=VM code, C=native code)
V  [jvm.dll+0x6d2449]
V  [jvm.dll+0x8ae341]
V  [jvm.dll+0x8b08be]
V  [jvm.dll+0x8b0fa3]
V  [jvm.dll+0x280c96]
V  [jvm.dll+0xc581d]
V  [jvm.dll+0xc5d53]
V  [jvm.dll+0x6f9395]
V  [jvm.dll+0x6f97c3]
V  [jvm.dll+0x6fb9ed]
V  [jvm.dll+0x6f9db3]
V  [jvm.dll+0x24a661]
V  [jvm.dll+0x2483a4]
V  [jvm.dll+0x1c89ee]
V  [jvm.dll+0x257d4d]
V  [jvm.dll+0x2562ea]
V  [jvm.dll+0x3f2d16]
V  [jvm.dll+0x857e6b]
V  [jvm.dll+0x6d0b0d]
C  [ucrtbase.dll+0x37b0]
C  [KERNEL32.DLL+0x2e8d7]
C  [ntdll.dll+0x8d9c]


---------------  P R O C E S S  ---------------

Threads class SMR info:
_java_thread_list=0x0000014517666e10, length=23, elements={
0x00000144b8edcca0, 0x00000144b8f99990, 0x00000144b8f9a7a0, 0x00000144b8e558d0,
0x00000144b8e567a0, 0x00000144b8e573f0, 0x00000144b8e59f50, 0x00000144b8e5ce10,
0x0000014512218120, 0x00000144b8f4a920, 0x00000145124f8610, 0x0000014512c65060,
0x00000145172bf360, 0x0000014517156830, 0x0000014517157260, 0x000001451746bfc0,
0x00000145175d7d50, 0x00000145170d3a70, 0x0000014512d95410, 0x0000014512d94d80,
0x0000014512d94060, 0x0000014512d96130, 0x0000014512d95aa0
}

Java Threads: ( => current thread )
  0x00000144b8edcca0 JavaThread "main"                              [_thread_blocked, id=21432, stack(0x0000001315000000,0x0000001315100000) (1024K)]
  0x00000144b8f99990 JavaThread "Reference Handler"          daemon [_thread_blocked, id=2920, stack(0x0000001315400000,0x0000001315500000) (1024K)]
  0x00000144b8f9a7a0 JavaThread "Finalizer"                  daemon [_thread_blocked, id=26896, stack(0x0000001315500000,0x0000001315600000) (1024K)]
  0x00000144b8e558d0 JavaThread "Signal Dispatcher"          daemon [_thread_blocked, id=13652, stack(0x0000001315600000,0x0000001315700000) (1024K)]
  0x00000144b8e567a0 JavaThread "Attach Listener"            daemon [_thread_blocked, id=12176, stack(0x0000001315700000,0x0000001315800000) (1024K)]
  0x00000144b8e573f0 JavaThread "Service Thread"             daemon [_thread_blocked, id=15060, stack(0x0000001315800000,0x0000001315900000) (1024K)]
  0x00000144b8e59f50 JavaThread "Monitor Deflation Thread"   daemon [_thread_blocked, id=21324, stack(0x0000001315900000,0x0000001315a00000) (1024K)]
  0x00000144b8e5ce10 JavaThread "C2 CompilerThread0"         daemon [_thread_in_native, id=25180, stack(0x0000001315a00000,0x0000001315b00000) (1024K)]
  0x0000014512218120 JavaThread "C1 CompilerThread0"         daemon [_thread_blocked, id=27688, stack(0x0000001315b00000,0x0000001315c00000) (1024K)]
  0x00000144b8f4a920 JavaThread "Common-Cleaner"             daemon [_thread_blocked, id=15240, stack(0x0000001315c00000,0x0000001315d00000) (1024K)]
  0x00000145124f8610 JavaThread "Notification Thread"        daemon [_thread_blocked, id=4612, stack(0x0000001315d00000,0x0000001315e00000) (1024K)]
  0x0000014512c65060 JavaThread "Active Thread: Equinox Container: a4c63918-2c15-44ed-9cde-108ef79d9dcf"        [_thread_blocked, id=5584, stack(0x0000001316600000,0x0000001316700000) (1024K)]
  0x00000145172bf360 JavaThread "Refresh Thread: Equinox Container: a4c63918-2c15-44ed-9cde-108ef79d9dcf" daemon [_thread_blocked, id=14548, stack(0x0000001316800000,0x0000001316900000) (1024K)]
  0x0000014517156830 JavaThread "Framework Event Dispatcher: Equinox Container: a4c63918-2c15-44ed-9cde-108ef79d9dcf" daemon [_thread_blocked, id=2916, stack(0x0000001316900000,0x0000001316a00000) (1024K)]
  0x0000014517157260 JavaThread "Start Level: Equinox Container: a4c63918-2c15-44ed-9cde-108ef79d9dcf" daemon [_thread_in_vm, id=17704, stack(0x0000001316a00000,0x0000001316b00000) (1024K)]
  0x000001451746bfc0 JavaThread "Bundle File Closer"         daemon [_thread_blocked, id=17860, stack(0x0000001316b00000,0x0000001316c00000) (1024K)]
  0x00000145175d7d50 JavaThread "SCR Component Actor"        daemon [_thread_blocked, id=9936, stack(0x0000001315e00000,0x0000001315f00000) (1024K)]
=>0x00000145170d3a70 JavaThread "C2 CompilerThread1"         daemon [_thread_in_native, id=22872, stack(0x0000001315f00000,0x0000001316000000) (1024K)]
  0x0000014512d95410 JavaThread "Worker-JM"                         [_thread_blocked, id=17992, stack(0x0000001316c00000,0x0000001316d00000) (1024K)]
  0x0000014512d94d80 JavaThread "JNA Cleaner"                daemon [_thread_blocked, id=5844, stack(0x0000001316d00000,0x0000001316e00000) (1024K)]
  0x0000014512d94060 JavaThread "Worker-0: Checking project encoding"        [_thread_blocked, id=9880, stack(0x0000001316e00000,0x0000001316f00000) (1024K)]
  0x0000014512d96130 JavaThread "Worker-1: Refreshing workspace"        [_thread_blocked, id=8280, stack(0x0000001316f00000,0x0000001317000000) (1024K)]
  0x0000014512d95aa0 JavaThread "Worker-2"                          [_thread_blocked, id=5720, stack(0x0000001317000000,0x0000001317100000) (1024K)]
Total: 23

Other Threads:
  0x00000144b8e52540 VMThread "VM Thread"                           [id=24496, stack(0x0000001315300000,0x0000001315400000) (1024K)]
  0x00000144b8d6ca00 WatcherThread "VM Periodic Task Thread"        [id=22468, stack(0x0000001315200000,0x0000001315300000) (1024K)]
  0x00000144b8efc110 WorkerThread "GC Thread#0"                     [id=10288, stack(0x0000001315100000,0x0000001315200000) (1024K)]
  0x000001451706c8b0 WorkerThread "GC Thread#1"                     [id=20968, stack(0x0000001316000000,0x0000001316100000) (1024K)]
  0x000001451706cc50 WorkerThread "GC Thread#2"                     [id=19492, stack(0x0000001316100000,0x0000001316200000) (1024K)]
  0x000001451706cff0 WorkerThread "GC Thread#3"                     [id=5156, stack(0x0000001316200000,0x0000001316300000) (1024K)]
  0x000001451252f430 WorkerThread "GC Thread#4"                     [id=18776, stack(0x0000001316300000,0x0000001316400000) (1024K)]
  0x000001451252f7d0 WorkerThread "GC Thread#5"                     [id=1860, stack(0x0000001316400000,0x0000001316500000) (1024K)]
  0x000001451252fb70 WorkerThread "GC Thread#6"                     [id=26660, stack(0x0000001316500000,0x0000001316600000) (1024K)]
  0x000001451717f0f0 WorkerThread "GC Thread#7"                     [id=12208, stack(0x0000001316700000,0x0000001316800000) (1024K)]
Total: 10

Threads with active compile tasks:
C2 CompilerThread0  4809 3853 %     4       java.util.zip.ZipFile$Source::initCEN @ 261 (612 bytes)
C2 CompilerThread1  4809 3807       4       java.lang.invoke.MethodType::makeImpl (109 bytes)
Total: 2

VM state: not at safepoint (normal execution)

VM Mutex/Monitor currently owned by a thread: None

Heap address: 0x0000000080000000, size: 2048 MB, Compressed Oops mode: 32-bit

CDS archive(s) mapped at: [0x00000144d0000000-0x00000144d0ba0000-0x00000144d0ba0000), size 12189696, SharedBaseAddress: 0x00000144d0000000, ArchiveRelocationMode: 1.
Compressed class space mapped at: 0x00000144d1000000-0x0000014511000000, reserved size: 1073741824
Narrow klass base: 0x00000144d0000000, Narrow klass shift: 0, Narrow klass range: 0x100000000

GC Precious Log:
 CardTable entry size: 512
 CPUs: 8 total, 8 available
 Memory: 7379M
 Large Page Support: Disabled
 NUMA Support: Disabled
 Compressed Oops: Enabled (32-bit)
 Alignments: Space 512K, Generation 512K, Heap 2M
 Heap Min Capacity: 100M
 Heap Initial Capacity: 100M
 Heap Max Capacity: 2G
 Pre-touch: Disabled
 Parallel Workers: 8

Heap:
 PSYoungGen      total 30208K, used 21233K [0x00000000d5580000, 0x00000000d7980000, 0x0000000100000000)
  eden space 24576K, 64% used [0x00000000d5580000,0x00000000d64ef318,0x00000000d6d80000)
  from space 5632K, 96% used [0x00000000d7400000,0x00000000d794d1f8,0x00000000d7980000)
  to   space 5632K, 0% used [0x00000000d6e80000,0x00000000d6e80000,0x00000000d7400000)
 ParOldGen       total 68608K, used 8013K [0x0000000080000000, 0x0000000084300000, 0x00000000d5580000)
  object space 68608K, 11% used [0x0000000080000000,0x00000000807d37f8,0x0000000084300000)
 Metaspace       used 19939K, committed 20736K, reserved 1114112K
  class space    used 2100K, committed 2432K, reserved 1048576K

Card table byte_map: [0x00000144b8880000,0x00000144b8c90000] _byte_map_base: 0x00000144b8480000

Marking Bits: (ParMarkBitMap*) 0x00007ffd5bc0a340
 Begin Bits: [0x00000144cb380000, 0x00000144cd380000)
 End Bits:   [0x00000144cd380000, 0x00000144cf380000)

Polling page: 0x00000144b6ca0000

Metaspace:

Usage:
  Non-class:     17.42 MB used.
      Class:      2.05 MB used.
       Both:     19.47 MB used.

Virtual space:
  Non-class space:       64.00 MB reserved,      17.88 MB ( 28%) committed,  1 nodes.
      Class space:        1.00 GB reserved,       2.38 MB ( <1%) committed,  1 nodes.
             Both:        1.06 GB reserved,      20.25 MB (  2%) committed. 

Chunk freelists:
   Non-Class:  13.23 MB
       Class:  13.44 MB
        Both:  26.67 MB

MaxMetaspaceSize: unlimited
CompressedClassSpaceSize: 1.00 GB
Initial GC threshold: 21.00 MB
Current GC threshold: 21.00 MB
CDS: on
 - commit_granule_bytes: 65536.
 - commit_granule_words: 8192.
 - virtual_space_node_default_size: 8388608.
 - enlarge_chunks_in_place: 1.
 - use_allocation_guard: 0.


Internal statistics:

num_allocs_failed_limit: 0.
num_arena_births: 570.
num_arena_deaths: 0.
num_vsnodes_births: 2.
num_vsnodes_deaths: 0.
num_space_committed: 324.
num_space_uncommitted: 0.
num_chunks_returned_to_freelist: 0.
num_chunks_taken_from_freelist: 1335.
num_chunk_merges: 0.
num_chunk_splits: 856.
num_chunks_enlarged: 558.
num_inconsistent_stats: 0.

CodeHeap 'non-profiled nmethods': size=120000Kb used=1624Kb max_used=1624Kb free=118375Kb
 bounds [0x00000144c3ba0000, 0x00000144c3e10000, 0x00000144cb0d0000]
CodeHeap 'profiled nmethods': size=120000Kb used=7931Kb max_used=7931Kb free=112068Kb
 bounds [0x00000144bc0d0000, 0x00000144bc890000, 0x00000144c3600000]
CodeHeap 'non-nmethods': size=5760Kb used=1286Kb max_used=1308Kb free=4473Kb
 bounds [0x00000144c3600000, 0x00000144c3870000, 0x00000144c3ba0000]
CodeCache: size=245760Kb, used=10841Kb, max_used=10863Kb, free=234916Kb
 total_blobs=4414, nmethods=3848, adapters=472, full_count=0
Compilation: enabled, stopped_count=0, restarted_count=0

Compilation events (20 events):
Event: 4.749 Thread 0x00000144b8e5ce10 3844       4       java.util.zip.ZipFile$Source::getEntryPos (164 bytes)
Event: 4.749 Thread 0x0000014512218120 nmethod 3842 0x00000144bc88a610 code [0x00000144bc88a8c0, 0x00000144bc88b688]
Event: 4.749 Thread 0x0000014512218120 3843       3       org.eclipse.osgi.storage.bundlefile.NestedDirBundleFile::prependNestedDir (42 bytes)
Event: 4.750 Thread 0x0000014512218120 nmethod 3843 0x00000144bc88bb90 code [0x00000144bc88be20, 0x00000144bc88c9d8]
Event: 4.756 Thread 0x0000014512218120 3846       3       java.util.Calendar::internalSet (8 bytes)
Event: 4.757 Thread 0x0000014512218120 nmethod 3846 0x00000144bc88cf10 code [0x00000144bc88d0c0, 0x00000144bc88d1f8]
Event: 4.761 Thread 0x0000014512218120 3847       3       java.lang.StringLatin1::canEncode (13 bytes)
Event: 4.761 Thread 0x0000014512218120 nmethod 3847 0x00000144bc88d310 code [0x00000144bc88d4a0, 0x00000144bc88d5e0]
Event: 4.761 Thread 0x0000014512218120 3848       3       java.lang.AbstractStringBuilder::append (77 bytes)
Event: 4.762 Thread 0x0000014512218120 nmethod 3848 0x00000144bc88d690 code [0x00000144bc88d8a0, 0x00000144bc88df58]
Event: 4.763 Thread 0x00000144b8e5ce10 nmethod 3844 0x00000144c3d31510 code [0x00000144c3d31740, 0x00000144c3d322d8]
Event: 4.763 Thread 0x00000144b8e5ce10 3845   !   4       java.util.zip.ZipFile::getEntry (59 bytes)
Event: 4.765 Thread 0x00000144b8e5ce10 nmethod 3845 0x00000144c3d32d10 code [0x00000144c3d32ec0, 0x00000144c3d33268]
Event: 4.768 Thread 0x00000144b8e5ce10 3849       4       java.lang.StringConcatHelper::newString (67 bytes)
Event: 4.769 Thread 0x00000144b8e5ce10 nmethod 3849 0x00000144c3d33490 code [0x00000144c3d33620, 0x00000144c3d33730]
Event: 4.773 Thread 0x00000144b8e5ce10 3850   !   4       org.eclipse.osgi.storage.bundlefile.CloseableBundleFile::getEntry (28 bytes)
Event: 4.782 Thread 0x0000014512218120 3852       3       java.lang.reflect.Method::copy (84 bytes)
Event: 4.783 Thread 0x0000014512218120 nmethod 3852 0x00000144bc88e210 code [0x00000144bc88e3e0, 0x00000144bc88e760]
Event: 4.783 Thread 0x0000014512218120 3851       3       java.lang.reflect.Method::<init> (68 bytes)
Event: 4.783 Thread 0x0000014512218120 nmethod 3851 0x00000144bc88e890 code [0x00000144bc88ea40, 0x00000144bc88ed50]

GC Heap History (12 events):
Event: 1.176 GC heap before
{Heap before GC invocations=1 (full 0):
 PSYoungGen      total 29696K, used 25600K [0x00000000d5580000, 0x00000000d7680000, 0x0000000100000000)
  eden space 25600K, 100% used [0x00000000d5580000,0x00000000d6e80000,0x00000000d6e80000)
  from space 4096K, 0% used [0x00000000d7280000,0x00000000d7280000,0x00000000d7680000)
  to   space 4096K, 0% used [0x00000000d6e80000,0x00000000d6e80000,0x00000000d7280000)
 ParOldGen       total 68608K, used 0K [0x0000000080000000, 0x0000000084300000, 0x00000000d5580000)
  object space 68608K, 0% used [0x0000000080000000,0x0000000080000000,0x0000000084300000)
 Metaspace       used 4320K, committed 4608K, reserved 1114112K
  class space    used 471K, committed 576K, reserved 1048576K
}
Event: 1.184 GC heap after
{Heap after GC invocations=1 (full 0):
 PSYoungGen      total 29696K, used 3335K [0x00000000d5580000, 0x00000000d7680000, 0x0000000100000000)
  eden space 25600K, 0% used [0x00000000d5580000,0x00000000d5580000,0x00000000d6e80000)
  from space 4096K, 81% used [0x00000000d6e80000,0x00000000d71c1e18,0x00000000d7280000)
  to   space 4096K, 0% used [0x00000000d7280000,0x00000000d7280000,0x00000000d7680000)
 ParOldGen       total 68608K, used 16K [0x0000000080000000, 0x0000000084300000, 0x00000000d5580000)
  object space 68608K, 0% used [0x0000000080000000,0x0000000080004000,0x0000000084300000)
 Metaspace       used 4320K, committed 4608K, reserved 1114112K
  class space    used 471K, committed 576K, reserved 1048576K
}
Event: 1.962 GC heap before
{Heap before GC invocations=2 (full 0):
 PSYoungGen      total 29696K, used 28935K [0x00000000d5580000, 0x00000000d7680000, 0x0000000100000000)
  eden space 25600K, 100% used [0x00000000d5580000,0x00000000d6e80000,0x00000000d6e80000)
  from space 4096K, 81% used [0x00000000d6e80000,0x00000000d71c1e18,0x00000000d7280000)
  to   space 4096K, 0% used [0x00000000d7280000,0x00000000d7280000,0x00000000d7680000)
 ParOldGen       total 68608K, used 16K [0x0000000080000000, 0x0000000084300000, 0x00000000d5580000)
  object space 68608K, 0% used [0x0000000080000000,0x0000000080004000,0x0000000084300000)
 Metaspace       used 7951K, committed 8192K, reserved 1114112K
  class space    used 829K, committed 960K, reserved 1048576K
}
Event: 1.968 GC heap after
{Heap after GC invocations=2 (full 0):
 PSYoungGen      total 29696K, used 4085K [0x00000000d5580000, 0x00000000d7680000, 0x0000000100000000)
  eden space 25600K, 0% used [0x00000000d5580000,0x00000000d5580000,0x00000000d6e80000)
  from space 4096K, 99% used [0x00000000d7280000,0x00000000d767d790,0x00000000d7680000)
  to   space 4096K, 0% used [0x00000000d6e80000,0x00000000d6e80000,0x00000000d7280000)
 ParOldGen       total 68608K, used 1719K [0x0000000080000000, 0x0000000084300000, 0x00000000d5580000)
  object space 68608K, 2% used [0x0000000080000000,0x00000000801adf18,0x0000000084300000)
 Metaspace       used 7951K, committed 8192K, reserved 1114112K
  class space    used 829K, committed 960K, reserved 1048576K
}
Event: 2.320 GC heap before
{Heap before GC invocations=3 (full 0):
 PSYoungGen      total 29696K, used 29685K [0x00000000d5580000, 0x00000000d7680000, 0x0000000100000000)
  eden space 25600K, 100% used [0x00000000d5580000,0x00000000d6e80000,0x00000000d6e80000)
  from space 4096K, 99% used [0x00000000d7280000,0x00000000d767d790,0x00000000d7680000)
  to   space 4096K, 0% used [0x00000000d6e80000,0x00000000d6e80000,0x00000000d7280000)
 ParOldGen       total 68608K, used 1719K [0x0000000080000000, 0x0000000084300000, 0x00000000d5580000)
  object space 68608K, 2% used [0x0000000080000000,0x00000000801adf18,0x0000000084300000)
 Metaspace       used 9404K, committed 9728K, reserved 1114112K
  class space    used 1004K, committed 1152K, reserved 1048576K
}
Event: 2.325 GC heap after
{Heap after GC invocations=3 (full 0):
 PSYoungGen      total 29696K, used 4088K [0x00000000d5580000, 0x00000000d7680000, 0x0000000100000000)
  eden space 25600K, 0% used [0x00000000d5580000,0x00000000d5580000,0x00000000d6e80000)
  from space 4096K, 99% used [0x00000000d6e80000,0x00000000d727e010,0x00000000d7280000)
  to   space 4096K, 0% used [0x00000000d7280000,0x00000000d7280000,0x00000000d7680000)
 ParOldGen       total 68608K, used 5075K [0x0000000080000000, 0x0000000084300000, 0x00000000d5580000)
  object space 68608K, 7% used [0x0000000080000000,0x00000000804f4d30,0x0000000084300000)
 Metaspace       used 9404K, committed 9728K, reserved 1114112K
  class space    used 1004K, committed 1152K, reserved 1048576K
}
Event: 3.510 GC heap before
{Heap before GC invocations=4 (full 0):
 PSYoungGen      total 29696K, used 29688K [0x00000000d5580000, 0x00000000d7680000, 0x0000000100000000)
  eden space 25600K, 100% used [0x00000000d5580000,0x00000000d6e80000,0x00000000d6e80000)
  from space 4096K, 99% used [0x00000000d6e80000,0x00000000d727e010,0x00000000d7280000)
  to   space 4096K, 0% used [0x00000000d7280000,0x00000000d7280000,0x00000000d7680000)
 ParOldGen       total 68608K, used 5075K [0x0000000080000000, 0x0000000084300000, 0x00000000d5580000)
  object space 68608K, 7% used [0x0000000080000000,0x00000000804f4d30,0x0000000084300000)
 Metaspace       used 12183K, committed 12544K, reserved 1114112K
  class space    used 1294K, committed 1472K, reserved 1048576K
}
Event: 3.514 GC heap after
{Heap after GC invocations=4 (full 0):
 PSYoungGen      total 29696K, used 4079K [0x00000000d5580000, 0x00000000d7680000, 0x0000000100000000)
  eden space 25600K, 0% used [0x00000000d5580000,0x00000000d5580000,0x00000000d6e80000)
  from space 4096K, 99% used [0x00000000d7280000,0x00000000d767bfb0,0x00000000d7680000)
  to   space 4096K, 0% used [0x00000000d6e80000,0x00000000d6e80000,0x00000000d7280000)
 ParOldGen       total 68608K, used 6455K [0x0000000080000000, 0x0000000084300000, 0x00000000d5580000)
  object space 68608K, 9% used [0x0000000080000000,0x000000008064dc20,0x0000000084300000)
 Metaspace       used 12183K, committed 12544K, reserved 1114112K
  class space    used 1294K, committed 1472K, reserved 1048576K
}
Event: 4.026 GC heap before
{Heap before GC invocations=5 (full 0):
 PSYoungGen      total 29696K, used 29679K [0x00000000d5580000, 0x00000000d7680000, 0x0000000100000000)
  eden space 25600K, 100% used [0x00000000d5580000,0x00000000d6e80000,0x00000000d6e80000)
  from space 4096K, 99% used [0x00000000d7280000,0x00000000d767bfb0,0x00000000d7680000)
  to   space 4096K, 0% used [0x00000000d6e80000,0x00000000d6e80000,0x00000000d7280000)
 ParOldGen       total 68608K, used 6455K [0x0000000080000000, 0x0000000084300000, 0x00000000d5580000)
  object space 68608K, 9% used [0x0000000080000000,0x000000008064dc20,0x0000000084300000)
 Metaspace       used 15339K, committed 15936K, reserved 1114112K
  class space    used 1571K, committed 1856K, reserved 1048576K
}
Event: 4.030 GC heap after
{Heap after GC invocations=5 (full 0):
 PSYoungGen      total 29184K, used 4077K [0x00000000d5580000, 0x00000000d7a00000, 0x0000000100000000)
  eden space 25088K, 0% used [0x00000000d5580000,0x00000000d5580000,0x00000000d6e00000)
  from space 4096K, 99% used [0x00000000d6e80000,0x00000000d727b538,0x00000000d7280000)
  to   space 6144K, 0% used [0x00000000d7400000,0x00000000d7400000,0x00000000d7a00000)
 ParOldGen       total 68608K, used 8005K [0x0000000080000000, 0x0000000084300000, 0x00000000d5580000)
  object space 68608K, 11% used [0x0000000080000000,0x00000000807d17f8,0x0000000084300000)
 Metaspace       used 15339K, committed 15936K, reserved 1114112K
  class space    used 1571K, committed 1856K, reserved 1048576K
}
Event: 4.612 GC heap before
{Heap before GC invocations=6 (full 0):
 PSYoungGen      total 29184K, used 29165K [0x00000000d5580000, 0x00000000d7a00000, 0x0000000100000000)
  eden space 25088K, 100% used [0x00000000d5580000,0x00000000d6e00000,0x00000000d6e00000)
  from space 4096K, 99% used [0x00000000d6e80000,0x00000000d727b538,0x00000000d7280000)
  to   space 6144K, 0% used [0x00000000d7400000,0x00000000d7400000,0x00000000d7a00000)
 ParOldGen       total 68608K, used 8005K [0x0000000080000000, 0x0000000084300000, 0x00000000d5580000)
  object space 68608K, 11% used [0x0000000080000000,0x00000000807d17f8,0x0000000084300000)
 Metaspace       used 18610K, committed 19328K, reserved 1114112K
  class space    used 1931K, committed 2240K, reserved 1048576K
}
Event: 4.616 GC heap after
{Heap after GC invocations=6 (full 0):
 PSYoungGen      total 30208K, used 5428K [0x00000000d5580000, 0x00000000d7980000, 0x0000000100000000)
  eden space 24576K, 0% used [0x00000000d5580000,0x00000000d5580000,0x00000000d6d80000)
  from space 5632K, 96% used [0x00000000d7400000,0x00000000d794d1f8,0x00000000d7980000)
  to   space 5632K, 0% used [0x00000000d6e80000,0x00000000d6e80000,0x00000000d7400000)
 ParOldGen       total 68608K, used 8013K [0x0000000080000000, 0x0000000084300000, 0x00000000d5580000)
  object space 68608K, 11% used [0x0000000080000000,0x00000000807d37f8,0x0000000084300000)
 Metaspace       used 18610K, committed 19328K, reserved 1114112K
  class space    used 1931K, committed 2240K, reserved 1048576K
}

Dll operation events (10 events):
Event: 0.018 Loaded shared library c:\Users\ayush\.vscode\extensions\redhat.java-1.46.0-win32-x64\jre\21.0.8-win32-x86_64\bin\java.dll
Event: 0.233 Loaded shared library c:\Users\ayush\.vscode\extensions\redhat.java-1.46.0-win32-x64\jre\21.0.8-win32-x86_64\bin\zip.dll
Event: 0.287 Loaded shared library C:\Users\ayush\.vscode\extensions\redhat.java-1.46.0-win32-x64\jre\21.0.8-win32-x86_64\bin\instrument.dll
Event: 0.296 Loaded shared library C:\Users\ayush\.vscode\extensions\redhat.java-1.46.0-win32-x64\jre\21.0.8-win32-x86_64\bin\net.dll
Event: 0.300 Loaded shared library C:\Users\ayush\.vscode\extensions\redhat.java-1.46.0-win32-x64\jre\21.0.8-win32-x86_64\bin\nio.dll
Event: 0.306 Loaded shared library C:\Users\ayush\.vscode\extensions\redhat.java-1.46.0-win32-x64\jre\21.0.8-win32-x86_64\bin\zip.dll
Event: 0.335 Loaded shared library C:\Users\ayush\.vscode\extensions\redhat.java-1.46.0-win32-x64\jre\21.0.8-win32-x86_64\bin\jimage.dll
Event: 0.466 Loaded shared library c:\Users\ayush\.vscode\extensions\redhat.java-1.46.0-win32-x64\jre\21.0.8-win32-x86_64\bin\verify.dll
Event: 1.983 Loaded shared library C:\Users\ayush\AppData\Roaming\Code\User\globalStorage\redhat.java\1.46.0\config_win\org.eclipse.equinox.launcher\org.eclipse.equinox.launcher.win32.win32.x86_64_1.2.1400.v20250801-0854\eclipse_11916.dll
Event: 4.335 Loaded shared library C:\Users\ayush\AppData\Local\Temp\jna-93302354\jna13610144275013953757.dll

Deoptimization events (20 events):
Event: 4.702 Thread 0x0000014517157260 Uncommon trap: trap_request=0xffffffde fr.pc=0x00000144c3cff3ec relative=0x00000000000005ac
Event: 4.702 Thread 0x0000014517157260 Uncommon trap: reason=class_check action=maybe_recompile pc=0x00000144c3cff3ec method=java.util.regex.Pattern$Start.match(Ljava/util/regex/Matcher;ILjava/lang/CharSequence;)Z @ 44 c2
Event: 4.702 Thread 0x0000014517157260 DEOPT PACKING pc=0x00000144c3cff3ec sp=0x0000001316af1890
Event: 4.702 Thread 0x0000014517157260 DEOPT UNPACKING pc=0x00000144c3653aa2 sp=0x0000001316af17d0 mode 2
Event: 4.702 Thread 0x0000014517157260 Uncommon trap: trap_request=0xffffffde fr.pc=0x00000144c3cff3ec relative=0x00000000000005ac
Event: 4.702 Thread 0x0000014517157260 Uncommon trap: reason=class_check action=maybe_recompile pc=0x00000144c3cff3ec method=java.util.regex.Pattern$Start.match(Ljava/util/regex/Matcher;ILjava/lang/CharSequence;)Z @ 44 c2
Event: 4.702 Thread 0x0000014517157260 DEOPT PACKING pc=0x00000144c3cff3ec sp=0x0000001316af1890
Event: 4.702 Thread 0x0000014517157260 DEOPT UNPACKING pc=0x00000144c3653aa2 sp=0x0000001316af17d0 mode 2
Event: 4.756 Thread 0x0000014517157260 Uncommon trap: trap_request=0xffffff45 fr.pc=0x00000144c3bc700c relative=0x000000000000042c
Event: 4.756 Thread 0x0000014517157260 Uncommon trap: reason=unstable_if action=reinterpret pc=0x00000144c3bc700c method=java.lang.StringLatin1.canEncode(I)Z @ 4 c2
Event: 4.756 Thread 0x0000014517157260 DEOPT PACKING pc=0x00000144c3bc700c sp=0x0000001316af3110
Event: 4.756 Thread 0x0000014517157260 DEOPT UNPACKING pc=0x00000144c3653aa2 sp=0x0000001316af3048 mode 2
Event: 4.756 Thread 0x0000014517157260 Uncommon trap: trap_request=0xffffff45 fr.pc=0x00000144c3bec9ec relative=0x000000000000040c
Event: 4.756 Thread 0x0000014517157260 Uncommon trap: reason=unstable_if action=reinterpret pc=0x00000144c3bec9ec method=java.lang.AbstractStringBuilder.isLatin1()Z @ 10 c2
Event: 4.756 Thread 0x0000014517157260 DEOPT PACKING pc=0x00000144c3bec9ec sp=0x0000001316af3130
Event: 4.756 Thread 0x0000014517157260 DEOPT UNPACKING pc=0x00000144c3653aa2 sp=0x0000001316af30c0 mode 2
Event: 4.756 Thread 0x0000014517157260 Uncommon trap: trap_request=0xffffff45 fr.pc=0x00000144c3bcf7e8 relative=0x0000000000000048
Event: 4.756 Thread 0x0000014517157260 Uncommon trap: reason=unstable_if action=reinterpret pc=0x00000144c3bcf7e8 method=java.lang.StringLatin1.canEncode(I)Z @ 4 c2
Event: 4.756 Thread 0x0000014517157260 DEOPT PACKING pc=0x00000144c3bcf7e8 sp=0x0000001316af30c0
Event: 4.756 Thread 0x0000014517157260 DEOPT UNPACKING pc=0x00000144c3653aa2 sp=0x0000001316af3050 mode 2

Classes loaded (20 events):
Event: 4.481 Loading class java/util/BitSet
Event: 4.481 Loading class java/util/BitSet done
Event: 4.489 Loading class sun/net/www/protocol/jrt/JavaRuntimeURLConnection
Event: 4.490 Loading class sun/net/www/protocol/jrt/JavaRuntimeURLConnection done
Event: 4.490 Loading class sun/net/www/protocol/jrt/JavaRuntimeURLConnection$1
Event: 4.490 Loading class sun/net/www/protocol/jrt/JavaRuntimeURLConnection$1 done
Event: 4.509 Loading class java/util/function/UnaryOperator
Event: 4.509 Loading class java/util/function/UnaryOperator done
Event: 4.511 Loading class java/util/ServiceConfigurationError
Event: 4.511 Loading class java/util/ServiceConfigurationError done
Event: 4.524 Loading class java/lang/InheritableThreadLocal
Event: 4.524 Loading class java/lang/InheritableThreadLocal done
Event: 4.567 Loading class java/security/AccessControlException
Event: 4.567 Loading class java/security/AccessControlException done
Event: 4.754 Loading class java/text/ParseException
Event: 4.754 Loading class java/text/ParseException done
Event: 4.765 Loading class java/time/format/DateTimeParseException
Event: 4.765 Loading class java/time/DateTimeException
Event: 4.765 Loading class java/time/DateTimeException done
Event: 4.765 Loading class java/time/format/DateTimeParseException done

Classes unloaded (0 events):
No events

Classes redefined (0 events):
No events

Internal exceptions (20 events):
Event: 4.353 Thread 0x0000014517157260 Exception <a 'java/lang/NoSuchMethodError'{0x00000000d5f069b8}: 'void java.lang.invoke.DirectMethodHandle$Holder.invokeSpecial(java.lang.Object, java.lang.Object, java.lang.Object, int)'> (0x00000000d5f069b8) 
thrown [s\src\hotspot\share\interpreter\linkResolver.cpp, line 773]
Event: 4.354 Thread 0x0000014517157260 Exception <a 'java/lang/NoSuchMethodError'{0x00000000d5f0a348}: 'void java.lang.invoke.DelegatingMethodHandle$Holder.reinvoke_L(java.lang.Object, java.lang.Object, int)'> (0x00000000d5f0a348) 
thrown [s\src\hotspot\share\interpreter\linkResolver.cpp, line 773]
Event: 4.354 Thread 0x0000014517157260 Exception <a 'java/lang/NoSuchMethodError'{0x00000000d5f11030}: 'int java.lang.invoke.Invokers$Holder.invokeExact_MT(java.lang.Object, java.lang.Object, java.lang.Object)'> (0x00000000d5f11030) 
thrown [s\src\hotspot\share\interpreter\linkResolver.cpp, line 773]
Event: 4.372 Thread 0x0000014517157260 Exception <a 'java/lang/NoSuchMethodError'{0x00000000d6030a60}: 'void java.lang.invoke.Invokers$Holder.invokeExact_MT(java.lang.Object, java.lang.Object, int, java.lang.Object)'> (0x00000000d6030a60) 
thrown [s\src\hotspot\share\interpreter\linkResolver.cpp, line 773]
Event: 4.403 Thread 0x0000014517157260 Exception <a 'java/lang/NoSuchMethodError'{0x00000000d6149240}: 'java.lang.Object java.lang.invoke.DirectMethodHandle$Holder.invokeSpecial(java.lang.Object, java.lang.Object, java.lang.Object, long, java.lang.Object)'> (0x00000000d6149240) 
thrown [s\src\hotspot\share\interpreter\linkResolver.cpp, line 773]
Event: 4.404 Thread 0x0000014517157260 Exception <a 'java/lang/NoSuchMethodError'{0x00000000d6150a88}: 'java.lang.Object java.lang.invoke.DirectMethodHandle$Holder.newInvokeSpecial(java.lang.Object, java.lang.Object, java.lang.Object, long)'> (0x00000000d6150a88) 
thrown [s\src\hotspot\share\interpreter\linkResolver.cpp, line 773]
Event: 4.405 Thread 0x0000014517157260 Exception <a 'java/lang/NoSuchMethodError'{0x00000000d6154e78}: 'java.lang.Object java.lang.invoke.DirectMethodHandle$Holder.invokeSpecial(java.lang.Object, java.lang.Object, java.lang.Object, java.lang.Object, long)'> (0x00000000d6154e78) 
thrown [s\src\hotspot\share\interpreter\linkResolver.cpp, line 773]
Event: 4.405 Thread 0x0000014517157260 Exception <a 'java/lang/NoSuchMethodError'{0x00000000d6158a98}: 'java.lang.Object java.lang.invoke.Invokers$Holder.linkToTargetMethod(java.lang.Object, java.lang.Object, long, java.lang.Object)'> (0x00000000d6158a98) 
thrown [s\src\hotspot\share\interpreter\linkResolver.cpp, line 773]
Event: 4.413 Thread 0x0000014517157260 Exception <a 'java/lang/NoSuchMethodError'{0x00000000d61b9f58}: 'int java.lang.invoke.DirectMethodHandle$Holder.invokeStaticInit(java.lang.Object, java.lang.Object, java.lang.Object)'> (0x00000000d61b9f58) 
thrown [s\src\hotspot\share\interpreter\linkResolver.cpp, line 773]
Event: 4.423 Thread 0x0000014517157260 Exception <a 'java/lang/IncompatibleClassChangeError'{0x00000000d6275290}: Found class java.lang.Object, but interface was expected> (0x00000000d6275290) 
thrown [s\src\hotspot\share\interpreter\linkResolver.cpp, line 840]
Event: 4.427 Thread 0x0000014517157260 Exception <a 'java/lang/NoSuchMethodError'{0x00000000d62894b0}: 'java.lang.Object java.lang.invoke.DirectMethodHandle$Holder.invokeSpecial(java.lang.Object, java.lang.Object, java.lang.Object, int, java.lang.Object, java.lang.Object)'> (0x00000000d62894b0) 
thrown [s\src\hotspot\share\interpreter\linkResolver.cpp, line 773]
Event: 4.428 Thread 0x0000014517157260 Exception <a 'java/lang/NoSuchMethodError'{0x00000000d6290f40}: 'java.lang.Object java.lang.invoke.DirectMethodHandle$Holder.newInvokeSpecial(java.lang.Object, java.lang.Object, java.lang.Object, int, java.lang.Object)'> (0x00000000d6290f40) 
thrown [s\src\hotspot\share\interpreter\linkResolver.cpp, line 773]
Event: 4.428 Thread 0x0000014517157260 Exception <a 'java/lang/NoSuchMethodError'{0x00000000d6294f00}: 'java.lang.Object java.lang.invoke.DirectMethodHandle$Holder.invokeSpecial(java.lang.Object, java.lang.Object, java.lang.Object, java.lang.Object, int, java.lang.Object)'> (0x00000000d6294f00) 
thrown [s\src\hotspot\share\interpreter\linkResolver.cpp, line 773]
Event: 4.428 Thread 0x0000014517157260 Exception <a 'java/lang/NoSuchMethodError'{0x00000000d6298a40}: 'java.lang.Object java.lang.invoke.Invokers$Holder.linkToTargetMethod(java.lang.Object, java.lang.Object, int, java.lang.Object, java.lang.Object)'> (0x00000000d6298a40) 
thrown [s\src\hotspot\share\interpreter\linkResolver.cpp, line 773]
Event: 4.428 Thread 0x0000014512d94060 Exception <a 'java/lang/NoSuchMethodError'{0x00000000d61ce208}: 'java.lang.Object java.lang.invoke.DirectMethodHandle$Holder.invokeSpecial(java.lang.Object, java.lang.Object, int, java.lang.Object, java.lang.Object)'> (0x00000000d61ce208) 
thrown [s\src\hotspot\share\interpreter\linkResolver.cpp, line 773]
Event: 4.440 Thread 0x0000014517157260 Exception <a 'java/lang/NoSuchMethodError'{0x00000000d638fc10}: 'void java.lang.invoke.DirectMethodHandle$Holder.invokeSpecial(java.lang.Object, java.lang.Object, java.lang.Object, java.lang.Object, java.lang.Object)'> (0x00000000d638fc10) 
thrown [s\src\hotspot\share\interpreter\linkResolver.cpp, line 773]
Event: 4.570 Thread 0x0000014517157260 Exception <a 'java/lang/NoSuchMethodError'{0x00000000d6b3f7e0}: 'java.lang.Object java.lang.invoke.DirectMethodHandle$Holder.invokeInterface(java.lang.Object, java.lang.Object, java.lang.Object)'> (0x00000000d6b3f7e0) 
thrown [s\src\hotspot\share\interpreter\linkResolver.cpp, line 773]
Event: 4.642 Thread 0x0000014517157260 Exception <a 'java/lang/NoSuchMethodError'{0x00000000d5782bc0}: 'java.lang.Object java.lang.invoke.Invokers$Holder.linkToTargetMethod(java.lang.Object, long, java.lang.Object, java.lang.Object)'> (0x00000000d5782bc0) 
thrown [s\src\hotspot\share\interpreter\linkResolver.cpp, line 773]
Event: 4.720 Thread 0x0000014517157260 Exception <a 'java/io/FileNotFoundException'{0x00000000d5f0b8e8}> (0x00000000d5f0b8e8) 
thrown [s\src\hotspot\share\prims\jni.cpp, line 520]
Event: 4.721 Thread 0x0000014517157260 Exception <a 'java/lang/NoSuchMethodError'{0x00000000d5f140b0}: 'java.lang.Object java.lang.invoke.DirectMethodHandle$Holder.newInvokeSpecial(java.lang.Object, int, java.lang.Object, java.lang.Object)'> (0x00000000d5f140b0) 
thrown [s\src\hotspot\share\interpreter\linkResolver.cpp, line 773]

ZGC Phase Switch (0 events):
No events

VM Operations (20 events):
Event: 4.025 Executing VM operation: ParallelGCFailedAllocation (Allocation Failure)
Event: 4.030 Executing VM operation: ParallelGCFailedAllocation (Allocation Failure) done
Event: 4.036 Executing VM operation: HandshakeAllThreads (Deoptimize)
Event: 4.036 Executing VM operation: HandshakeAllThreads (Deoptimize) done
Event: 4.200 Executing VM operation: HandshakeAllThreads (Deoptimize)
Event: 4.200 Executing VM operation: HandshakeAllThreads (Deoptimize) done
Event: 4.250 Executing VM operation: HandshakeAllThreads (Deoptimize)
Event: 4.250 Executing VM operation: HandshakeAllThreads (Deoptimize) done
Event: 4.343 Executing VM operation: HandshakeAllThreads (Deoptimize)
Event: 4.343 Executing VM operation: HandshakeAllThreads (Deoptimize) done
Event: 4.491 Executing VM operation: HandshakeAllThreads (Deoptimize)
Event: 4.491 Executing VM operation: HandshakeAllThreads (Deoptimize) done
Event: 4.529 Executing VM operation: HandshakeAllThreads (Deoptimize)
Event: 4.529 Executing VM operation: HandshakeAllThreads (Deoptimize) done
Event: 4.536 Executing VM operation: HandshakeAllThreads (Deoptimize)
Event: 4.536 Executing VM operation: HandshakeAllThreads (Deoptimize) done
Event: 4.584 Executing VM operation: ICBufferFull
Event: 4.584 Executing VM operation: ICBufferFull done
Event: 4.612 Executing VM operation: ParallelGCFailedAllocation (Allocation Failure)
Event: 4.616 Executing VM operation: ParallelGCFailedAllocation (Allocation Failure) done

Memory protections (0 events):
No events

Nmethod flushes (0 events):
No events

Events (20 events):
Event: 0.169 Thread 0x00000144b8edcca0 Thread added: 0x00000144b8f4a920
Event: 0.632 Thread 0x00000144b8edcca0 Thread added: 0x00000145124f8610
Event: 0.752 Thread 0x0000014512218120 Thread added: 0x00000145125f0ef0
Event: 0.825 Thread 0x0000014512218120 Thread added: 0x0000014512645480
Event: 1.253 Thread 0x0000014512645480 Thread exited: 0x0000014512645480
Event: 1.415 Thread 0x0000014512218120 Thread added: 0x000001451705e5b0
Event: 1.683 Thread 0x00000144b8edcca0 Thread added: 0x0000014512c65060
Event: 1.978 Thread 0x00000144b8edcca0 Thread added: 0x00000145172bf360
Event: 2.017 Thread 0x00000145172bf360 Thread added: 0x0000014517156830
Event: 2.019 Thread 0x00000144b8edcca0 Thread added: 0x0000014517157260
Event: 2.370 Thread 0x0000014517157260 Thread added: 0x000001451746bfc0
Event: 2.811 Thread 0x000001451705e5b0 Thread exited: 0x000001451705e5b0
Event: 2.852 Thread 0x00000145125f0ef0 Thread exited: 0x00000145125f0ef0
Event: 3.429 Thread 0x0000014517157260 Thread added: 0x00000145175d7d50
Event: 3.617 Thread 0x0000014512218120 Thread added: 0x00000145170d3a70
Event: 3.864 Thread 0x0000014517157260 Thread added: 0x0000014512d95410
Event: 4.361 Thread 0x0000014517157260 Thread added: 0x0000014512d94d80
Event: 4.408 Thread 0x0000014517157260 Thread added: 0x0000014512d94060
Event: 4.428 Thread 0x0000014517157260 Thread added: 0x0000014512d96130
Event: 4.630 Thread 0x0000014512d96130 Thread added: 0x0000014512d95aa0


Dynamic libraries:
0x00007ff69b130000 - 0x00007ff69b13e000 	c:\Users\ayush\.vscode\extensions\redhat.java-1.46.0-win32-x64\jre\21.0.8-win32-x86_64\bin\java.exe
0x00007ffe4d460000 - 0x00007ffe4d6c9000 	C:\WINDOWS\SYSTEM32\ntdll.dll
0x00007ffe4bc70000 - 0x00007ffe4bd39000 	C:\WINDOWS\System32\KERNEL32.DLL
0x00007ffe4ab50000 - 0x00007ffe4af43000 	C:\WINDOWS\System32\KERNELBASE.dll
0x00007ffe4a890000 - 0x00007ffe4a9db000 	C:\WINDOWS\System32\ucrtbase.dll
0x00007ffe46500000 - 0x00007ffe46518000 	c:\Users\ayush\.vscode\extensions\redhat.java-1.46.0-win32-x64\jre\21.0.8-win32-x86_64\bin\jli.dll
0x00007ffe3bb30000 - 0x00007ffe3bb4e000 	c:\Users\ayush\.vscode\extensions\redhat.java-1.46.0-win32-x64\jre\21.0.8-win32-x86_64\bin\VCRUNTIME140.dll
0x00007ffe4bd40000 - 0x00007ffe4bf04000 	C:\WINDOWS\System32\USER32.dll
0x00007ffe4b0d0000 - 0x00007ffe4b0f7000 	C:\WINDOWS\System32\win32u.dll
0x00007ffe4b330000 - 0x00007ffe4b35b000 	C:\WINDOWS\System32\GDI32.dll
0x00007ffe4a5f0000 - 0x00007ffe4a71d000 	C:\WINDOWS\System32\gdi32full.dll
0x00007ffe49810000 - 0x00007ffe49aa3000 	C:\WINDOWS\WinSxS\amd64_microsoft.windows.common-controls_6595b64144ccf1df_6.0.26100.5074_none_3e0d6f78e32fd63f\COMCTL32.dll
0x00007ffe4a9e0000 - 0x00007ffe4aa83000 	C:\WINDOWS\System32\msvcp_win.dll
0x00007ffe4d290000 - 0x00007ffe4d339000 	C:\WINDOWS\System32\msvcrt.dll
0x00007ffe4ba20000 - 0x00007ffe4ba4f000 	C:\WINDOWS\System32\IMM32.DLL
0x00007ffe3a1a0000 - 0x00007ffe3a1ac000 	c:\Users\ayush\.vscode\extensions\redhat.java-1.46.0-win32-x64\jre\21.0.8-win32-x86_64\bin\vcruntime140_1.dll
0x00007ffdf5ea0000 - 0x00007ffdf5f2d000 	c:\Users\ayush\.vscode\extensions\redhat.java-1.46.0-win32-x64\jre\21.0.8-win32-x86_64\bin\msvcp140.dll
0x00007ffd5af50000 - 0x00007ffd5bce7000 	c:\Users\ayush\.vscode\extensions\redhat.java-1.46.0-win32-x64\jre\21.0.8-win32-x86_64\bin\server\jvm.dll
0x00007ffe4c3d0000 - 0x00007ffe4c484000 	C:\WINDOWS\System32\ADVAPI32.dll
0x00007ffe4bbc0000 - 0x00007ffe4bc66000 	C:\WINDOWS\System32\sechost.dll
0x00007ffe4b440000 - 0x00007ffe4b558000 	C:\WINDOWS\System32\RPCRT4.dll
0x00007ffe4c490000 - 0x00007ffe4c504000 	C:\WINDOWS\System32\WS2_32.dll
0x00007ffe4a450000 - 0x00007ffe4a4ae000 	C:\WINDOWS\SYSTEM32\POWRPROF.dll
0x00007ffe3f240000 - 0x00007ffe3f275000 	C:\WINDOWS\SYSTEM32\WINMM.dll
0x00007ffe3d020000 - 0x00007ffe3d02b000 	C:\WINDOWS\SYSTEM32\VERSION.dll
0x00007ffe4a430000 - 0x00007ffe4a444000 	C:\WINDOWS\SYSTEM32\UMPDC.dll
0x00007ffe48aa0000 - 0x00007ffe48abb000 	C:\WINDOWS\SYSTEM32\kernel.appcore.dll
0x00007ffe394c0000 - 0x00007ffe394ca000 	c:\Users\ayush\.vscode\extensions\redhat.java-1.46.0-win32-x64\jre\21.0.8-win32-x86_64\bin\jimage.dll
0x00007ffe49ee0000 - 0x00007ffe4a122000 	C:\WINDOWS\SYSTEM32\DBGHELP.DLL
0x00007ffe4c7c0000 - 0x00007ffe4cb3b000 	C:\WINDOWS\System32\combase.dll
0x00007ffe4ba60000 - 0x00007ffe4bb37000 	C:\WINDOWS\System32\OLEAUT32.dll
0x00007ffe49cb0000 - 0x00007ffe49ced000 	C:\WINDOWS\SYSTEM32\dbgcore.DLL
0x00007ffe4b190000 - 0x00007ffe4b229000 	C:\WINDOWS\System32\bcryptPrimitives.dll
0x00007ffe39430000 - 0x00007ffe3943f000 	c:\Users\ayush\.vscode\extensions\redhat.java-1.46.0-win32-x64\jre\21.0.8-win32-x86_64\bin\instrument.dll
0x00007ffe384e0000 - 0x00007ffe384ff000 	c:\Users\ayush\.vscode\extensions\redhat.java-1.46.0-win32-x64\jre\21.0.8-win32-x86_64\bin\java.dll
0x00007ffe4cb40000 - 0x00007ffe4d28d000 	C:\WINDOWS\System32\SHELL32.dll
0x00007ffe4a720000 - 0x00007ffe4a88c000 	C:\WINDOWS\System32\wintypes.dll
0x00007ffe47620000 - 0x00007ffe47e79000 	C:\WINDOWS\SYSTEM32\windows.storage.dll
0x00007ffe4b7b0000 - 0x00007ffe4b8a0000 	C:\WINDOWS\System32\SHCORE.dll
0x00007ffe4d3b0000 - 0x00007ffe4d412000 	C:\WINDOWS\System32\shlwapi.dll
0x00007ffe4a510000 - 0x00007ffe4a539000 	C:\WINDOWS\SYSTEM32\profapi.dll
0x00007ffe36a80000 - 0x00007ffe36a98000 	c:\Users\ayush\.vscode\extensions\redhat.java-1.46.0-win32-x64\jre\21.0.8-win32-x86_64\bin\zip.dll
0x00007ffe38510000 - 0x00007ffe38520000 	C:\Users\ayush\.vscode\extensions\redhat.java-1.46.0-win32-x64\jre\21.0.8-win32-x86_64\bin\net.dll
0x00007ffe3f280000 - 0x00007ffe3f39f000 	C:\WINDOWS\SYSTEM32\WINHTTP.dll
0x00007ffe48fe0000 - 0x00007ffe4904b000 	C:\WINDOWS\system32\mswsock.dll
0x00007ffe357d0000 - 0x00007ffe357e6000 	C:\Users\ayush\.vscode\extensions\redhat.java-1.46.0-win32-x64\jre\21.0.8-win32-x86_64\bin\nio.dll
0x00007ffe36b40000 - 0x00007ffe36b50000 	c:\Users\ayush\.vscode\extensions\redhat.java-1.46.0-win32-x64\jre\21.0.8-win32-x86_64\bin\verify.dll
0x00007ffe18350000 - 0x00007ffe18394000 	C:\Users\ayush\AppData\Roaming\Code\User\globalStorage\redhat.java\1.46.0\config_win\org.eclipse.equinox.launcher\org.eclipse.equinox.launcher.win32.win32.x86_64_1.2.1400.v20250801-0854\eclipse_11916.dll
0x00007ffe4b610000 - 0x00007ffe4b7a8000 	C:\WINDOWS\System32\ole32.dll
0x00007ffe4a130000 - 0x00007ffe4a14b000 	C:\WINDOWS\SYSTEM32\CRYPTSP.dll
0x00007ffe490f0000 - 0x00007ffe4912b000 	C:\WINDOWS\system32\rsaenh.dll
0x00007ffe49050000 - 0x00007ffe4907b000 	C:\WINDOWS\SYSTEM32\USERENV.dll
0x00007ffe4a4e0000 - 0x00007ffe4a506000 	C:\WINDOWS\SYSTEM32\bcrypt.dll
0x00007ffe492c0000 - 0x00007ffe492cc000 	C:\WINDOWS\SYSTEM32\CRYPTBASE.dll
0x00007ffe484e0000 - 0x00007ffe48514000 	C:\WINDOWS\SYSTEM32\IPHLPAPI.DLL
0x00007ffe4d3a0000 - 0x00007ffe4d3aa000 	C:\WINDOWS\System32\NSI.dll
0x00007ffe0a090000 - 0x00007ffe0a0d9000 	C:\Users\ayush\AppData\Local\Temp\jna-93302354\jna13610144275013953757.dll
0x00007ffe4b8b0000 - 0x00007ffe4b8b8000 	C:\WINDOWS\System32\PSAPI.DLL

JVMTI agents:
c:\Users\ayush\.vscode\extensions\redhat.java-1.46.0-win32-x64\lombok\lombok-1.18.39-4050.jar path:c:\Users\ayush\.vscode\extensions\redhat.java-1.46.0-win32-x64\jre\21.0.8-win32-x86_64\bin\instrument.dll, loaded, initialized, instrumentlib options:none

dbghelp: loaded successfully - version: 4.0.5 - missing functions: none
symbol engine: initialized successfully - sym options: 0x614 - pdb path: .;c:\Users\ayush\.vscode\extensions\redhat.java-1.46.0-win32-x64\jre\21.0.8-win32-x86_64\bin;C:\WINDOWS\SYSTEM32;C:\WINDOWS\WinSxS\amd64_microsoft.windows.common-controls_6595b64144ccf1df_6.0.26100.5074_none_3e0d6f78e32fd63f;c:\Users\ayush\.vscode\extensions\redhat.java-1.46.0-win32-x64\jre\21.0.8-win32-x86_64\bin\server;C:\Users\ayush\AppData\Roaming\Code\User\globalStorage\redhat.java\1.46.0\config_win\org.eclipse.equinox.launcher\org.eclipse.equinox.launcher.win32.win32.x86_64_1.2.1400.v20250801-0854;C:\Users\ayush\AppData\Local\Temp\jna-93302354

VM Arguments:
jvm_args: --add-modules=ALL-SYSTEM --add-opens=java.base/java.util=ALL-UNNAMED --add-opens=java.base/java.lang=ALL-UNNAMED --add-opens=java.base/sun.nio.fs=ALL-UNNAMED -Declipse.application=org.eclipse.jdt.ls.core.id1 -Dosgi.bundles.defaultStartLevel=4 -Declipse.product=org.eclipse.jdt.ls.core.product -Djava.import.generatesMetadataFilesAtProjectRoot=false -DDetectVMInstallationsJob.disabled=true -Dfile.encoding=utf8 -XX:+UseParallelGC -XX:GCTimeRatio=4 -XX:AdaptiveSizePolicyWeight=90 -Dsun.zip.disableMemoryMapping=true -Xmx2G -Xms100m -Xlog:disable -javaagent:c:\Users\ayush\.vscode\extensions\redhat.java-1.46.0-win32-x64\lombok\lombok-1.18.39-4050.jar -XX:+HeapDumpOnOutOfMemoryError -XX:HeapDumpPath=c:\Users\ayush\AppData\Roaming\Code\User\workspaceStorage\83904fdafc53460d63f83de7213c2797\redhat.java -Daether.dependencyCollector.impl=bf 
java_command: c:\Users\ayush\.vscode\extensions\redhat.java-1.46.0-win32-x64\server\plugins\org.eclipse.equinox.launcher_1.7.0.v20250519-0528.jar -configuration c:\Users\ayush\AppData\Roaming\Code\User\globalStorage\redhat.java\1.46.0\config_win -data c:\Users\ayush\AppData\Roaming\Code\User\workspaceStorage\83904fdafc53460d63f83de7213c2797\redhat.java\jdt_ws --pipe=\\.\pipe\lsp-cdb32515c5e85faa701ee0b36a7f00b8-sock
java_class_path (initial): c:\Users\ayush\.vscode\extensions\redhat.java-1.46.0-win32-x64\server\plugins\org.eclipse.equinox.launcher_1.7.0.v20250519-0528.jar
Launcher Type: SUN_STANDARD

[Global flags]
    uintx AdaptiveSizePolicyWeight                 = 90                                        {product} {command line}
     intx CICompilerCount                          = 4                                         {product} {ergonomic}
    uintx GCTimeRatio                              = 4                                         {product} {command line}
     bool HeapDumpOnOutOfMemoryError               = true                                   {manageable} {command line}
    ccstr HeapDumpPath                             = c:\Users\ayush\AppData\Roaming\Code\User\workspaceStorage\83904fdafc53460d63f83de7213c2797\redhat.java         {manageable} {command line}
   size_t InitialHeapSize                          = 104857600                                 {product} {command line}
   size_t MaxHeapSize                              = 2147483648                                {product} {command line}
   size_t MaxNewSize                               = 715653120                                 {product} {ergonomic}
   size_t MinHeapDeltaBytes                        = 524288                                    {product} {ergonomic}
   size_t MinHeapSize                              = 104857600                                 {product} {command line}
   size_t NewSize                                  = 34603008                                  {product} {ergonomic}
    uintx NonNMethodCodeHeapSize                   = 5839372                                {pd product} {ergonomic}
    uintx NonProfiledCodeHeapSize                  = 122909434                              {pd product} {ergonomic}
   size_t OldSize                                  = 70254592                                  {product} {ergonomic}
    uintx ProfiledCodeHeapSize                     = 122909434                              {pd product} {ergonomic}
    uintx ReservedCodeCacheSize                    = 251658240                              {pd product} {ergonomic}
     bool SegmentedCodeCache                       = true                                      {product} {ergonomic}
   size_t SoftMaxHeapSize                          = 2147483648                             {manageable} {ergonomic}
     bool UseCompressedOops                        = true                           {product lp64_product} {ergonomic}
     bool UseLargePagesIndividualAllocation        = false                                  {pd product} {ergonomic}
     bool UseParallelGC                            = true                                      {product} {command line}

Logging:
Log output configuration:
 #0: stdout all=off uptime,level,tags foldmultilines=false
 #1: stderr all=off uptime,level,tags foldmultilines=false

Environment Variables:
PATH=C:\Program Files\Common Files\Oracle\Java\javapath;C:\WINDOWS\system32;C:\WINDOWS;C:\WINDOWS\System32\Wbem;C:\WINDOWS\System32\WindowsPowerShell\v1.0\;C:\WINDOWS\System32\OpenSSH\;C:\Program Files\dotnet\;C:\Program Files\Git\cmd;D:\platform-tools;;C:\Program Files\Git LFS;C:\Users\ayush\AppData\Local\Programs\Python\Python312\Scripts\;C:\Users\ayush\AppData\Local\Programs\Python\Python312\;C:\Users\ayush\AppData\Local\Microsoft\WindowsApps;C:\Users\ayush\AppData\Local\GitHubDesktop\bin;C:\Users\ayush\AppData\Local\Programs\Microsoft VS Code\bin;C:\Program Files\JetBrains\IntelliJ IDEA Community Edition 2024.3.5\bin;
USERNAME=ayush
OS=Windows_NT
PROCESSOR_IDENTIFIER=AMD64 Family 23 Model 160 Stepping 0, AuthenticAMD
TMP=C:\Users\ayush\AppData\Local\Temp
TEMP=C:\Users\ayush\AppData\Local\Temp




Periodic native trim disabled

---------------  S Y S T E M  ---------------

OS:
 Windows 11 , 64 bit Build 26100 (10.0.26100.5074)
OS uptime: 7 days 2:59 hours
Hyper-V role detected

CPU: total 8 (initial active 8) (8 cores per cpu, 2 threads per core) family 23 model 160 stepping 0 microcode 0x8a0000b, cx8, cmov, fxsr, ht, mmx, 3dnowpref, sse, sse2, sse3, ssse3, sse4a, sse4.1, sse4.2, popcnt, lzcnt, tsc, tscinvbit, avx, avx2, aes, clmul, bmi1, bmi2, adx, sha, fma, vzeroupper, clflush, clflushopt, hv, rdtscp, rdpid, f16c
Processor Information for the first 8 processors :
  Max Mhz: 2801, Current Mhz: 2801, Mhz Limit: 2801

Memory: 4k page, system-wide physical 7379M (602M free)
TotalPageFile size 19232M (AvailPageFile size 0M)
current process WorkingSet (physical memory assigned to process): 138M, peak: 138M
current process commit charge ("private bytes"): 273M, peak: 273M

vm_info: OpenJDK 64-Bit Server VM (21.0.8+9-LTS) for windows-amd64 JRE (21.0.8+9-LTS), built on 2025-07-15T00:00:00Z by "admin" with MS VC++ 17.7 (VS2022)

END.
