#
# There is insufficient memory for the Java Runtime Environment to continue.
# Native memory allocation (malloc) failed to allocate 1890096 bytes. Error detail: Chunk::new
# Possible reasons:
#   The system is out of physical RAM or swap space
#   This process is running with CompressedOops enabled, and the Java Heap may be blocking the growth of the native heap
# Possible solutions:
#   Reduce memory load on the system
#   Increase physical memory or swap space
#   Check if swap backing store is full
#   Decrease Java heap size (-Xmx/-Xms)
#   Decrease number of Java threads
#   Decrease Java thread stack sizes (-Xss)
#   Set larger code cache with -XX:ReservedCodeCacheSize=
#   JVM is running with Unscaled Compressed Oops mode in which the Java heap is
#     placed in the first 4GB address space. The Java Heap base address is the
#     maximum limit for the native heap growth. Please use -XX:HeapBaseMinAddress
#     to set the Java Heap base and to place the Java Heap above 4GB virtual address.
# This output file may be truncated or incomplete.
#
#  Out of Memory Error (arena.cpp:168), pid=10684, tid=9132
#
# JRE version: OpenJDK Runtime Environment Temurin-21.0.8+9 (21.0.8+9) (build 21.0.8+9-LTS)
# Java VM: OpenJDK 64-Bit Server VM Temurin-21.0.8+9 (21.0.8+9-LTS, mixed mode, sharing, tiered, compressed oops, compressed class ptrs, parallel gc, windows-amd64)
# No core dump will be written. Minidumps are not enabled by default on client versions of Windows
#

---------------  S U M M A R Y ------------

Command Line: --add-modules=ALL-SYSTEM --add-opens=java.base/java.util=ALL-UNNAMED --add-opens=java.base/java.lang=ALL-UNNAMED --add-opens=java.base/sun.nio.fs=ALL-UNNAMED -Declipse.application=org.eclipse.jdt.ls.core.id1 -Dosgi.bundles.defaultStartLevel=4 -Declipse.product=org.eclipse.jdt.ls.core.product -Djava.import.generatesMetadataFilesAtProjectRoot=false -DDetectVMInstallationsJob.disabled=true -Dfile.encoding=utf8 -XX:+UseParallelGC -XX:GCTimeRatio=4 -XX:AdaptiveSizePolicyWeight=90 -Dsun.zip.disableMemoryMapping=true -Xmx2G -Xms100m -Xlog:disable -javaagent:c:\Users\ayush\.vscode\extensions\redhat.java-1.46.0-win32-x64\lombok\lombok-1.18.39-4050.jar -XX:+HeapDumpOnOutOfMemoryError -XX:HeapDumpPath=c:\Users\ayush\AppData\Roaming\Code\User\workspaceStorage\83904fdafc53460d63f83de7213c2797\redhat.java -Daether.dependencyCollector.impl=bf c:\Users\ayush\.vscode\extensions\redhat.java-1.46.0-win32-x64\server\plugins\org.eclipse.equinox.launcher_1.7.0.v20250519-0528.jar -configuration c:\Users\ayush\AppData\Roaming\Code\User\globalStorage\redhat.java\1.46.0\config_win -data c:\Users\ayush\AppData\Roaming\Code\User\workspaceStorage\83904fdafc53460d63f83de7213c2797\redhat.java\jdt_ws --pipe=\\.\pipe\lsp-b7483d4a765db8ea1de165b2e11e647f-sock

Host: AMD Ryzen 5 7520U with Radeon Graphics         , 8 cores, 7G,  Windows 11 , 64 bit Build 26100 (10.0.26100.5074)
Time: Sun Oct  5 15:51:27 2025 India Standard Time elapsed time: 33.365812 seconds (0d 0h 0m 33s)

---------------  T H R E A D  ---------------

Current thread (0x0000029c1aadf2f0):  JavaThread "C2 CompilerThread1" daemon [_thread_in_native, id=9132, stack(0x000000c859300000,0x000000c859400000) (1024K)]


Current CompileTask:
C2:33365 8962 % !   4       org.eclipse.jdt.internal.compiler.classfmt.ClassFileReader::<init> @ 81 (1968 bytes)

Stack: [0x000000c859300000,0x000000c859400000]
Native frames: (J=compiled Java code, j=interpreted, Vv=VM code, C=native code)
V  [jvm.dll+0x6d2449]
V  [jvm.dll+0x8ae341]
V  [jvm.dll+0x8b08be]
V  [jvm.dll+0x8b0fa3]
V  [jvm.dll+0x280c96]
V  [jvm.dll+0xc581d]
V  [jvm.dll+0xc5d53]
V  [jvm.dll+0x3b9162]
V  [jvm.dll+0x385315]
V  [jvm.dll+0x38477a]
V  [jvm.dll+0x248ed0]
V  [jvm.dll+0x2484af]
V  [jvm.dll+0x1c89ee]
V  [jvm.dll+0x257d4d]
V  [jvm.dll+0x2562ea]
V  [jvm.dll+0x3f2d16]
V  [jvm.dll+0x857e6b]
V  [jvm.dll+0x6d0b0d]
C  [ucrtbase.dll+0x37b0]
C  [KERNEL32.DLL+0x2e8d7]
C  [ntdll.dll+0x8d9c]


---------------  P R O C E S S  ---------------

Threads class SMR info:
_java_thread_list=0x0000029c7a0df490, length=56, elements={
0x0000029c1ab4c6d0, 0x0000029c1aabdd70, 0x0000029c1aabfd30, 0x0000029c1aac7210,
0x0000029c1aac3d90, 0x0000029c1aac5140, 0x0000029c1aac57d0, 0x0000029c1aad8780,
0x0000029c1aae0760, 0x0000029c1aac4420, 0x0000029c1aac5e60, 0x0000029c78a3ff80,
0x0000029c78a3cb00, 0x0000029c78a40610, 0x0000029c78a3ebd0, 0x0000029c78a419c0,
0x0000029c78a3f260, 0x0000029c78a3d190, 0x0000029c78a3f8f0, 0x0000029c78a40ca0,
0x0000029c78a3deb0, 0x0000029c78a3e540, 0x0000029c78a43a90, 0x0000029c78a42050,
0x0000029c78a44120, 0x0000029c78a426e0, 0x0000029c78a42d70, 0x0000029c78a43400,
0x0000029c1aac6b80, 0x0000029c1aac4ab0, 0x0000029c1aac64f0, 0x0000029c790805e0,
0x0000029c7907d160, 0x0000029c7907f230, 0x0000029c79080c70, 0x0000029c7907d7f0,
0x0000029c79081300, 0x0000029c7907de80, 0x0000029c7907e510, 0x0000029c7907eba0,
0x0000029c7907ff50, 0x0000029c790826b0, 0x0000029c79082d40, 0x0000029c7907f8c0,
0x0000029c790840f0, 0x0000029c79084780, 0x0000029c790833d0, 0x0000029c1aadf2f0,
0x0000029c1aae1500, 0x0000029c79534a40, 0x0000029c795350d0, 0x0000029c79533000,
0x0000029c79533d20, 0x0000029c79535760, 0x0000029c79537830, 0x0000029c79536480
}

Java Threads: ( => current thread )
  0x0000029c1ab4c6d0 JavaThread "main"                              [_thread_blocked, id=26980, stack(0x000000c855700000,0x000000c855800000) (1024K)]
  0x0000029c1aabdd70 JavaThread "Reference Handler"          daemon [_thread_blocked, id=5796, stack(0x000000c855b00000,0x000000c855c00000) (1024K)]
  0x0000029c1aabfd30 JavaThread "Finalizer"                  daemon [_thread_blocked, id=16696, stack(0x000000c855c00000,0x000000c855d00000) (1024K)]
  0x0000029c1aac7210 JavaThread "Signal Dispatcher"          daemon [_thread_blocked, id=3692, stack(0x000000c855d00000,0x000000c855e00000) (1024K)]
  0x0000029c1aac3d90 JavaThread "Attach Listener"            daemon [_thread_blocked, id=17724, stack(0x000000c855e00000,0x000000c855f00000) (1024K)]
  0x0000029c1aac5140 JavaThread "Service Thread"             daemon [_thread_blocked, id=26304, stack(0x000000c855f00000,0x000000c856000000) (1024K)]
  0x0000029c1aac57d0 JavaThread "Monitor Deflation Thread"   daemon [_thread_blocked, id=22196, stack(0x000000c856000000,0x000000c856100000) (1024K)]
  0x0000029c1aad8780 JavaThread "C2 CompilerThread0"         daemon [_thread_in_native, id=7464, stack(0x000000c856100000,0x000000c856200000) (1024K)]
  0x0000029c1aae0760 JavaThread "C1 CompilerThread0"         daemon [_thread_blocked, id=27908, stack(0x000000c856200000,0x000000c856300000) (1024K)]
  0x0000029c1aac4420 JavaThread "Common-Cleaner"             daemon [_thread_blocked, id=18796, stack(0x000000c856300000,0x000000c856400000) (1024K)]
  0x0000029c1aac5e60 JavaThread "Notification Thread"        daemon [_thread_blocked, id=11432, stack(0x000000c856500000,0x000000c856600000) (1024K)]
  0x0000029c78a3ff80 JavaThread "Active Thread: Equinox Container: 5e3a5dd6-487e-403f-a98e-dfdaa35ee2c9"        [_thread_blocked, id=10732, stack(0x000000c857300000,0x000000c857400000) (1024K)]
  0x0000029c78a3cb00 JavaThread "Framework Event Dispatcher: Equinox Container: 5e3a5dd6-487e-403f-a98e-dfdaa35ee2c9" daemon [_thread_blocked, id=20184, stack(0x000000c856400000,0x000000c856500000) (1024K)]
  0x0000029c78a40610 JavaThread "Start Level: Equinox Container: 5e3a5dd6-487e-403f-a98e-dfdaa35ee2c9" daemon [_thread_blocked, id=21336, stack(0x000000c856c00000,0x000000c856d00000) (1024K)]
  0x0000029c78a3ebd0 JavaThread "Refresh Thread: Equinox Container: 5e3a5dd6-487e-403f-a98e-dfdaa35ee2c9" daemon [_thread_blocked, id=11360, stack(0x000000c857600000,0x000000c857700000) (1024K)]
  0x0000029c78a419c0 JavaThread "Bundle File Closer"         daemon [_thread_blocked, id=7304, stack(0x000000c857900000,0x000000c857a00000) (1024K)]
  0x0000029c78a3f260 JavaThread "SCR Component Actor"        daemon [_thread_blocked, id=19400, stack(0x000000c856d00000,0x000000c856e00000) (1024K)]
  0x0000029c78a3d190 JavaThread "Worker-JM"                         [_thread_blocked, id=28244, stack(0x000000c856e00000,0x000000c856f00000) (1024K)]
  0x0000029c78a3f8f0 JavaThread "Worker-0"                          [_thread_blocked, id=26064, stack(0x000000c856f00000,0x000000c857000000) (1024K)]
  0x0000029c78a40ca0 JavaThread "Worker-1"                          [_thread_blocked, id=7496, stack(0x000000c857000000,0x000000c857100000) (1024K)]
  0x0000029c78a3deb0 JavaThread "Java indexing"              daemon [_thread_in_vm, id=3952, stack(0x000000c857200000,0x000000c857300000) (1024K)]
  0x0000029c78a3e540 JavaThread "Worker-2"                          [_thread_blocked, id=26528, stack(0x000000c857700000,0x000000c857800000) (1024K)]
  0x0000029c78a43a90 JavaThread "Worker-3"                          [_thread_blocked, id=19352, stack(0x000000c857800000,0x000000c857900000) (1024K)]
  0x0000029c78a42050 JavaThread "JNA Cleaner"                daemon [_thread_blocked, id=19664, stack(0x000000c857a00000,0x000000c857b00000) (1024K)]
  0x0000029c78a44120 JavaThread "Worker-4: Java indexing... "        [_thread_blocked, id=24336, stack(0x000000c857d00000,0x000000c857e00000) (1024K)]
  0x0000029c78a426e0 JavaThread "Worker-5: Initialize workspace"        [_thread_blocked, id=22272, stack(0x000000c857e00000,0x000000c857f00000) (1024K)]
  0x0000029c78a42d70 JavaThread "Thread-1"                   daemon [_thread_in_native, id=8776, stack(0x000000c857f00000,0x000000c858000000) (1024K)]
  0x0000029c78a43400 JavaThread "Thread-2"                   daemon [_thread_in_native, id=11112, stack(0x000000c858000000,0x000000c858100000) (1024K)]
  0x0000029c1aac6b80 JavaThread "Thread-3"                   daemon [_thread_in_native, id=16964, stack(0x000000c858100000,0x000000c858200000) (1024K)]
  0x0000029c1aac4ab0 JavaThread "Thread-4"                   daemon [_thread_in_native, id=18000, stack(0x000000c858200000,0x000000c858300000) (1024K)]
  0x0000029c1aac64f0 JavaThread "Thread-5"                   daemon [_thread_in_native, id=20924, stack(0x000000c858300000,0x000000c858400000) (1024K)]
  0x0000029c790805e0 JavaThread "Thread-6"                   daemon [_thread_in_native, id=16468, stack(0x000000c858400000,0x000000c858500000) (1024K)]
  0x0000029c7907d160 JavaThread "Thread-7"                   daemon [_thread_in_native, id=10052, stack(0x000000c858500000,0x000000c858600000) (1024K)]
  0x0000029c7907f230 JavaThread "Thread-8"                   daemon [_thread_in_native, id=23332, stack(0x000000c858600000,0x000000c858700000) (1024K)]
  0x0000029c79080c70 JavaThread "Thread-9"                   daemon [_thread_in_native, id=16656, stack(0x000000c858700000,0x000000c858800000) (1024K)]
  0x0000029c7907d7f0 JavaThread "pool-2-thread-1"                   [_thread_blocked, id=24572, stack(0x000000c858800000,0x000000c858900000) (1024K)]
  0x0000029c79081300 JavaThread "WorkspaceEventsHandler"            [_thread_blocked, id=10136, stack(0x000000c858900000,0x000000c858a00000) (1024K)]
  0x0000029c7907de80 JavaThread "pool-1-thread-1"                   [_thread_blocked, id=9932, stack(0x000000c858a00000,0x000000c858b00000) (1024K)]
  0x0000029c7907e510 JavaThread "Keep-Alive-Timer"           daemon [_thread_blocked, id=13544, stack(0x000000c858c00000,0x000000c858d00000) (1024K)]
  0x0000029c7907eba0 JavaThread "Equinox resolver thread - Equinox Container: 5e3a5dd6-487e-403f-a98e-dfdaa35ee2c9" daemon [_thread_blocked, id=26852, stack(0x000000c857100000,0x000000c857200000) (1024K)]
  0x0000029c7907ff50 JavaThread "Equinox resolver thread - Equinox Container: 5e3a5dd6-487e-403f-a98e-dfdaa35ee2c9" daemon [_thread_blocked, id=22000, stack(0x000000c857500000,0x000000c857600000) (1024K)]
  0x0000029c790826b0 JavaThread "Equinox resolver thread - Equinox Container: 5e3a5dd6-487e-403f-a98e-dfdaa35ee2c9" daemon [_thread_blocked, id=27408, stack(0x000000c858d00000,0x000000c858e00000) (1024K)]
  0x0000029c79082d40 JavaThread "Equinox resolver thread - Equinox Container: 5e3a5dd6-487e-403f-a98e-dfdaa35ee2c9" daemon [_thread_blocked, id=2676, stack(0x000000c858e00000,0x000000c858f00000) (1024K)]
  0x0000029c7907f8c0 JavaThread "Equinox resolver thread - Equinox Container: 5e3a5dd6-487e-403f-a98e-dfdaa35ee2c9" daemon [_thread_blocked, id=10544, stack(0x000000c858f00000,0x000000c859000000) (1024K)]
  0x0000029c790840f0 JavaThread "Equinox resolver thread - Equinox Container: 5e3a5dd6-487e-403f-a98e-dfdaa35ee2c9" daemon [_thread_blocked, id=27804, stack(0x000000c859000000,0x000000c859100000) (1024K)]
  0x0000029c79084780 JavaThread "Equinox resolver thread - Equinox Container: 5e3a5dd6-487e-403f-a98e-dfdaa35ee2c9" daemon [_thread_blocked, id=8412, stack(0x000000c859100000,0x000000c859200000) (1024K)]
  0x0000029c790833d0 JavaThread "Equinox resolver thread - Equinox Container: 5e3a5dd6-487e-403f-a98e-dfdaa35ee2c9" daemon [_thread_blocked, id=10436, stack(0x000000c859200000,0x000000c859300000) (1024K)]
=>0x0000029c1aadf2f0 JavaThread "C2 CompilerThread1"         daemon [_thread_in_native, id=9132, stack(0x000000c859300000,0x000000c859400000) (1024K)]
  0x0000029c1aae1500 JavaThread "C2 CompilerThread2"         daemon [_thread_in_native, id=26324, stack(0x000000c859400000,0x000000c859500000) (1024K)]
  0x0000029c79534a40 JavaThread "Worker-6: Building"                [_thread_in_native, id=19460, stack(0x000000c859500000,0x000000c859600000) (1024K)]
  0x0000029c795350d0 JavaThread "Compiler Source File Reader" daemon [_thread_blocked, id=26584, stack(0x000000c859600000,0x000000c859700000) (1024K)]
  0x0000029c79533000 JavaThread "Compiler Source File Reader" daemon [_thread_blocked, id=18596, stack(0x000000c859700000,0x000000c859800000) (1024K)]
  0x0000029c79533d20 JavaThread "Compiler Source File Reader" daemon [_thread_in_native, id=1296, stack(0x000000c859800000,0x000000c859900000) (1024K)]
  0x0000029c79535760 JavaThread "Compiler Source File Reader" daemon [_thread_in_native, id=20372, stack(0x000000c859900000,0x000000c859a00000) (1024K)]
  0x0000029c79537830 JavaThread "Compiler Source File Reader" daemon [_thread_blocked, id=18200, stack(0x000000c859a00000,0x000000c859b00000) (1024K)]
  0x0000029c79536480 JavaThread "Compiler Source File Reader" daemon [_thread_in_native, id=23796, stack(0x000000c859b00000,0x000000c859c00000) (1024K)]
Total: 56

Other Threads:
  0x0000029c1aa9fb10 VMThread "VM Thread"                           [id=17564, stack(0x000000c855a00000,0x000000c855b00000) (1024K)]
  0x0000029c1a9dca00 WatcherThread "VM Periodic Task Thread"        [id=26668, stack(0x000000c855900000,0x000000c855a00000) (1024K)]
  0x0000029c1ab6b4c0 WorkerThread "GC Thread#0"                     [id=23728, stack(0x000000c855800000,0x000000c855900000) (1024K)]
  0x0000029c78968240 WorkerThread "GC Thread#1"                     [id=5960, stack(0x000000c856600000,0x000000c856700000) (1024K)]
  0x0000029c789689e0 WorkerThread "GC Thread#2"                     [id=27380, stack(0x000000c856700000,0x000000c856800000) (1024K)]
  0x0000029c78968d80 WorkerThread "GC Thread#3"                     [id=11592, stack(0x000000c856800000,0x000000c856900000) (1024K)]
  0x0000029c78969120 WorkerThread "GC Thread#4"                     [id=19592, stack(0x000000c856900000,0x000000c856a00000) (1024K)]
  0x0000029c783571a0 WorkerThread "GC Thread#5"                     [id=23564, stack(0x000000c856a00000,0x000000c856b00000) (1024K)]
  0x0000029c78357540 WorkerThread "GC Thread#6"                     [id=17524, stack(0x000000c856b00000,0x000000c856c00000) (1024K)]
  0x0000029c78a506d0 WorkerThread "GC Thread#7"                     [id=22996, stack(0x000000c857400000,0x000000c857500000) (1024K)]
Total: 10

Threads with active compile tasks:
C2 CompilerThread0  33397 9156 %     4       java.io.DataOutputStream::writeUTF @ 165 (389 bytes)
C2 CompilerThread1  33397 8962 % !   4       org.eclipse.jdt.internal.compiler.classfmt.ClassFileReader::<init> @ 81 (1968 bytes)
C2 CompilerThread2  33397 9073 %     4       org.eclipse.jdt.internal.core.search.indexing.BinaryIndexer::extractReferenceFromConstantPool @ 15 (358 bytes)
Total: 3

VM state: not at safepoint (normal execution)

VM Mutex/Monitor currently owned by a thread: None

Heap address: 0x0000000080000000, size: 2048 MB, Compressed Oops mode: 32-bit

CDS archive(s) mapped at: [0x0000029c32000000-0x0000029c32ba0000-0x0000029c32ba0000), size 12189696, SharedBaseAddress: 0x0000029c32000000, ArchiveRelocationMode: 1.
Compressed class space mapped at: 0x0000029c33000000-0x0000029c73000000, reserved size: 1073741824
Narrow klass base: 0x0000029c32000000, Narrow klass shift: 0, Narrow klass range: 0x100000000

GC Precious Log:
 CardTable entry size: 512
 CPUs: 8 total, 8 available
 Memory: 7379M
 Large Page Support: Disabled
 NUMA Support: Disabled
 Compressed Oops: Enabled (32-bit)
 Alignments: Space 512K, Generation 512K, Heap 2M
 Heap Min Capacity: 100M
 Heap Initial Capacity: 100M
 Heap Max Capacity: 2G
 Pre-touch: Disabled
 Parallel Workers: 8

Heap:
 PSYoungGen      total 24576K, used 20204K [0x00000000d5580000, 0x00000000d7380000, 0x0000000100000000)
  eden space 19968K, 78% used [0x00000000d5580000,0x00000000d64cc8f8,0x00000000d6900000)
  from space 4608K, 98% used [0x00000000d6e00000,0x00000000d726e948,0x00000000d7280000)
  to   space 5120K, 0% used [0x00000000d6900000,0x00000000d6900000,0x00000000d6e00000)
 ParOldGen       total 68608K, used 58230K [0x0000000080000000, 0x0000000084300000, 0x00000000d5580000)
  object space 68608K, 84% used [0x0000000080000000,0x00000000838dd9d0,0x0000000084300000)
 Metaspace       used 60676K, committed 61952K, reserved 1114112K
  class space    used 6562K, committed 7168K, reserved 1048576K

Card table byte_map: [0x0000029c1a4f0000,0x0000029c1a900000] _byte_map_base: 0x0000029c1a0f0000

Marking Bits: (ParMarkBitMap*) 0x00007ffd5bc0a340
 Begin Bits: [0x0000029c2cff0000, 0x0000029c2eff0000)
 End Bits:   [0x0000029c2eff0000, 0x0000029c30ff0000)

Polling page: 0x0000029c189b0000

Metaspace:

Usage:
  Non-class:     52.85 MB used.
      Class:      6.41 MB used.
       Both:     59.25 MB used.

Virtual space:
  Non-class space:       64.00 MB reserved,      53.50 MB ( 84%) committed,  1 nodes.
      Class space:        1.00 GB reserved,       7.00 MB ( <1%) committed,  1 nodes.
             Both:        1.06 GB reserved,      60.50 MB (  6%) committed. 

Chunk freelists:
   Non-Class:  9.56 MB
       Class:  8.98 MB
        Both:  18.54 MB

MaxMetaspaceSize: unlimited
CompressedClassSpaceSize: 1.00 GB
Initial GC threshold: 21.00 MB
Current GC threshold: 97.31 MB
CDS: on
 - commit_granule_bytes: 65536.
 - commit_granule_words: 8192.
 - virtual_space_node_default_size: 8388608.
 - enlarge_chunks_in_place: 1.
 - use_allocation_guard: 0.


Internal statistics:

num_allocs_failed_limit: 9.
num_arena_births: 934.
num_arena_deaths: 24.
num_vsnodes_births: 2.
num_vsnodes_deaths: 0.
num_space_committed: 968.
num_space_uncommitted: 0.
num_chunks_returned_to_freelist: 36.
num_chunks_taken_from_freelist: 3447.
num_chunk_merges: 13.
num_chunk_splits: 2161.
num_chunks_enlarged: 1298.
num_inconsistent_stats: 0.

CodeHeap 'non-profiled nmethods': size=120000Kb used=5709Kb max_used=5709Kb free=114290Kb
 bounds [0x0000029c25810000, 0x0000029c25db0000, 0x0000029c2cd40000]
CodeHeap 'profiled nmethods': size=120000Kb used=17345Kb max_used=17482Kb free=102654Kb
 bounds [0x0000029c1dd40000, 0x0000029c1ee60000, 0x0000029c25270000]
CodeHeap 'non-nmethods': size=5760Kb used=1453Kb max_used=1521Kb free=4306Kb
 bounds [0x0000029c25270000, 0x0000029c254e0000, 0x0000029c25810000]
CodeCache: size=245760Kb, used=24507Kb, max_used=24712Kb, free=221250Kb
 total_blobs=9064, nmethods=8297, adapters=673, full_count=0
Compilation: enabled, stopped_count=0, restarted_count=0

Compilation events (20 events):
Event: 33.282 Thread 0x0000029c1aae0760 9140       3       org.eclipse.jdt.internal.compiler.util.Util::scanClassTypeSignature (109 bytes)
Event: 33.282 Thread 0x0000029c1aae0760 nmethod 9140 0x0000029c1e342090 code [0x0000029c1e342300, 0x0000029c1e342c40]
Event: 33.283 Thread 0x0000029c1aae0760 9141       3       java.lang.AbstractStringBuilder::append (22 bytes)
Event: 33.283 Thread 0x0000029c1aae0760 nmethod 9141 0x0000029c1e341c10 code [0x0000029c1e341dc0, 0x0000029c1e341f68]
Event: 33.293 Thread 0x0000029c1aad8780 nmethod 9109 0x0000029c25d99c10 code [0x0000029c25d99e00, 0x0000029c25d9ac30]
Event: 33.293 Thread 0x0000029c1aad8780 9072 %     4       org.eclipse.jdt.core.compiler.CharOperation::concatWith @ 78 (127 bytes)
Event: 33.296 Thread 0x0000029c1aad8780 nmethod 9072% 0x0000029c25d9b190 code [0x0000029c25d9b340, 0x0000029c25d9b608]
Event: 33.296 Thread 0x0000029c1aad8780 9083       4       org.eclipse.jdt.internal.core.search.indexing.AbstractIndexer::addMethodDeclaration (105 bytes)
Event: 33.300 Thread 0x0000029c1aae0760 9142       3       org.eclipse.core.internal.resources.MarkerManager$$Lambda/0x0000029c336137d8::visitElement (19 bytes)
Event: 33.301 Thread 0x0000029c1aae0760 nmethod 9142 0x0000029c1e341810 code [0x0000029c1e3419c0, 0x0000029c1e341b30]
Event: 33.301 Thread 0x0000029c1aae0760 9146       3       org.eclipse.jdt.internal.compiler.classfmt.MethodInfo::createMethod (710 bytes)
Event: 33.304 Thread 0x0000029c1aae0760 nmethod 9146 0x0000029c1e1fe890 code [0x0000029c1e1fed60, 0x0000029c1e201970]
Event: 33.304 Thread 0x0000029c1aae0760 9143       3       org.eclipse.core.internal.resources.MarkerManager::lambda$2 (26 bytes)
Event: 33.304 Thread 0x0000029c1aae0760 nmethod 9143 0x0000029c1e341290 code [0x0000029c1e341460, 0x0000029c1e341728]
Event: 33.304 Thread 0x0000029c1aae0760 9144       3       org.eclipse.core.internal.resources.MarkerManager::basicRemoveMarkers (209 bytes)
Event: 33.305 Thread 0x0000029c1aae0760 nmethod 9144 0x0000029c1e33f390 code [0x0000029c1e33f6a0, 0x0000029c1e340ae0]
Event: 33.320 Thread 0x0000029c1aad8780 nmethod 9083 0x0000029c25d9b810 code [0x0000029c25d9ba80, 0x0000029c25d9c890]
Event: 33.320 Thread 0x0000029c1aad8780 9076       4       org.eclipse.jdt.internal.compiler.classfmt.MethodInfo::decodeLocalVariableAttribute (158 bytes)
Event: 33.363 Thread 0x0000029c1aae0760 9148       3       java.nio.HeapCharBuffer::<init> (21 bytes)
Event: 33.363 Thread 0x0000029c1aae0760 nmethod 9148 0x0000029c1e33ee90 code [0x0000029c1e33f040, 0x0000029c1e33f258]

GC Heap History (20 events):
Event: 31.427 GC heap before
{Heap before GC invocations=36 (full 2):
 PSYoungGen      total 24576K, used 21774K [0x00000000d5580000, 0x00000000d7080000, 0x0000000100000000)
  eden space 20992K, 100% used [0x00000000d5580000,0x00000000d6a00000,0x00000000d6a00000)
  from space 3584K, 21% used [0x00000000d6b00000,0x00000000d6bc38d8,0x00000000d6e80000)
  to   space 1536K, 0% used [0x00000000d6f00000,0x00000000d6f00000,0x00000000d7080000)
 ParOldGen       total 68608K, used 49051K [0x0000000080000000, 0x0000000084300000, 0x00000000d5580000)
  object space 68608K, 71% used [0x0000000080000000,0x0000000082fe6ff0,0x0000000084300000)
 Metaspace       used 56996K, committed 58176K, reserved 1114112K
  class space    used 6228K, committed 6784K, reserved 1048576K
}
Event: 31.431 GC heap after
{Heap after GC invocations=36 (full 2):
 PSYoungGen      total 22528K, used 1526K [0x00000000d5580000, 0x00000000d7400000, 0x0000000100000000)
  eden space 20992K, 0% used [0x00000000d5580000,0x00000000d5580000,0x00000000d6a00000)
  from space 1536K, 99% used [0x00000000d6f00000,0x00000000d707da78,0x00000000d7080000)
  to   space 5120K, 0% used [0x00000000d6a00000,0x00000000d6a00000,0x00000000d6f00000)
 ParOldGen       total 68608K, used 51581K [0x0000000080000000, 0x0000000084300000, 0x00000000d5580000)
  object space 68608K, 75% used [0x0000000080000000,0x000000008325f728,0x0000000084300000)
 Metaspace       used 56996K, committed 58176K, reserved 1114112K
  class space    used 6228K, committed 6784K, reserved 1048576K
}
Event: 31.532 GC heap before
{Heap before GC invocations=37 (full 2):
 PSYoungGen      total 22528K, used 22518K [0x00000000d5580000, 0x00000000d7400000, 0x0000000100000000)
  eden space 20992K, 100% used [0x00000000d5580000,0x00000000d6a00000,0x00000000d6a00000)
  from space 1536K, 99% used [0x00000000d6f00000,0x00000000d707da78,0x00000000d7080000)
  to   space 5120K, 0% used [0x00000000d6a00000,0x00000000d6a00000,0x00000000d6f00000)
 ParOldGen       total 68608K, used 51581K [0x0000000080000000, 0x0000000084300000, 0x00000000d5580000)
  object space 68608K, 75% used [0x0000000080000000,0x000000008325f728,0x0000000084300000)
 Metaspace       used 57070K, committed 58240K, reserved 1114112K
  class space    used 6231K, committed 6784K, reserved 1048576K
}
Event: 31.535 GC heap after
{Heap after GC invocations=37 (full 2):
 PSYoungGen      total 22528K, used 1517K [0x00000000d5580000, 0x00000000d6f80000, 0x0000000100000000)
  eden space 20992K, 0% used [0x00000000d5580000,0x00000000d5580000,0x00000000d6a00000)
  from space 1536K, 98% used [0x00000000d6a00000,0x00000000d6b7b6c8,0x00000000d6b80000)
  to   space 2560K, 0% used [0x00000000d6d00000,0x00000000d6d00000,0x00000000d6f80000)
 ParOldGen       total 68608K, used 53070K [0x0000000080000000, 0x0000000084300000, 0x00000000d5580000)
  object space 68608K, 77% used [0x0000000080000000,0x00000000833d3b38,0x0000000084300000)
 Metaspace       used 57070K, committed 58240K, reserved 1114112K
  class space    used 6231K, committed 6784K, reserved 1048576K
}
Event: 31.652 GC heap before
{Heap before GC invocations=38 (full 2):
 PSYoungGen      total 22528K, used 22509K [0x00000000d5580000, 0x00000000d6f80000, 0x0000000100000000)
  eden space 20992K, 100% used [0x00000000d5580000,0x00000000d6a00000,0x00000000d6a00000)
  from space 1536K, 98% used [0x00000000d6a00000,0x00000000d6b7b6c8,0x00000000d6b80000)
  to   space 2560K, 0% used [0x00000000d6d00000,0x00000000d6d00000,0x00000000d6f80000)
 ParOldGen       total 68608K, used 53070K [0x0000000080000000, 0x0000000084300000, 0x00000000d5580000)
  object space 68608K, 77% used [0x0000000080000000,0x00000000833d3b38,0x0000000084300000)
 Metaspace       used 57725K, committed 58944K, reserved 1114112K
  class space    used 6290K, committed 6848K, reserved 1048576K
}
Event: 31.654 GC heap after
{Heap after GC invocations=38 (full 2):
 PSYoungGen      total 23552K, used 2126K [0x00000000d5580000, 0x00000000d6f80000, 0x0000000100000000)
  eden space 20992K, 0% used [0x00000000d5580000,0x00000000d5580000,0x00000000d6a00000)
  from space 2560K, 83% used [0x00000000d6d00000,0x00000000d6f13920,0x00000000d6f80000)
  to   space 2560K, 0% used [0x00000000d6a80000,0x00000000d6a80000,0x00000000d6d00000)
 ParOldGen       total 68608K, used 53966K [0x0000000080000000, 0x0000000084300000, 0x00000000d5580000)
  object space 68608K, 78% used [0x0000000080000000,0x00000000834b3818,0x0000000084300000)
 Metaspace       used 57725K, committed 58944K, reserved 1114112K
  class space    used 6290K, committed 6848K, reserved 1048576K
}
Event: 31.840 GC heap before
{Heap before GC invocations=39 (full 2):
 PSYoungGen      total 23552K, used 23118K [0x00000000d5580000, 0x00000000d6f80000, 0x0000000100000000)
  eden space 20992K, 100% used [0x00000000d5580000,0x00000000d6a00000,0x00000000d6a00000)
  from space 2560K, 83% used [0x00000000d6d00000,0x00000000d6f13920,0x00000000d6f80000)
  to   space 2560K, 0% used [0x00000000d6a80000,0x00000000d6a80000,0x00000000d6d00000)
 ParOldGen       total 68608K, used 53966K [0x0000000080000000, 0x0000000084300000, 0x00000000d5580000)
  object space 68608K, 78% used [0x0000000080000000,0x00000000834b3818,0x0000000084300000)
 Metaspace       used 58422K, committed 59584K, reserved 1114112K
  class space    used 6350K, committed 6912K, reserved 1048576K
}
Event: 31.847 GC heap after
{Heap after GC invocations=39 (full 2):
 PSYoungGen      total 23552K, used 2535K [0x00000000d5580000, 0x00000000d7700000, 0x0000000100000000)
  eden space 20992K, 0% used [0x00000000d5580000,0x00000000d5580000,0x00000000d6a00000)
  from space 2560K, 99% used [0x00000000d6a80000,0x00000000d6cf9cd8,0x00000000d6d00000)
  to   space 6656K, 0% used [0x00000000d7080000,0x00000000d7080000,0x00000000d7700000)
 ParOldGen       total 68608K, used 57243K [0x0000000080000000, 0x0000000084300000, 0x00000000d5580000)
  object space 68608K, 83% used [0x0000000080000000,0x00000000837e6cd8,0x0000000084300000)
 Metaspace       used 58422K, committed 59584K, reserved 1114112K
  class space    used 6350K, committed 6912K, reserved 1048576K
}
Event: 32.098 GC heap before
{Heap before GC invocations=40 (full 2):
 PSYoungGen      total 23552K, used 23527K [0x00000000d5580000, 0x00000000d7700000, 0x0000000100000000)
  eden space 20992K, 100% used [0x00000000d5580000,0x00000000d6a00000,0x00000000d6a00000)
  from space 2560K, 99% used [0x00000000d6a80000,0x00000000d6cf9cd8,0x00000000d6d00000)
  to   space 6656K, 0% used [0x00000000d7080000,0x00000000d7080000,0x00000000d7700000)
 ParOldGen       total 68608K, used 57243K [0x0000000080000000, 0x0000000084300000, 0x00000000d5580000)
  object space 68608K, 83% used [0x0000000080000000,0x00000000837e6cd8,0x0000000084300000)
 Metaspace       used 58577K, committed 59776K, reserved 1114112K
  class space    used 6354K, committed 6912K, reserved 1048576K
}
Event: 32.107 GC heap after
{Heap after GC invocations=40 (full 2):
 PSYoungGen      total 25088K, used 3953K [0x00000000d5580000, 0x00000000d7480000, 0x0000000100000000)
  eden space 20992K, 0% used [0x00000000d5580000,0x00000000d5580000,0x00000000d6a00000)
  from space 4096K, 96% used [0x00000000d7080000,0x00000000d745c728,0x00000000d7480000)
  to   space 4608K, 0% used [0x00000000d6b80000,0x00000000d6b80000,0x00000000d7000000)
 ParOldGen       total 68608K, used 59679K [0x0000000080000000, 0x0000000084300000, 0x00000000d5580000)
  object space 68608K, 86% used [0x0000000080000000,0x0000000083a47eb0,0x0000000084300000)
 Metaspace       used 58577K, committed 59776K, reserved 1114112K
  class space    used 6354K, committed 6912K, reserved 1048576K
}
Event: 32.114 GC heap before
{Heap before GC invocations=41 (full 2):
 PSYoungGen      total 25088K, used 4846K [0x00000000d5580000, 0x00000000d7480000, 0x0000000100000000)
  eden space 20992K, 4% used [0x00000000d5580000,0x00000000d565f110,0x00000000d6a00000)
  from space 4096K, 96% used [0x00000000d7080000,0x00000000d745c728,0x00000000d7480000)
  to   space 4608K, 0% used [0x00000000d6b80000,0x00000000d6b80000,0x00000000d7000000)
 ParOldGen       total 68608K, used 59679K [0x0000000080000000, 0x0000000084300000, 0x00000000d5580000)
  object space 68608K, 86% used [0x0000000080000000,0x0000000083a47eb0,0x0000000084300000)
 Metaspace       used 58577K, committed 59776K, reserved 1114112K
  class space    used 6354K, committed 6912K, reserved 1048576K
}
Event: 32.119 GC heap after
{Heap after GC invocations=41 (full 2):
 PSYoungGen      total 21504K, used 288K [0x00000000d5580000, 0x00000000d7100000, 0x0000000100000000)
  eden space 20992K, 0% used [0x00000000d5580000,0x00000000d5580000,0x00000000d6a00000)
  from space 512K, 56% used [0x00000000d6b80000,0x00000000d6bc8000,0x00000000d6c00000)
  to   space 2048K, 0% used [0x00000000d6f00000,0x00000000d6f00000,0x00000000d7100000)
 ParOldGen       total 68608K, used 63500K [0x0000000080000000, 0x0000000084300000, 0x00000000d5580000)
  object space 68608K, 92% used [0x0000000080000000,0x0000000083e03390,0x0000000084300000)
 Metaspace       used 58577K, committed 59776K, reserved 1114112K
  class space    used 6354K, committed 6912K, reserved 1048576K
}
Event: 32.119 GC heap before
{Heap before GC invocations=42 (full 3):
 PSYoungGen      total 21504K, used 288K [0x00000000d5580000, 0x00000000d7100000, 0x0000000100000000)
  eden space 20992K, 0% used [0x00000000d5580000,0x00000000d5580000,0x00000000d6a00000)
  from space 512K, 56% used [0x00000000d6b80000,0x00000000d6bc8000,0x00000000d6c00000)
  to   space 2048K, 0% used [0x00000000d6f00000,0x00000000d6f00000,0x00000000d7100000)
 ParOldGen       total 68608K, used 63500K [0x0000000080000000, 0x0000000084300000, 0x00000000d5580000)
  object space 68608K, 92% used [0x0000000080000000,0x0000000083e03390,0x0000000084300000)
 Metaspace       used 58577K, committed 59776K, reserved 1114112K
  class space    used 6354K, committed 6912K, reserved 1048576K
}
Event: 32.222 GC heap after
{Heap after GC invocations=42 (full 3):
 PSYoungGen      total 21504K, used 0K [0x00000000d5580000, 0x00000000d7100000, 0x0000000100000000)
  eden space 20992K, 0% used [0x00000000d5580000,0x00000000d5580000,0x00000000d6a00000)
  from space 512K, 0% used [0x00000000d6b80000,0x00000000d6b80000,0x00000000d6c00000)
  to   space 2048K, 0% used [0x00000000d6f00000,0x00000000d6f00000,0x00000000d7100000)
 ParOldGen       total 68608K, used 50751K [0x0000000080000000, 0x0000000084300000, 0x00000000d5580000)
  object space 68608K, 73% used [0x0000000080000000,0x000000008318fff8,0x0000000084300000)
 Metaspace       used 58577K, committed 59776K, reserved 1114112K
  class space    used 6354K, committed 6912K, reserved 1048576K
}
Event: 32.556 GC heap before
{Heap before GC invocations=43 (full 3):
 PSYoungGen      total 21504K, used 20992K [0x00000000d5580000, 0x00000000d7100000, 0x0000000100000000)
  eden space 20992K, 100% used [0x00000000d5580000,0x00000000d6a00000,0x00000000d6a00000)
  from space 512K, 0% used [0x00000000d6b80000,0x00000000d6b80000,0x00000000d6c00000)
  to   space 2048K, 0% used [0x00000000d6f00000,0x00000000d6f00000,0x00000000d7100000)
 ParOldGen       total 68608K, used 50751K [0x0000000080000000, 0x0000000084300000, 0x00000000d5580000)
  object space 68608K, 73% used [0x0000000080000000,0x000000008318fff8,0x0000000084300000)
 Metaspace       used 58670K, committed 59840K, reserved 1114112K
  class space    used 6365K, committed 6912K, reserved 1048576K
}
Event: 32.560 GC heap after
{Heap after GC invocations=43 (full 3):
 PSYoungGen      total 22528K, used 2031K [0x00000000d5580000, 0x00000000d7500000, 0x0000000100000000)
  eden space 20480K, 0% used [0x00000000d5580000,0x00000000d5580000,0x00000000d6980000)
  from space 2048K, 99% used [0x00000000d6f00000,0x00000000d70fbf68,0x00000000d7100000)
  to   space 5632K, 0% used [0x00000000d6980000,0x00000000d6980000,0x00000000d6f00000)
 ParOldGen       total 68608K, used 53254K [0x0000000080000000, 0x0000000084300000, 0x00000000d5580000)
  object space 68608K, 77% used [0x0000000080000000,0x0000000083401820,0x0000000084300000)
 Metaspace       used 58670K, committed 59840K, reserved 1114112K
  class space    used 6365K, committed 6912K, reserved 1048576K
}
Event: 32.859 GC heap before
{Heap before GC invocations=44 (full 3):
 PSYoungGen      total 22528K, used 22511K [0x00000000d5580000, 0x00000000d7500000, 0x0000000100000000)
  eden space 20480K, 99% used [0x00000000d5580000,0x00000000d697fff8,0x00000000d6980000)
  from space 2048K, 99% used [0x00000000d6f00000,0x00000000d70fbf68,0x00000000d7100000)
  to   space 5632K, 0% used [0x00000000d6980000,0x00000000d6980000,0x00000000d6f00000)
 ParOldGen       total 68608K, used 53254K [0x0000000080000000, 0x0000000084300000, 0x00000000d5580000)
  object space 68608K, 77% used [0x0000000080000000,0x0000000083401820,0x0000000084300000)
 Metaspace       used 59491K, committed 60736K, reserved 1114112K
  class space    used 6459K, committed 7040K, reserved 1048576K
}
Event: 32.863 GC heap after
{Heap after GC invocations=44 (full 3):
 PSYoungGen      total 24576K, used 4039K [0x00000000d5580000, 0x00000000d7280000, 0x0000000100000000)
  eden space 20480K, 0% used [0x00000000d5580000,0x00000000d5580000,0x00000000d6980000)
  from space 4096K, 98% used [0x00000000d6980000,0x00000000d6d71e90,0x00000000d6d80000)
  to   space 4608K, 0% used [0x00000000d6e00000,0x00000000d6e00000,0x00000000d7280000)
 ParOldGen       total 68608K, used 55212K [0x0000000080000000, 0x0000000084300000, 0x00000000d5580000)
  object space 68608K, 80% used [0x0000000080000000,0x00000000835eb268,0x0000000084300000)
 Metaspace       used 59491K, committed 60736K, reserved 1114112K
  class space    used 6459K, committed 7040K, reserved 1048576K
}
Event: 33.230 GC heap before
{Heap before GC invocations=45 (full 3):
 PSYoungGen      total 24576K, used 24519K [0x00000000d5580000, 0x00000000d7280000, 0x0000000100000000)
  eden space 20480K, 100% used [0x00000000d5580000,0x00000000d6980000,0x00000000d6980000)
  from space 4096K, 98% used [0x00000000d6980000,0x00000000d6d71e90,0x00000000d6d80000)
  to   space 4608K, 0% used [0x00000000d6e00000,0x00000000d6e00000,0x00000000d7280000)
 ParOldGen       total 68608K, used 55212K [0x0000000080000000, 0x0000000084300000, 0x00000000d5580000)
  object space 68608K, 80% used [0x0000000080000000,0x00000000835eb268,0x0000000084300000)
 Metaspace       used 60072K, committed 61376K, reserved 1114112K
  class space    used 6509K, committed 7104K, reserved 1048576K
}
Event: 33.236 GC heap after
{Heap after GC invocations=45 (full 3):
 PSYoungGen      total 24576K, used 4538K [0x00000000d5580000, 0x00000000d7380000, 0x0000000100000000)
  eden space 19968K, 0% used [0x00000000d5580000,0x00000000d5580000,0x00000000d6900000)
  from space 4608K, 98% used [0x00000000d6e00000,0x00000000d726e948,0x00000000d7280000)
  to   space 5120K, 0% used [0x00000000d6900000,0x00000000d6900000,0x00000000d6e00000)
 ParOldGen       total 68608K, used 58230K [0x0000000080000000, 0x0000000084300000, 0x00000000d5580000)
  object space 68608K, 84% used [0x0000000080000000,0x00000000838dd9d0,0x0000000084300000)
 Metaspace       used 60072K, committed 61376K, reserved 1114112K
  class space    used 6509K, committed 7104K, reserved 1048576K
}

Dll operation events (14 events):
Event: 0.078 Loaded shared library c:\Users\ayush\.vscode\extensions\redhat.java-1.46.0-win32-x64\jre\21.0.8-win32-x86_64\bin\java.dll
Event: 0.186 Loaded shared library c:\Users\ayush\.vscode\extensions\redhat.java-1.46.0-win32-x64\jre\21.0.8-win32-x86_64\bin\zip.dll
Event: 0.210 Loaded shared library C:\Users\ayush\.vscode\extensions\redhat.java-1.46.0-win32-x64\jre\21.0.8-win32-x86_64\bin\instrument.dll
Event: 0.231 Loaded shared library C:\Users\ayush\.vscode\extensions\redhat.java-1.46.0-win32-x64\jre\21.0.8-win32-x86_64\bin\net.dll
Event: 0.248 Loaded shared library C:\Users\ayush\.vscode\extensions\redhat.java-1.46.0-win32-x64\jre\21.0.8-win32-x86_64\bin\nio.dll
Event: 0.253 Loaded shared library C:\Users\ayush\.vscode\extensions\redhat.java-1.46.0-win32-x64\jre\21.0.8-win32-x86_64\bin\zip.dll
Event: 0.272 Loaded shared library C:\Users\ayush\.vscode\extensions\redhat.java-1.46.0-win32-x64\jre\21.0.8-win32-x86_64\bin\jimage.dll
Event: 0.375 Loaded shared library c:\Users\ayush\.vscode\extensions\redhat.java-1.46.0-win32-x64\jre\21.0.8-win32-x86_64\bin\verify.dll
Event: 9.985 Loaded shared library C:\Users\ayush\AppData\Roaming\Code\User\globalStorage\redhat.java\1.46.0\config_win\org.eclipse.equinox.launcher\org.eclipse.equinox.launcher.win32.win32.x86_64_1.2.1400.v20250801-0854\eclipse_11916.dll
Event: 20.729 Loaded shared library C:\Users\ayush\.vscode\extensions\redhat.java-1.46.0-win32-x64\jre\21.0.8-win32-x86_64\bin\management.dll
Event: 20.732 Loaded shared library C:\Users\ayush\.vscode\extensions\redhat.java-1.46.0-win32-x64\jre\21.0.8-win32-x86_64\bin\management_ext.dll
Event: 22.572 Loaded shared library C:\Users\ayush\AppData\Local\Temp\jna-93302354\jna16456105966071251561.dll
Event: 23.344 Loaded shared library C:\Users\ayush\.vscode\extensions\redhat.java-1.46.0-win32-x64\jre\21.0.8-win32-x86_64\bin\sunmscapi.dll
Event: 23.583 Loaded shared library C:\Users\ayush\.vscode\extensions\redhat.java-1.46.0-win32-x64\jre\21.0.8-win32-x86_64\bin\extnet.dll

Deoptimization events (20 events):
Event: 33.107 Thread 0x0000029c79534a40 Uncommon trap: trap_request=0xffffffde fr.pc=0x0000029c25d840bc relative=0x000000000000009c
Event: 33.107 Thread 0x0000029c79534a40 Uncommon trap: reason=class_check action=maybe_recompile pc=0x0000029c25d840bc method=org.eclipse.jdt.internal.core.JavaElement.<init>(Lorg/eclipse/jdt/internal/core/JavaElement;)V @ 19 c2
Event: 33.107 Thread 0x0000029c79534a40 DEOPT PACKING pc=0x0000029c25d840bc sp=0x000000c8595fd510
Event: 33.107 Thread 0x0000029c79534a40 DEOPT UNPACKING pc=0x0000029c252c3aa2 sp=0x000000c8595fd498 mode 2
Event: 33.107 Thread 0x0000029c79534a40 Uncommon trap: trap_request=0xffffffde fr.pc=0x0000029c25d840bc relative=0x000000000000009c
Event: 33.107 Thread 0x0000029c79534a40 Uncommon trap: reason=class_check action=maybe_recompile pc=0x0000029c25d840bc method=org.eclipse.jdt.internal.core.JavaElement.<init>(Lorg/eclipse/jdt/internal/core/JavaElement;)V @ 19 c2
Event: 33.107 Thread 0x0000029c79534a40 DEOPT PACKING pc=0x0000029c25d840bc sp=0x000000c8595fd510
Event: 33.107 Thread 0x0000029c79534a40 DEOPT UNPACKING pc=0x0000029c252c3aa2 sp=0x000000c8595fd498 mode 2
Event: 33.107 Thread 0x0000029c79534a40 Uncommon trap: trap_request=0xffffffde fr.pc=0x0000029c25d840bc relative=0x000000000000009c
Event: 33.107 Thread 0x0000029c79534a40 Uncommon trap: reason=class_check action=maybe_recompile pc=0x0000029c25d840bc method=org.eclipse.jdt.internal.core.JavaElement.<init>(Lorg/eclipse/jdt/internal/core/JavaElement;)V @ 19 c2
Event: 33.107 Thread 0x0000029c79534a40 DEOPT PACKING pc=0x0000029c25d840bc sp=0x000000c8595fd510
Event: 33.107 Thread 0x0000029c79534a40 DEOPT UNPACKING pc=0x0000029c252c3aa2 sp=0x000000c8595fd498 mode 2
Event: 33.208 Thread 0x0000029c79534a40 Uncommon trap: trap_request=0xffffff45 fr.pc=0x0000029c25d3fb30 relative=0x0000000000004a10
Event: 33.208 Thread 0x0000029c79534a40 Uncommon trap: reason=unstable_if action=reinterpret pc=0x0000029c25d3fb30 method=lombok.patcher.MethodTarget.matches(Ljava/lang/String;Ljava/lang/String;Ljava/lang/String;)Z @ 18 c2
Event: 33.208 Thread 0x0000029c79534a40 DEOPT PACKING pc=0x0000029c25d3fb30 sp=0x000000c8595fa440
Event: 33.208 Thread 0x0000029c79534a40 DEOPT UNPACKING pc=0x0000029c252c3aa2 sp=0x000000c8595fa370 mode 2
Event: 33.293 Thread 0x0000029c78a3deb0 Uncommon trap: trap_request=0xffffff45 fr.pc=0x0000029c25d985f4 relative=0x0000000000000bd4
Event: 33.293 Thread 0x0000029c78a3deb0 Uncommon trap: reason=unstable_if action=reinterpret pc=0x0000029c25d985f4 method=org.eclipse.jdt.internal.compiler.classfmt.MethodInfo.createMethod([B[IIJ)Lorg/eclipse/jdt/internal/compiler/classfmt/MethodInfo; @ 352 c2
Event: 33.293 Thread 0x0000029c78a3deb0 DEOPT PACKING pc=0x0000029c25d985f4 sp=0x000000c8572fe840
Event: 33.293 Thread 0x0000029c78a3deb0 DEOPT UNPACKING pc=0x0000029c252c3aa2 sp=0x000000c8572fe780 mode 2

Classes loaded (20 events):
Event: 32.787 Loading class java/io/ObjectStreamClass$FieldReflectorKey
Event: 32.787 Loading class java/io/ObjectStreamClass$FieldReflectorKey done
Event: 32.787 Loading class java/io/ObjectStreamClass$FieldReflector
Event: 32.787 Loading class java/io/ObjectStreamClass$FieldReflector done
Event: 32.789 Loading class java/io/ObjectStreamClass$ClassDataSlot
Event: 32.789 Loading class java/io/ObjectStreamClass$ClassDataSlot done
Event: 32.790 Loading class java/util/Collections$SynchronizedRandomAccessList
Event: 32.790 Loading class java/util/Collections$SynchronizedList
Event: 32.790 Loading class java/util/Collections$SynchronizedList done
Event: 32.791 Loading class java/util/Collections$SynchronizedRandomAccessList done
Event: 32.793 Loading class java/io/SerialCallbackContext
Event: 32.794 Loading class java/io/SerialCallbackContext done
Event: 32.813 Loading class java/util/ArrayDeque$DeqSpliterator
Event: 32.819 Loading class java/util/ArrayDeque$DeqSpliterator done
Event: 32.838 Loading class java/util/concurrent/CompletableFuture$Signaller
Event: 32.840 Loading class java/util/concurrent/CompletableFuture$Signaller done
Event: 32.871 Loading class java/util/regex/PatternSyntaxException
Event: 32.872 Loading class java/util/regex/PatternSyntaxException done
Event: 32.941 Loading class java/lang/invoke/MethodHandleImpl$CountingWrapper$1
Event: 32.941 Loading class java/lang/invoke/MethodHandleImpl$CountingWrapper$1 done

Classes unloaded (12 events):
Event: 21.381 Thread 0x0000029c1aa9fb10 Unloading class 0x0000029c331b8800 'java/lang/invoke/LambdaForm$MH+0x0000029c331b8800'
Event: 21.381 Thread 0x0000029c1aa9fb10 Unloading class 0x0000029c331b8400 'java/lang/invoke/LambdaForm$MH+0x0000029c331b8400'
Event: 21.381 Thread 0x0000029c1aa9fb10 Unloading class 0x0000029c331b8000 'java/lang/invoke/LambdaForm$MH+0x0000029c331b8000'
Event: 21.381 Thread 0x0000029c1aa9fb10 Unloading class 0x0000029c331b7c00 'java/lang/invoke/LambdaForm$MH+0x0000029c331b7c00'
Event: 21.381 Thread 0x0000029c1aa9fb10 Unloading class 0x0000029c331b7800 'java/lang/invoke/LambdaForm$BMH+0x0000029c331b7800'
Event: 21.381 Thread 0x0000029c1aa9fb10 Unloading class 0x0000029c331b7400 'java/lang/invoke/LambdaForm$DMH+0x0000029c331b7400'
Event: 21.381 Thread 0x0000029c1aa9fb10 Unloading class 0x0000029c331b6000 'java/lang/invoke/LambdaForm$DMH+0x0000029c331b6000'
Event: 23.101 Thread 0x0000029c1aa9fb10 Unloading class 0x0000029c3331a400 'java/lang/invoke/LambdaForm$MH+0x0000029c3331a400'
Event: 23.101 Thread 0x0000029c1aa9fb10 Unloading class 0x0000029c33319800 'java/lang/invoke/LambdaForm$MH+0x0000029c33319800'
Event: 23.101 Thread 0x0000029c1aa9fb10 Unloading class 0x0000029c33319400 'java/lang/invoke/LambdaForm$MH+0x0000029c33319400'
Event: 23.101 Thread 0x0000029c1aa9fb10 Unloading class 0x0000029c33318c00 'java/lang/invoke/LambdaForm$MH+0x0000029c33318c00'
Event: 23.101 Thread 0x0000029c1aa9fb10 Unloading class 0x0000029c33318400 'java/lang/invoke/LambdaForm$DMH+0x0000029c33318400'

Classes redefined (0 events):
No events

Internal exceptions (20 events):
Event: 32.003 Thread 0x0000029c78a3e540 Exception <a 'sun/nio/fs/WindowsException'{0x00000000d6107378}> (0x00000000d6107378) 
thrown [s\src\hotspot\share\prims\jni.cpp, line 520]
Event: 32.003 Thread 0x0000029c78a3e540 Exception <a 'sun/nio/fs/WindowsException'{0x00000000d61079a8}> (0x00000000d61079a8) 
thrown [s\src\hotspot\share\prims\jni.cpp, line 520]
Event: 32.027 Thread 0x0000029c78a3e540 Exception <a 'sun/nio/fs/WindowsException'{0x00000000d612a7a0}> (0x00000000d612a7a0) 
thrown [s\src\hotspot\share\prims\jni.cpp, line 520]
Event: 32.036 Thread 0x0000029c78a3e540 Exception <a 'sun/nio/fs/WindowsException'{0x00000000d613a010}> (0x00000000d613a010) 
thrown [s\src\hotspot\share\prims\jni.cpp, line 520]
Event: 32.061 Thread 0x0000029c78a3e540 Exception <a 'sun/nio/fs/WindowsException'{0x00000000d6432bd8}> (0x00000000d6432bd8) 
thrown [s\src\hotspot\share\prims\jni.cpp, line 520]
Event: 32.305 Thread 0x0000029c78a3e540 Exception <a 'sun/nio/fs/WindowsException'{0x00000000d5f0ef80}> (0x00000000d5f0ef80) 
thrown [s\src\hotspot\share\prims\jni.cpp, line 520]
Event: 32.595 Thread 0x0000029c78a3e540 Exception <a 'sun/nio/fs/WindowsException'{0x00000000d56238e8}> (0x00000000d56238e8) 
thrown [s\src\hotspot\share\prims\jni.cpp, line 520]
Event: 32.680 Thread 0x0000029c7907de80 Exception <a 'sun/nio/fs/WindowsException'{0x00000000d5ddcfb0}> (0x00000000d5ddcfb0) 
thrown [s\src\hotspot\share\prims\jni.cpp, line 520]
Event: 32.681 Thread 0x0000029c7907de80 Exception <a 'sun/nio/fs/WindowsException'{0x00000000d5ddd848}> (0x00000000d5ddd848) 
thrown [s\src\hotspot\share\prims\jni.cpp, line 520]
Event: 32.682 Thread 0x0000029c7907de80 Exception <a 'sun/nio/fs/WindowsException'{0x00000000d5de1500}> (0x00000000d5de1500) 
thrown [s\src\hotspot\share\prims\jni.cpp, line 520]
Event: 32.682 Thread 0x0000029c7907de80 Exception <a 'sun/nio/fs/WindowsException'{0x00000000d5de1d88}> (0x00000000d5de1d88) 
thrown [s\src\hotspot\share\prims\jni.cpp, line 520]
Event: 32.776 Thread 0x0000029c78a40ca0 Exception <a 'java/lang/NoSuchMethodError'{0x00000000d64204d8}: 'long java.lang.invoke.Invokers$Holder.invokeExact_MT(java.lang.Object, java.lang.Object)'> (0x00000000d64204d8) 
thrown [s\src\hotspot\share\interpreter\linkResolver.cpp, line 773]
Event: 32.810 Thread 0x0000029c78a40ca0 Exception <a 'java/lang/NoSuchMethodError'{0x00000000d66afca0}: 'java.lang.Object java.lang.invoke.DirectMethodHandle$Holder.newInvokeSpecial(java.lang.Object, java.lang.Object, java.lang.Object, java.lang.Object, java.lang.Object, java.lang.Object, java.lang.Object, java.lang.Object)'> (0x00000000d66afca0) 
thrown [s\src\hotspot\share\interpreter\linkResolver.cpp, line 773]
Event: 32.826 Thread 0x0000029c78a40ca0 Exception <a 'sun/nio/fs/WindowsException'{0x00000000d66ecb70}> (0x00000000d66ecb70) 
thrown [s\src\hotspot\share\prims\jni.cpp, line 520]
Event: 32.827 Thread 0x0000029c78a40ca0 Exception <a 'sun/nio/fs/WindowsException'{0x00000000d66edfe8}> (0x00000000d66edfe8) 
thrown [s\src\hotspot\share\prims\jni.cpp, line 520]
Event: 33.038 Thread 0x0000029c79534a40 Exception <a 'java/lang/NoSuchMethodError'{0x00000000d5ab3668}: 'int java.lang.invoke.DirectMethodHandle$Holder.invokeStatic(java.lang.Object)'> (0x00000000d5ab3668) 
thrown [s\src\hotspot\share\interpreter\linkResolver.cpp, line 773]
Event: 33.092 Thread 0x0000029c79534a40 Exception <a 'java/io/FileNotFoundException'{0x00000000d5cb2bc0}> (0x00000000d5cb2bc0) 
thrown [s\src\hotspot\share\prims\jni.cpp, line 520]
Event: 33.093 Thread 0x0000029c79534a40 Exception <a 'java/io/FileNotFoundException'{0x00000000d5cb3e88}> (0x00000000d5cb3e88) 
thrown [s\src\hotspot\share\prims\jni.cpp, line 520]
Event: 33.093 Thread 0x0000029c79534a40 Exception <a 'java/io/FileNotFoundException'{0x00000000d5cb4ea0}> (0x00000000d5cb4ea0) 
thrown [s\src\hotspot\share\prims\jni.cpp, line 520]
Event: 33.160 Thread 0x0000029c7907de80 Exception <a 'java/lang/IncompatibleClassChangeError'{0x00000000d60943c8}: Found class java.lang.Object, but interface was expected> (0x00000000d60943c8) 
thrown [s\src\hotspot\share\interpreter\linkResolver.cpp, line 840]

ZGC Phase Switch (0 events):
No events

VM Operations (20 events):
Event: 31.840 Executing VM operation: ParallelGCFailedAllocation (Allocation Failure)
Event: 31.847 Executing VM operation: ParallelGCFailedAllocation (Allocation Failure) done
Event: 32.097 Executing VM operation: ParallelGCFailedAllocation (Allocation Failure)
Event: 32.107 Executing VM operation: ParallelGCFailedAllocation (Allocation Failure) done
Event: 32.114 Executing VM operation: CollectForMetadataAllocation (Metadata GC Threshold)
Event: 32.222 Executing VM operation: CollectForMetadataAllocation (Metadata GC Threshold) done
Event: 32.254 Executing VM operation: HandshakeAllThreads (Deoptimize)
Event: 32.254 Executing VM operation: HandshakeAllThreads (Deoptimize) done
Event: 32.556 Executing VM operation: ParallelGCFailedAllocation (Allocation Failure)
Event: 32.560 Executing VM operation: ParallelGCFailedAllocation (Allocation Failure) done
Event: 32.779 Executing VM operation: HandshakeAllThreads (Deoptimize)
Event: 32.779 Executing VM operation: HandshakeAllThreads (Deoptimize) done
Event: 32.782 Executing VM operation: HandshakeAllThreads (Deoptimize)
Event: 32.782 Executing VM operation: HandshakeAllThreads (Deoptimize) done
Event: 32.859 Executing VM operation: ParallelGCFailedAllocation (Allocation Failure)
Event: 32.863 Executing VM operation: ParallelGCFailedAllocation (Allocation Failure) done
Event: 33.041 Executing VM operation: HandshakeAllThreads (Deoptimize)
Event: 33.051 Executing VM operation: HandshakeAllThreads (Deoptimize) done
Event: 33.230 Executing VM operation: ParallelGCFailedAllocation (Allocation Failure)
Event: 33.236 Executing VM operation: ParallelGCFailedAllocation (Allocation Failure) done

Memory protections (0 events):
No events

Nmethod flushes (20 events):
Event: 32.164 Thread 0x0000029c1aa9fb10 flushing  nmethod 0x0000029c1e683110
Event: 32.164 Thread 0x0000029c1aa9fb10 flushing  nmethod 0x0000029c1e683f90
Event: 32.164 Thread 0x0000029c1aa9fb10 flushing  nmethod 0x0000029c1e684990
Event: 32.164 Thread 0x0000029c1aa9fb10 flushing  nmethod 0x0000029c1e68ea10
Event: 32.164 Thread 0x0000029c1aa9fb10 flushing  nmethod 0x0000029c1e6a1090
Event: 32.164 Thread 0x0000029c1aa9fb10 flushing  nmethod 0x0000029c1e6b1890
Event: 32.164 Thread 0x0000029c1aa9fb10 flushing  nmethod 0x0000029c1e6b5b10
Event: 32.164 Thread 0x0000029c1aa9fb10 flushing  nmethod 0x0000029c1e6ba690
Event: 32.164 Thread 0x0000029c1aa9fb10 flushing  nmethod 0x0000029c1e6bb590
Event: 32.164 Thread 0x0000029c1aa9fb10 flushing  nmethod 0x0000029c1e6bc190
Event: 32.164 Thread 0x0000029c1aa9fb10 flushing  nmethod 0x0000029c1e6bc790
Event: 32.164 Thread 0x0000029c1aa9fb10 flushing  nmethod 0x0000029c1e6c0890
Event: 32.164 Thread 0x0000029c1aa9fb10 flushing  nmethod 0x0000029c1e6c1010
Event: 32.164 Thread 0x0000029c1aa9fb10 flushing  nmethod 0x0000029c1e6c3190
Event: 32.164 Thread 0x0000029c1aa9fb10 flushing  nmethod 0x0000029c1e6ccb90
Event: 32.164 Thread 0x0000029c1aa9fb10 flushing  nmethod 0x0000029c1e6dd310
Event: 32.164 Thread 0x0000029c1aa9fb10 flushing  nmethod 0x0000029c1e6f1f90
Event: 32.164 Thread 0x0000029c1aa9fb10 flushing  nmethod 0x0000029c1e708910
Event: 32.164 Thread 0x0000029c1aa9fb10 flushing  nmethod 0x0000029c1e70a410
Event: 32.164 Thread 0x0000029c1aa9fb10 flushing  nmethod 0x0000029c1e722f90

Events (20 events):
Event: 28.345 Thread 0x0000029c7907eba0 Thread added: 0x0000029c790833d0
Event: 28.350 Thread 0x0000029c1aae0760 Thread added: 0x0000029c1aadf2f0
Event: 28.376 Thread 0x0000029c1aae0760 Thread added: 0x0000029c1aadf9c0
Event: 29.002 Thread 0x0000029c1aadf9c0 Thread exited: 0x0000029c1aadf9c0
Event: 29.441 Thread 0x0000029c1aad8780 Thread added: 0x0000029c1aae1500
Event: 32.698 Thread 0x0000029c78a40ca0 Thread added: 0x0000029c795343b0
Event: 32.722 Thread 0x0000029c795343b0 Thread exited: 0x0000029c795343b0
Event: 32.751 Thread 0x0000029c78a40ca0 Thread added: 0x0000029c795350d0
Event: 32.759 Thread 0x0000029c795350d0 Thread added: 0x0000029c79533d20
Event: 32.761 Thread 0x0000029c795350d0 Thread added: 0x0000029c79536480
Event: 32.764 Thread 0x0000029c79536480 Thread exited: 0x0000029c79536480
Event: 32.764 Thread 0x0000029c79533d20 Thread exited: 0x0000029c79533d20
Event: 32.764 Thread 0x0000029c795350d0 Thread exited: 0x0000029c795350d0
Event: 32.810 Thread 0x0000029c78a3e540 Thread added: 0x0000029c79534a40
Event: 33.315 Thread 0x0000029c79534a40 Thread added: 0x0000029c795350d0
Event: 33.316 Thread 0x0000029c79534a40 Thread added: 0x0000029c79533000
Event: 33.316 Thread 0x0000029c79534a40 Thread added: 0x0000029c79533d20
Event: 33.316 Thread 0x0000029c79534a40 Thread added: 0x0000029c79535760
Event: 33.316 Thread 0x0000029c79534a40 Thread added: 0x0000029c79537830
Event: 33.316 Thread 0x0000029c79534a40 Thread added: 0x0000029c79536480


Dynamic libraries:
0x00007ff69b130000 - 0x00007ff69b13e000 	c:\Users\ayush\.vscode\extensions\redhat.java-1.46.0-win32-x64\jre\21.0.8-win32-x86_64\bin\java.exe
0x00007ffe4d460000 - 0x00007ffe4d6c9000 	C:\WINDOWS\SYSTEM32\ntdll.dll
0x00007ffe4bc70000 - 0x00007ffe4bd39000 	C:\WINDOWS\System32\KERNEL32.DLL
0x00007ffe4ab50000 - 0x00007ffe4af43000 	C:\WINDOWS\System32\KERNELBASE.dll
0x00007ffe4a890000 - 0x00007ffe4a9db000 	C:\WINDOWS\System32\ucrtbase.dll
0x00007ffe3bb30000 - 0x00007ffe3bb4e000 	c:\Users\ayush\.vscode\extensions\redhat.java-1.46.0-win32-x64\jre\21.0.8-win32-x86_64\bin\VCRUNTIME140.dll
0x00007ffe46500000 - 0x00007ffe46518000 	c:\Users\ayush\.vscode\extensions\redhat.java-1.46.0-win32-x64\jre\21.0.8-win32-x86_64\bin\jli.dll
0x00007ffe4bd40000 - 0x00007ffe4bf04000 	C:\WINDOWS\System32\USER32.dll
0x00007ffe49810000 - 0x00007ffe49aa3000 	C:\WINDOWS\WinSxS\amd64_microsoft.windows.common-controls_6595b64144ccf1df_6.0.26100.5074_none_3e0d6f78e32fd63f\COMCTL32.dll
0x00007ffe4b0d0000 - 0x00007ffe4b0f7000 	C:\WINDOWS\System32\win32u.dll
0x00007ffe4d290000 - 0x00007ffe4d339000 	C:\WINDOWS\System32\msvcrt.dll
0x00007ffe4b330000 - 0x00007ffe4b35b000 	C:\WINDOWS\System32\GDI32.dll
0x00007ffe4a5f0000 - 0x00007ffe4a71d000 	C:\WINDOWS\System32\gdi32full.dll
0x00007ffe4a9e0000 - 0x00007ffe4aa83000 	C:\WINDOWS\System32\msvcp_win.dll
0x00007ffe4ba20000 - 0x00007ffe4ba4f000 	C:\WINDOWS\System32\IMM32.DLL
0x00007ffe3a1a0000 - 0x00007ffe3a1ac000 	c:\Users\ayush\.vscode\extensions\redhat.java-1.46.0-win32-x64\jre\21.0.8-win32-x86_64\bin\vcruntime140_1.dll
0x00007ffdf5ea0000 - 0x00007ffdf5f2d000 	c:\Users\ayush\.vscode\extensions\redhat.java-1.46.0-win32-x64\jre\21.0.8-win32-x86_64\bin\msvcp140.dll
0x00007ffd5af50000 - 0x00007ffd5bce7000 	c:\Users\ayush\.vscode\extensions\redhat.java-1.46.0-win32-x64\jre\21.0.8-win32-x86_64\bin\server\jvm.dll
0x00007ffe4c3d0000 - 0x00007ffe4c484000 	C:\WINDOWS\System32\ADVAPI32.dll
0x00007ffe4bbc0000 - 0x00007ffe4bc66000 	C:\WINDOWS\System32\sechost.dll
0x00007ffe4b440000 - 0x00007ffe4b558000 	C:\WINDOWS\System32\RPCRT4.dll
0x00007ffe4c490000 - 0x00007ffe4c504000 	C:\WINDOWS\System32\WS2_32.dll
0x00007ffe4a450000 - 0x00007ffe4a4ae000 	C:\WINDOWS\SYSTEM32\POWRPROF.dll
0x00007ffe3d020000 - 0x00007ffe3d02b000 	C:\WINDOWS\SYSTEM32\VERSION.dll
0x00007ffe3f240000 - 0x00007ffe3f275000 	C:\WINDOWS\SYSTEM32\WINMM.dll
0x00007ffe4a430000 - 0x00007ffe4a444000 	C:\WINDOWS\SYSTEM32\UMPDC.dll
0x00007ffe48aa0000 - 0x00007ffe48abb000 	C:\WINDOWS\SYSTEM32\kernel.appcore.dll
0x00007ffe394c0000 - 0x00007ffe394ca000 	c:\Users\ayush\.vscode\extensions\redhat.java-1.46.0-win32-x64\jre\21.0.8-win32-x86_64\bin\jimage.dll
0x00007ffe49ee0000 - 0x00007ffe4a122000 	C:\WINDOWS\SYSTEM32\DBGHELP.DLL
0x00007ffe4c7c0000 - 0x00007ffe4cb3b000 	C:\WINDOWS\System32\combase.dll
0x00007ffe4ba60000 - 0x00007ffe4bb37000 	C:\WINDOWS\System32\OLEAUT32.dll
0x00007ffe49cb0000 - 0x00007ffe49ced000 	C:\WINDOWS\SYSTEM32\dbgcore.DLL
0x00007ffe4b190000 - 0x00007ffe4b229000 	C:\WINDOWS\System32\bcryptPrimitives.dll
0x00007ffe39430000 - 0x00007ffe3943f000 	c:\Users\ayush\.vscode\extensions\redhat.java-1.46.0-win32-x64\jre\21.0.8-win32-x86_64\bin\instrument.dll
0x00007ffe384e0000 - 0x00007ffe384ff000 	c:\Users\ayush\.vscode\extensions\redhat.java-1.46.0-win32-x64\jre\21.0.8-win32-x86_64\bin\java.dll
0x00007ffe4cb40000 - 0x00007ffe4d28d000 	C:\WINDOWS\System32\SHELL32.dll
0x00007ffe4a720000 - 0x00007ffe4a88c000 	C:\WINDOWS\System32\wintypes.dll
0x00007ffe47620000 - 0x00007ffe47e79000 	C:\WINDOWS\SYSTEM32\windows.storage.dll
0x00007ffe4b7b0000 - 0x00007ffe4b8a0000 	C:\WINDOWS\System32\SHCORE.dll
0x00007ffe4d3b0000 - 0x00007ffe4d412000 	C:\WINDOWS\System32\shlwapi.dll
0x00007ffe4a510000 - 0x00007ffe4a539000 	C:\WINDOWS\SYSTEM32\profapi.dll
0x00007ffe36a80000 - 0x00007ffe36a98000 	c:\Users\ayush\.vscode\extensions\redhat.java-1.46.0-win32-x64\jre\21.0.8-win32-x86_64\bin\zip.dll
0x00007ffe38510000 - 0x00007ffe38520000 	C:\Users\ayush\.vscode\extensions\redhat.java-1.46.0-win32-x64\jre\21.0.8-win32-x86_64\bin\net.dll
0x00007ffe3f280000 - 0x00007ffe3f39f000 	C:\WINDOWS\SYSTEM32\WINHTTP.dll
0x00007ffe48fe0000 - 0x00007ffe4904b000 	C:\WINDOWS\system32\mswsock.dll
0x00007ffe357d0000 - 0x00007ffe357e6000 	C:\Users\ayush\.vscode\extensions\redhat.java-1.46.0-win32-x64\jre\21.0.8-win32-x86_64\bin\nio.dll
0x00007ffe36b40000 - 0x00007ffe36b50000 	c:\Users\ayush\.vscode\extensions\redhat.java-1.46.0-win32-x64\jre\21.0.8-win32-x86_64\bin\verify.dll
0x00007ffe0a090000 - 0x00007ffe0a0d4000 	C:\Users\ayush\AppData\Roaming\Code\User\globalStorage\redhat.java\1.46.0\config_win\org.eclipse.equinox.launcher\org.eclipse.equinox.launcher.win32.win32.x86_64_1.2.1400.v20250801-0854\eclipse_11916.dll
0x00007ffe4b610000 - 0x00007ffe4b7a8000 	C:\WINDOWS\System32\ole32.dll
0x00007ffe36ae0000 - 0x00007ffe36aea000 	C:\Users\ayush\.vscode\extensions\redhat.java-1.46.0-win32-x64\jre\21.0.8-win32-x86_64\bin\management.dll
0x00007ffe367d0000 - 0x00007ffe367db000 	C:\Users\ayush\.vscode\extensions\redhat.java-1.46.0-win32-x64\jre\21.0.8-win32-x86_64\bin\management_ext.dll
0x00007ffe4b8b0000 - 0x00007ffe4b8b8000 	C:\WINDOWS\System32\PSAPI.DLL
0x00007ffe4a130000 - 0x00007ffe4a14b000 	C:\WINDOWS\SYSTEM32\CRYPTSP.dll
0x00007ffe490f0000 - 0x00007ffe4912b000 	C:\WINDOWS\system32\rsaenh.dll
0x00007ffe49050000 - 0x00007ffe4907b000 	C:\WINDOWS\SYSTEM32\USERENV.dll
0x00007ffe4a4e0000 - 0x00007ffe4a506000 	C:\WINDOWS\SYSTEM32\bcrypt.dll
0x00007ffe492c0000 - 0x00007ffe492cc000 	C:\WINDOWS\SYSTEM32\CRYPTBASE.dll
0x00007ffe484e0000 - 0x00007ffe48514000 	C:\WINDOWS\SYSTEM32\IPHLPAPI.DLL
0x00007ffe4d3a0000 - 0x00007ffe4d3aa000 	C:\WINDOWS\System32\NSI.dll
0x00007ffe18350000 - 0x00007ffe18399000 	C:\Users\ayush\AppData\Local\Temp\jna-93302354\jna16456105966071251561.dll
0x00007ffe3f610000 - 0x00007ffe3f62e000 	C:\WINDOWS\SYSTEM32\dhcpcsvc6.DLL
0x00007ffe3f5c0000 - 0x00007ffe3f5e3000 	C:\WINDOWS\SYSTEM32\dhcpcsvc.DLL
0x00007ffe36750000 - 0x00007ffe3675e000 	C:\Users\ayush\.vscode\extensions\redhat.java-1.46.0-win32-x64\jre\21.0.8-win32-x86_64\bin\sunmscapi.dll
0x00007ffe4af50000 - 0x00007ffe4b0c7000 	C:\WINDOWS\System32\CRYPT32.dll
0x00007ffe496d0000 - 0x00007ffe49700000 	C:\WINDOWS\SYSTEM32\ncrypt.dll
0x00007ffe49680000 - 0x00007ffe496bf000 	C:\WINDOWS\SYSTEM32\NTASN1.dll
0x00007ffe48570000 - 0x00007ffe48696000 	C:\WINDOWS\SYSTEM32\DNSAPI.dll
0x00007ffe3ef80000 - 0x00007ffe3ef8b000 	C:\Windows\System32\rasadhlp.dll
0x00007ffe433e0000 - 0x00007ffe43466000 	C:\WINDOWS\System32\fwpuclnt.dll
0x00007ffe35480000 - 0x00007ffe35489000 	C:\Users\ayush\.vscode\extensions\redhat.java-1.46.0-win32-x64\jre\21.0.8-win32-x86_64\bin\extnet.dll

JVMTI agents:
c:\Users\ayush\.vscode\extensions\redhat.java-1.46.0-win32-x64\lombok\lombok-1.18.39-4050.jar path:c:\Users\ayush\.vscode\extensions\redhat.java-1.46.0-win32-x64\jre\21.0.8-win32-x86_64\bin\instrument.dll, loaded, initialized, instrumentlib options:none

dbghelp: loaded successfully - version: 4.0.5 - missing functions: none
symbol engine: initialized successfully - sym options: 0x614 - pdb path: .;c:\Users\ayush\.vscode\extensions\redhat.java-1.46.0-win32-x64\jre\21.0.8-win32-x86_64\bin;C:\WINDOWS\SYSTEM32;C:\WINDOWS\WinSxS\amd64_microsoft.windows.common-controls_6595b64144ccf1df_6.0.26100.5074_none_3e0d6f78e32fd63f;c:\Users\ayush\.vscode\extensions\redhat.java-1.46.0-win32-x64\jre\21.0.8-win32-x86_64\bin\server;C:\Users\ayush\AppData\Roaming\Code\User\globalStorage\redhat.java\1.46.0\config_win\org.eclipse.equinox.launcher\org.eclipse.equinox.launcher.win32.win32.x86_64_1.2.1400.v20250801-0854;C:\Users\ayush\AppData\Local\Temp\jna-93302354

VM Arguments:
jvm_args: --add-modules=ALL-SYSTEM --add-opens=java.base/java.util=ALL-UNNAMED --add-opens=java.base/java.lang=ALL-UNNAMED --add-opens=java.base/sun.nio.fs=ALL-UNNAMED -Declipse.application=org.eclipse.jdt.ls.core.id1 -Dosgi.bundles.defaultStartLevel=4 -Declipse.product=org.eclipse.jdt.ls.core.product -Djava.import.generatesMetadataFilesAtProjectRoot=false -DDetectVMInstallationsJob.disabled=true -Dfile.encoding=utf8 -XX:+UseParallelGC -XX:GCTimeRatio=4 -XX:AdaptiveSizePolicyWeight=90 -Dsun.zip.disableMemoryMapping=true -Xmx2G -Xms100m -Xlog:disable -javaagent:c:\Users\ayush\.vscode\extensions\redhat.java-1.46.0-win32-x64\lombok\lombok-1.18.39-4050.jar -XX:+HeapDumpOnOutOfMemoryError -XX:HeapDumpPath=c:\Users\ayush\AppData\Roaming\Code\User\workspaceStorage\83904fdafc53460d63f83de7213c2797\redhat.java -Daether.dependencyCollector.impl=bf 
java_command: c:\Users\ayush\.vscode\extensions\redhat.java-1.46.0-win32-x64\server\plugins\org.eclipse.equinox.launcher_1.7.0.v20250519-0528.jar -configuration c:\Users\ayush\AppData\Roaming\Code\User\globalStorage\redhat.java\1.46.0\config_win -data c:\Users\ayush\AppData\Roaming\Code\User\workspaceStorage\83904fdafc53460d63f83de7213c2797\redhat.java\jdt_ws --pipe=\\.\pipe\lsp-b7483d4a765db8ea1de165b2e11e647f-sock
java_class_path (initial): c:\Users\ayush\.vscode\extensions\redhat.java-1.46.0-win32-x64\server\plugins\org.eclipse.equinox.launcher_1.7.0.v20250519-0528.jar
Launcher Type: SUN_STANDARD

[Global flags]
    uintx AdaptiveSizePolicyWeight                 = 90                                        {product} {command line}
     intx CICompilerCount                          = 4                                         {product} {ergonomic}
    uintx GCTimeRatio                              = 4                                         {product} {command line}
     bool HeapDumpOnOutOfMemoryError               = true                                   {manageable} {command line}
    ccstr HeapDumpPath                             = c:\Users\ayush\AppData\Roaming\Code\User\workspaceStorage\83904fdafc53460d63f83de7213c2797\redhat.java         {manageable} {command line}
   size_t InitialHeapSize                          = 104857600                                 {product} {command line}
   size_t MaxHeapSize                              = 2147483648                                {product} {command line}
   size_t MaxNewSize                               = 715653120                                 {product} {ergonomic}
   size_t MinHeapDeltaBytes                        = 524288                                    {product} {ergonomic}
   size_t MinHeapSize                              = 104857600                                 {product} {command line}
   size_t NewSize                                  = 34603008                                  {product} {ergonomic}
    uintx NonNMethodCodeHeapSize                   = 5839372                                {pd product} {ergonomic}
    uintx NonProfiledCodeHeapSize                  = 122909434                              {pd product} {ergonomic}
   size_t OldSize                                  = 70254592                                  {product} {ergonomic}
    uintx ProfiledCodeHeapSize                     = 122909434                              {pd product} {ergonomic}
    uintx ReservedCodeCacheSize                    = 251658240                              {pd product} {ergonomic}
     bool SegmentedCodeCache                       = true                                      {product} {ergonomic}
   size_t SoftMaxHeapSize                          = 2147483648                             {manageable} {ergonomic}
     bool UseCompressedOops                        = true                           {product lp64_product} {ergonomic}
     bool UseLargePagesIndividualAllocation        = false                                  {pd product} {ergonomic}
     bool UseParallelGC                            = true                                      {product} {command line}

Logging:
Log output configuration:
 #0: stdout all=off uptime,level,tags foldmultilines=false
 #1: stderr all=off uptime,level,tags foldmultilines=false

Environment Variables:
PATH=C:\Program Files\Common Files\Oracle\Java\javapath;C:\WINDOWS\system32;C:\WINDOWS;C:\WINDOWS\System32\Wbem;C:\WINDOWS\System32\WindowsPowerShell\v1.0\;C:\WINDOWS\System32\OpenSSH\;C:\Program Files\dotnet\;C:\Program Files\Git\cmd;D:\platform-tools;;C:\Program Files\Git LFS;C:\Users\ayush\AppData\Local\Programs\Python\Python312\Scripts\;C:\Users\ayush\AppData\Local\Programs\Python\Python312\;C:\Users\ayush\AppData\Local\Microsoft\WindowsApps;C:\Users\ayush\AppData\Local\GitHubDesktop\bin;C:\Users\ayush\AppData\Local\Programs\Microsoft VS Code\bin;C:\Program Files\JetBrains\IntelliJ IDEA Community Edition 2024.3.5\bin;
USERNAME=ayush
OS=Windows_NT
PROCESSOR_IDENTIFIER=AMD64 Family 23 Model 160 Stepping 0, AuthenticAMD
TMP=C:\Users\ayush\AppData\Local\Temp
TEMP=C:\Users\ayush\AppData\Local\Temp




Periodic native trim disabled

---------------  S Y S T E M  ---------------

OS:
 Windows 11 , 64 bit Build 26100 (10.0.26100.5074)
OS uptime: 7 days 2:59 hours
Hyper-V role detected

CPU: total 8 (initial active 8) (8 cores per cpu, 2 threads per core) family 23 model 160 stepping 0 microcode 0x8a0000b, cx8, cmov, fxsr, ht, mmx, 3dnowpref, sse, sse2, sse3, ssse3, sse4a, sse4.1, sse4.2, popcnt, lzcnt, tsc, tscinvbit, avx, avx2, aes, clmul, bmi1, bmi2, adx, sha, fma, vzeroupper, clflush, clflushopt, hv, rdtscp, rdpid, f16c
Processor Information for the first 8 processors :
  Max Mhz: 2801, Current Mhz: 2801, Mhz Limit: 2801

Memory: 4k page, system-wide physical 7379M (685M free)
TotalPageFile size 19232M (AvailPageFile size 20M)
current process WorkingSet (physical memory assigned to process): 334M, peak: 336M
current process commit charge ("private bytes"): 396M, peak: 407M

vm_info: OpenJDK 64-Bit Server VM (21.0.8+9-LTS) for windows-amd64 JRE (21.0.8+9-LTS), built on 2025-07-15T00:00:00Z by "admin" with MS VC++ 17.7 (VS2022)

END.
