#
# There is insufficient memory for the Java Runtime Environment to continue.
# Native memory allocation (malloc) failed to allocate 338464 bytes. Error detail: Chunk::new
# Possible reasons:
#   The system is out of physical RAM or swap space
#   This process is running with CompressedOops enabled, and the Java Heap may be blocking the growth of the native heap
# Possible solutions:
#   Reduce memory load on the system
#   Increase physical memory or swap space
#   Check if swap backing store is full
#   Decrease Java heap size (-Xmx/-Xms)
#   Decrease number of Java threads
#   Decrease Java thread stack sizes (-Xss)
#   Set larger code cache with -XX:ReservedCodeCacheSize=
#   JVM is running with Unscaled Compressed Oops mode in which the Java heap is
#     placed in the first 4GB address space. The Java Heap base address is the
#     maximum limit for the native heap growth. Please use -XX:HeapBaseMinAddress
#     to set the Java Heap base and to place the Java Heap above 4GB virtual address.
# This output file may be truncated or incomplete.
#
#  Out of Memory Error (arena.cpp:168), pid=22136, tid=30432
#
# JRE version: OpenJDK Runtime Environment Temurin-21.0.8+9 (21.0.8+9) (build 21.0.8+9-LTS)
# Java VM: OpenJDK 64-Bit Server VM Temurin-21.0.8+9 (21.0.8+9-LTS, mixed mode, sharing, tiered, compressed oops, compressed class ptrs, parallel gc, windows-amd64)
# No core dump will be written. Minidumps are not enabled by default on client versions of Windows
#

---------------  S U M M A R Y ------------

Command Line: --add-modules=ALL-SYSTEM --add-opens=java.base/java.util=ALL-UNNAMED --add-opens=java.base/java.lang=ALL-UNNAMED --add-opens=java.base/sun.nio.fs=ALL-UNNAMED -Declipse.application=org.eclipse.jdt.ls.core.id1 -Dosgi.bundles.defaultStartLevel=4 -Declipse.product=org.eclipse.jdt.ls.core.product -Djava.import.generatesMetadataFilesAtProjectRoot=false -DDetectVMInstallationsJob.disabled=true -Dfile.encoding=utf8 -XX:+UseParallelGC -XX:GCTimeRatio=4 -XX:AdaptiveSizePolicyWeight=90 -Dsun.zip.disableMemoryMapping=true -Xmx2G -Xms100m -Xlog:disable -javaagent:c:\Users\ayush\.vscode\extensions\redhat.java-1.46.0-win32-x64\lombok\lombok-1.18.39-4050.jar -XX:+HeapDumpOnOutOfMemoryError -XX:HeapDumpPath=c:\Users\ayush\AppData\Roaming\Code\User\workspaceStorage\83904fdafc53460d63f83de7213c2797\redhat.java -Daether.dependencyCollector.impl=bf c:\Users\ayush\.vscode\extensions\redhat.java-1.46.0-win32-x64\server\plugins\org.eclipse.equinox.launcher_1.7.0.v20250519-0528.jar -configuration c:\Users\ayush\AppData\Roaming\Code\User\globalStorage\redhat.java\1.46.0\config_win -data c:\Users\ayush\AppData\Roaming\Code\User\workspaceStorage\83904fdafc53460d63f83de7213c2797\redhat.java\jdt_ws --pipe=\\.\pipe\lsp-7094f6fb83c7b521223e2edea21bf81f-sock

Host: AMD Ryzen 5 7520U with Radeon Graphics         , 8 cores, 7G,  Windows 11 , 64 bit Build 26100 (10.0.26100.5074)
Time: Sun Oct  5 16:23:21 2025 India Standard Time elapsed time: 7.965151 seconds (0d 0h 0m 7s)

---------------  T H R E A D  ---------------

Current thread (0x00000224ad68ab00):  JavaThread "C2 CompilerThread0" daemon [_thread_in_native, id=30432, stack(0x0000007e20d00000,0x0000007e20e00000) (1024K)]


Current CompileTask:
C2:7965 3161       4       lombok.patcher.PatchScript::classMatches (41 bytes)

Stack: [0x0000007e20d00000,0x0000007e20e00000]
Native frames: (J=compiled Java code, j=interpreted, Vv=VM code, C=native code)
V  [jvm.dll+0x6d2449]
V  [jvm.dll+0x8ae341]
V  [jvm.dll+0x8b08be]
V  [jvm.dll+0x8b0fa3]
V  [jvm.dll+0x280c96]
V  [jvm.dll+0xc581d]
V  [jvm.dll+0xc5d53]
V  [jvm.dll+0x3b919c]
V  [jvm.dll+0x385315]
V  [jvm.dll+0x38477a]
V  [jvm.dll+0x248ed0]
V  [jvm.dll+0x2484af]
V  [jvm.dll+0x1c89ee]
V  [jvm.dll+0x257d4d]
V  [jvm.dll+0x2562ea]
V  [jvm.dll+0x3f2d16]
V  [jvm.dll+0x857e6b]
V  [jvm.dll+0x6d0b0d]
C  [ucrtbase.dll+0x37b0]
C  [KERNEL32.DLL+0x2e8d7]
C  [ntdll.dll+0x8d9c]


---------------  P R O C E S S  ---------------

Threads class SMR info:
_java_thread_list=0x000002250bad9270, length=19, elements={
0x00000224ab3ca510, 0x00000224ad7cd210, 0x00000224ad7cdf20, 0x00000224ad687de0,
0x00000224ad688830, 0x00000224ad689280, 0x00000224ad689cd0, 0x00000224ad68ab00,
0x00000224ad6bd5a0, 0x00000224ad77adb0, 0x0000022506cc8070, 0x000002250b6b8540,
0x000002250b74dee0, 0x000002250b794e30, 0x000002250b7805f0, 0x000002250b143d60,
0x000002250bc41cb0, 0x000002250b1abce0, 0x000002250b521320
}

Java Threads: ( => current thread )
  0x00000224ab3ca510 JavaThread "main"                              [_thread_blocked, id=25408, stack(0x0000007e20300000,0x0000007e20400000) (1024K)]
  0x00000224ad7cd210 JavaThread "Reference Handler"          daemon [_thread_blocked, id=18640, stack(0x0000007e20700000,0x0000007e20800000) (1024K)]
  0x00000224ad7cdf20 JavaThread "Finalizer"                  daemon [_thread_blocked, id=30496, stack(0x0000007e20800000,0x0000007e20900000) (1024K)]
  0x00000224ad687de0 JavaThread "Signal Dispatcher"          daemon [_thread_blocked, id=13668, stack(0x0000007e20900000,0x0000007e20a00000) (1024K)]
  0x00000224ad688830 JavaThread "Attach Listener"            daemon [_thread_blocked, id=1924, stack(0x0000007e20a00000,0x0000007e20b00000) (1024K)]
  0x00000224ad689280 JavaThread "Service Thread"             daemon [_thread_blocked, id=20776, stack(0x0000007e20b00000,0x0000007e20c00000) (1024K)]
  0x00000224ad689cd0 JavaThread "Monitor Deflation Thread"   daemon [_thread_blocked, id=19680, stack(0x0000007e20c00000,0x0000007e20d00000) (1024K)]
=>0x00000224ad68ab00 JavaThread "C2 CompilerThread0"         daemon [_thread_in_native, id=30432, stack(0x0000007e20d00000,0x0000007e20e00000) (1024K)]
  0x00000224ad6bd5a0 JavaThread "C1 CompilerThread0"         daemon [_thread_in_vm, id=8612, stack(0x0000007e20e00000,0x0000007e20f00000) (1024K)]
  0x00000224ad77adb0 JavaThread "Common-Cleaner"             daemon [_thread_blocked, id=29800, stack(0x0000007e20f00000,0x0000007e21000000) (1024K)]
  0x0000022506cc8070 JavaThread "Notification Thread"        daemon [_thread_blocked, id=17040, stack(0x0000007e21000000,0x0000007e21100000) (1024K)]
  0x000002250b6b8540 JavaThread "Active Thread: Equinox Container: 9e43cc86-772f-47a4-b4ae-11ebe8082e37"        [_thread_blocked, id=31400, stack(0x0000007e21100000,0x0000007e21200000) (1024K)]
  0x000002250b74dee0 JavaThread "Refresh Thread: Equinox Container: 9e43cc86-772f-47a4-b4ae-11ebe8082e37" daemon [_thread_blocked, id=7476, stack(0x0000007e21800000,0x0000007e21900000) (1024K)]
  0x000002250b794e30 JavaThread "Framework Event Dispatcher: Equinox Container: 9e43cc86-772f-47a4-b4ae-11ebe8082e37" daemon [_thread_blocked, id=24940, stack(0x0000007e21a00000,0x0000007e21b00000) (1024K)]
  0x000002250b7805f0 JavaThread "Start Level: Equinox Container: 9e43cc86-772f-47a4-b4ae-11ebe8082e37" daemon [_thread_in_Java, id=26652, stack(0x0000007e21b00000,0x0000007e21c00000) (1024K)]
  0x000002250b143d60 JavaThread "Bundle File Closer"         daemon [_thread_blocked, id=22104, stack(0x0000007e21d00000,0x0000007e21e00000) (1024K)]
  0x000002250bc41cb0 JavaThread "SCR Component Actor"        daemon [_thread_blocked, id=23100, stack(0x0000007e21c00000,0x0000007e21d00000) (1024K)]
  0x000002250b1abce0 JavaThread "C2 CompilerThread1"         daemon [_thread_in_native, id=30680, stack(0x0000007e21e00000,0x0000007e21f00000) (1024K)]
  0x000002250b521320 JavaThread "Worker-JM"                         [_thread_blocked, id=25084, stack(0x0000007e21f00000,0x0000007e22000000) (1024K)]
Total: 19

Other Threads:
  0x00000224ad7b2890 VMThread "VM Thread"                           [id=18908, stack(0x0000007e20600000,0x0000007e20700000) (1024K)]
  0x00000224ad59ca00 WatcherThread "VM Periodic Task Thread"        [id=28688, stack(0x0000007e20500000,0x0000007e20600000) (1024K)]
  0x00000224ad72c0f0 WorkerThread "GC Thread#0"                     [id=23116, stack(0x0000007e20400000,0x0000007e20500000) (1024K)]
  0x000002250b4e9260 WorkerThread "GC Thread#1"                     [id=17688, stack(0x0000007e21200000,0x0000007e21300000) (1024K)]
  0x0000022506d86330 WorkerThread "GC Thread#2"                     [id=17504, stack(0x0000007e21300000,0x0000007e21400000) (1024K)]
  0x0000022506d866d0 WorkerThread "GC Thread#3"                     [id=24000, stack(0x0000007e21400000,0x0000007e21500000) (1024K)]
  0x0000022506d86a70 WorkerThread "GC Thread#4"                     [id=31740, stack(0x0000007e21500000,0x0000007e21600000) (1024K)]
  0x0000022506d8d410 WorkerThread "GC Thread#5"                     [id=4396, stack(0x0000007e21600000,0x0000007e21700000) (1024K)]
  0x0000022506d8d7b0 WorkerThread "GC Thread#6"                     [id=30608, stack(0x0000007e21700000,0x0000007e21800000) (1024K)]
  0x000002250b698a20 WorkerThread "GC Thread#7"                     [id=31352, stack(0x0000007e21900000,0x0000007e21a00000) (1024K)]
Total: 10

Threads with active compile tasks:
C2 CompilerThread0  8010 3161       4       lombok.patcher.PatchScript::classMatches (41 bytes)
C1 CompilerThread0  8010 3214       3       sun.util.locale.BaseLocale$Key::hashCode (178 bytes)
C2 CompilerThread1  8010 3191       4       java.util.regex.Matcher::search (154 bytes)
Total: 3

VM state: not at safepoint (normal execution)

VM Mutex/Monitor currently owned by a thread: None

Heap address: 0x0000000080000000, size: 2048 MB, Compressed Oops mode: 32-bit

CDS archive(s) mapped at: [0x00000224c4000000-0x00000224c4ba0000-0x00000224c4ba0000), size 12189696, SharedBaseAddress: 0x00000224c4000000, ArchiveRelocationMode: 1.
Compressed class space mapped at: 0x00000224c5000000-0x0000022505000000, reserved size: 1073741824
Narrow klass base: 0x00000224c4000000, Narrow klass shift: 0, Narrow klass range: 0x100000000

GC Precious Log:
 CardTable entry size: 512
 CPUs: 8 total, 8 available
 Memory: 7379M
 Large Page Support: Disabled
 NUMA Support: Disabled
 Compressed Oops: Enabled (32-bit)
 Alignments: Space 512K, Generation 512K, Heap 2M
 Heap Min Capacity: 100M
 Heap Initial Capacity: 100M
 Heap Max Capacity: 2G
 Pre-touch: Disabled
 Parallel Workers: 8

Heap:
 PSYoungGen      total 29696K, used 6372K [0x00000000d5580000, 0x00000000d7680000, 0x0000000100000000)
  eden space 25600K, 8% used [0x00000000d5580000,0x00000000d57b9510,0x00000000d6e80000)
  from space 4096K, 99% used [0x00000000d6e80000,0x00000000d727fe60,0x00000000d7280000)
  to   space 4096K, 0% used [0x00000000d7280000,0x00000000d7280000,0x00000000d7680000)
 ParOldGen       total 68608K, used 7781K [0x0000000080000000, 0x0000000084300000, 0x00000000d5580000)
  object space 68608K, 11% used [0x0000000080000000,0x0000000080799790,0x0000000084300000)
 Metaspace       used 15544K, committed 16064K, reserved 1114112K
  class space    used 1590K, committed 1792K, reserved 1048576K

Card table byte_map: [0x00000224ad0b0000,0x00000224ad4c0000] _byte_map_base: 0x00000224accb0000

Marking Bits: (ParMarkBitMap*) 0x00007ffd5687a340
 Begin Bits: [0x00000224bfbb0000, 0x00000224c1bb0000)
 End Bits:   [0x00000224c1bb0000, 0x00000224c3bb0000)

Polling page: 0x00000224ab370000

Metaspace:

Usage:
  Non-class:     13.63 MB used.
      Class:      1.55 MB used.
       Both:     15.18 MB used.

Virtual space:
  Non-class space:       64.00 MB reserved,      13.94 MB ( 22%) committed,  1 nodes.
      Class space:        1.00 GB reserved,       1.75 MB ( <1%) committed,  1 nodes.
             Both:        1.06 GB reserved,      15.69 MB (  1%) committed. 

Chunk freelists:
   Non-Class:  1.58 MB
       Class:  14.25 MB
        Both:  15.83 MB

MaxMetaspaceSize: unlimited
CompressedClassSpaceSize: 1.00 GB
Initial GC threshold: 21.00 MB
Current GC threshold: 21.00 MB
CDS: on
 - commit_granule_bytes: 65536.
 - commit_granule_words: 8192.
 - virtual_space_node_default_size: 8388608.
 - enlarge_chunks_in_place: 1.
 - use_allocation_guard: 0.


Internal statistics:

num_allocs_failed_limit: 0.
num_arena_births: 410.
num_arena_deaths: 0.
num_vsnodes_births: 2.
num_vsnodes_deaths: 0.
num_space_committed: 251.
num_space_uncommitted: 0.
num_chunks_returned_to_freelist: 0.
num_chunks_taken_from_freelist: 920.
num_chunk_merges: 0.
num_chunk_splits: 591.
num_chunks_enlarged: 398.
num_inconsistent_stats: 0.

CodeHeap 'non-profiled nmethods': size=120000Kb used=1367Kb max_used=1367Kb free=118632Kb
 bounds [0x00000224b83d0000, 0x00000224b8640000, 0x00000224bf900000]
CodeHeap 'profiled nmethods': size=120000Kb used=6604Kb max_used=6604Kb free=113395Kb
 bounds [0x00000224b0900000, 0x00000224b0f80000, 0x00000224b7e30000]
CodeHeap 'non-nmethods': size=5760Kb used=1263Kb max_used=1277Kb free=4497Kb
 bounds [0x00000224b7e30000, 0x00000224b80a0000, 0x00000224b83d0000]
CodeCache: size=245760Kb, used=9234Kb, max_used=9248Kb, free=236524Kb
 total_blobs=3742, nmethods=3206, adapters=442, full_count=0
Compilation: enabled, stopped_count=0, restarted_count=0

Compilation events (20 events):
Event: 7.952 Thread 0x00000224ad6bd5a0 3167       3       java.lang.ref.ReferenceQueue::signal (10 bytes)
Event: 7.952 Thread 0x00000224ad6bd5a0 nmethod 3167 0x00000224b0f5e710 code [0x00000224b0f5e900, 0x00000224b0f5ed08]
Event: 7.953 Thread 0x00000224ad6bd5a0 3168       3       java.lang.invoke.BoundMethodHandle::rebind (14 bytes)
Event: 7.953 Thread 0x00000224ad6bd5a0 nmethod 3168 0x00000224b0f5ee90 code [0x00000224b0f5f0a0, 0x00000224b0f5f5e8]
Event: 7.953 Thread 0x00000224ad6bd5a0 3169       3       java.lang.invoke.BoundMethodHandle::tooComplex (27 bytes)
Event: 7.954 Thread 0x00000224ad6bd5a0 nmethod 3169 0x00000224b0f5f810 code [0x00000224b0f5fa00, 0x00000224b0f5fe58]
Event: 7.954 Thread 0x00000224ad6bd5a0 3170       3       java.lang.invoke.BoundMethodHandle::fieldCount (8 bytes)
Event: 7.954 Thread 0x00000224ad6bd5a0 nmethod 3170 0x00000224b0f60010 code [0x00000224b0f601e0, 0x00000224b0f604d0]
Event: 7.959 Thread 0x00000224ad6bd5a0 3171       1       org.eclipse.core.internal.registry.ConfigurationElement::getName (5 bytes)
Event: 7.959 Thread 0x00000224ad6bd5a0 nmethod 3171 0x00000224b8523490 code [0x00000224b8523620, 0x00000224b85236e8]
Event: 7.959 Thread 0x00000224ad6bd5a0 3172       3       org.eclipse.core.internal.registry.ConfigurationElementHandle::getConfigurationElement (18 bytes)
Event: 7.959 Thread 0x00000224ad6bd5a0 nmethod 3172 0x00000224b0f60610 code [0x00000224b0f607c0, 0x00000224b0f60b30]
Event: 7.960 Thread 0x00000224ad6bd5a0 3173       3       org.eclipse.core.internal.registry.Handle::<init> (15 bytes)
Event: 7.960 Thread 0x00000224ad6bd5a0 nmethod 3173 0x00000224b0f60c10 code [0x00000224b0f60dc0, 0x00000224b0f60f48]
Event: 7.960 Thread 0x00000224ad6bd5a0 3174       3       java.lang.invoke.LambdaForm$MH/0x00000224c5017800::invoke (32 bytes)
Event: 7.960 Thread 0x00000224ad6bd5a0 nmethod 3174 0x00000224b0f61010 code [0x00000224b0f611e0, 0x00000224b0f616a0]
Event: 7.960 Thread 0x00000224ad6bd5a0 3175       3       java.lang.invoke.DirectMethodHandle$Holder::invokeStatic (21 bytes)
Event: 7.961 Thread 0x00000224ad6bd5a0 nmethod 3175 0x00000224b0f61810 code [0x00000224b0f619e0, 0x00000224b0f61ec0]
Event: 7.961 Thread 0x00000224ad6bd5a0 3176       3       java.lang.StringConcatHelper::prepend (22 bytes)
Event: 7.961 Thread 0x00000224ad6bd5a0 nmethod 3176 0x00000224b0f62010 code [0x00000224b0f621c0, 0x00000224b0f62348]

GC Heap History (10 events):
Event: 1.978 GC heap before
{Heap before GC invocations=1 (full 0):
 PSYoungGen      total 29696K, used 25600K [0x00000000d5580000, 0x00000000d7680000, 0x0000000100000000)
  eden space 25600K, 100% used [0x00000000d5580000,0x00000000d6e80000,0x00000000d6e80000)
  from space 4096K, 0% used [0x00000000d7280000,0x00000000d7280000,0x00000000d7680000)
  to   space 4096K, 0% used [0x00000000d6e80000,0x00000000d6e80000,0x00000000d7280000)
 ParOldGen       total 68608K, used 0K [0x0000000080000000, 0x0000000084300000, 0x00000000d5580000)
  object space 68608K, 0% used [0x0000000080000000,0x0000000080000000,0x0000000084300000)
 Metaspace       used 4336K, committed 4608K, reserved 1114112K
  class space    used 472K, committed 576K, reserved 1048576K
}
Event: 1.991 GC heap after
{Heap after GC invocations=1 (full 0):
 PSYoungGen      total 29696K, used 3376K [0x00000000d5580000, 0x00000000d7680000, 0x0000000100000000)
  eden space 25600K, 0% used [0x00000000d5580000,0x00000000d5580000,0x00000000d6e80000)
  from space 4096K, 82% used [0x00000000d6e80000,0x00000000d71cc0c8,0x00000000d7280000)
  to   space 4096K, 0% used [0x00000000d7280000,0x00000000d7280000,0x00000000d7680000)
 ParOldGen       total 68608K, used 8K [0x0000000080000000, 0x0000000084300000, 0x00000000d5580000)
  object space 68608K, 0% used [0x0000000080000000,0x0000000080002000,0x0000000084300000)
 Metaspace       used 4336K, committed 4608K, reserved 1114112K
  class space    used 472K, committed 576K, reserved 1048576K
}
Event: 4.433 GC heap before
{Heap before GC invocations=2 (full 0):
 PSYoungGen      total 29696K, used 28976K [0x00000000d5580000, 0x00000000d7680000, 0x0000000100000000)
  eden space 25600K, 100% used [0x00000000d5580000,0x00000000d6e80000,0x00000000d6e80000)
  from space 4096K, 82% used [0x00000000d6e80000,0x00000000d71cc0c8,0x00000000d7280000)
  to   space 4096K, 0% used [0x00000000d7280000,0x00000000d7280000,0x00000000d7680000)
 ParOldGen       total 68608K, used 8K [0x0000000080000000, 0x0000000084300000, 0x00000000d5580000)
  object space 68608K, 0% used [0x0000000080000000,0x0000000080002000,0x0000000084300000)
 Metaspace       used 8021K, committed 8320K, reserved 1114112K
  class space    used 838K, committed 960K, reserved 1048576K
}
Event: 4.443 GC heap after
{Heap after GC invocations=2 (full 0):
 PSYoungGen      total 29696K, used 4064K [0x00000000d5580000, 0x00000000d7680000, 0x0000000100000000)
  eden space 25600K, 0% used [0x00000000d5580000,0x00000000d5580000,0x00000000d6e80000)
  from space 4096K, 99% used [0x00000000d7280000,0x00000000d76780d8,0x00000000d7680000)
  to   space 4096K, 0% used [0x00000000d6e80000,0x00000000d6e80000,0x00000000d7280000)
 ParOldGen       total 68608K, used 1788K [0x0000000080000000, 0x0000000084300000, 0x00000000d5580000)
  object space 68608K, 2% used [0x0000000080000000,0x00000000801bf250,0x0000000084300000)
 Metaspace       used 8021K, committed 8320K, reserved 1114112K
  class space    used 838K, committed 960K, reserved 1048576K
}
Event: 5.873 GC heap before
{Heap before GC invocations=3 (full 0):
 PSYoungGen      total 29696K, used 29660K [0x00000000d5580000, 0x00000000d7680000, 0x0000000100000000)
  eden space 25600K, 99% used [0x00000000d5580000,0x00000000d6e7f1e0,0x00000000d6e80000)
  from space 4096K, 99% used [0x00000000d7280000,0x00000000d76780d8,0x00000000d7680000)
  to   space 4096K, 0% used [0x00000000d6e80000,0x00000000d6e80000,0x00000000d7280000)
 ParOldGen       total 68608K, used 1788K [0x0000000080000000, 0x0000000084300000, 0x00000000d5580000)
  object space 68608K, 2% used [0x0000000080000000,0x00000000801bf250,0x0000000084300000)
 Metaspace       used 9427K, committed 9728K, reserved 1114112K
  class space    used 1002K, committed 1152K, reserved 1048576K
}
Event: 5.883 GC heap after
{Heap after GC invocations=3 (full 0):
 PSYoungGen      total 29696K, used 4075K [0x00000000d5580000, 0x00000000d7680000, 0x0000000100000000)
  eden space 25600K, 0% used [0x00000000d5580000,0x00000000d5580000,0x00000000d6e80000)
  from space 4096K, 99% used [0x00000000d6e80000,0x00000000d727ae80,0x00000000d7280000)
  to   space 4096K, 0% used [0x00000000d7280000,0x00000000d7280000,0x00000000d7680000)
 ParOldGen       total 68608K, used 5098K [0x0000000080000000, 0x0000000084300000, 0x00000000d5580000)
  object space 68608K, 7% used [0x0000000080000000,0x00000000804faa60,0x0000000084300000)
 Metaspace       used 9427K, committed 9728K, reserved 1114112K
  class space    used 1002K, committed 1152K, reserved 1048576K
}
Event: 7.134 GC heap before
{Heap before GC invocations=4 (full 0):
 PSYoungGen      total 29696K, used 29675K [0x00000000d5580000, 0x00000000d7680000, 0x0000000100000000)
  eden space 25600K, 100% used [0x00000000d5580000,0x00000000d6e80000,0x00000000d6e80000)
  from space 4096K, 99% used [0x00000000d6e80000,0x00000000d727ae80,0x00000000d7280000)
  to   space 4096K, 0% used [0x00000000d7280000,0x00000000d7280000,0x00000000d7680000)
 ParOldGen       total 68608K, used 5098K [0x0000000080000000, 0x0000000084300000, 0x00000000d5580000)
  object space 68608K, 7% used [0x0000000080000000,0x00000000804faa60,0x0000000084300000)
 Metaspace       used 12142K, committed 12544K, reserved 1114112K
  class space    used 1292K, committed 1472K, reserved 1048576K
}
Event: 7.139 GC heap after
{Heap after GC invocations=4 (full 0):
 PSYoungGen      total 29696K, used 4086K [0x00000000d5580000, 0x00000000d7680000, 0x0000000100000000)
  eden space 25600K, 0% used [0x00000000d5580000,0x00000000d5580000,0x00000000d6e80000)
  from space 4096K, 99% used [0x00000000d7280000,0x00000000d767dbe8,0x00000000d7680000)
  to   space 4096K, 0% used [0x00000000d6e80000,0x00000000d6e80000,0x00000000d7280000)
 ParOldGen       total 68608K, used 6289K [0x0000000080000000, 0x0000000084300000, 0x00000000d5580000)
  object space 68608K, 9% used [0x0000000080000000,0x0000000080624500,0x0000000084300000)
 Metaspace       used 12142K, committed 12544K, reserved 1114112K
  class space    used 1292K, committed 1472K, reserved 1048576K
}
Event: 7.947 GC heap before
{Heap before GC invocations=5 (full 0):
 PSYoungGen      total 29696K, used 29686K [0x00000000d5580000, 0x00000000d7680000, 0x0000000100000000)
  eden space 25600K, 100% used [0x00000000d5580000,0x00000000d6e80000,0x00000000d6e80000)
  from space 4096K, 99% used [0x00000000d7280000,0x00000000d767dbe8,0x00000000d7680000)
  to   space 4096K, 0% used [0x00000000d6e80000,0x00000000d6e80000,0x00000000d7280000)
 ParOldGen       total 68608K, used 6289K [0x0000000080000000, 0x0000000084300000, 0x00000000d5580000)
  object space 68608K, 9% used [0x0000000080000000,0x0000000080624500,0x0000000084300000)
 Metaspace       used 15263K, committed 15808K, reserved 1114112K
  class space    used 1568K, committed 1792K, reserved 1048576K
}
Event: 7.951 GC heap after
{Heap after GC invocations=5 (full 0):
 PSYoungGen      total 29696K, used 4095K [0x00000000d5580000, 0x00000000d7680000, 0x0000000100000000)
  eden space 25600K, 0% used [0x00000000d5580000,0x00000000d5580000,0x00000000d6e80000)
  from space 4096K, 99% used [0x00000000d6e80000,0x00000000d727fe60,0x00000000d7280000)
  to   space 4096K, 0% used [0x00000000d7280000,0x00000000d7280000,0x00000000d7680000)
 ParOldGen       total 68608K, used 7781K [0x0000000080000000, 0x0000000084300000, 0x00000000d5580000)
  object space 68608K, 11% used [0x0000000080000000,0x0000000080799790,0x0000000084300000)
 Metaspace       used 15263K, committed 15808K, reserved 1114112K
  class space    used 1568K, committed 1792K, reserved 1048576K
}

Dll operation events (9 events):
Event: 0.024 Loaded shared library c:\Users\ayush\.vscode\extensions\redhat.java-1.46.0-win32-x64\jre\21.0.8-win32-x86_64\bin\java.dll
Event: 0.211 Loaded shared library c:\Users\ayush\.vscode\extensions\redhat.java-1.46.0-win32-x64\jre\21.0.8-win32-x86_64\bin\zip.dll
Event: 0.269 Loaded shared library C:\Users\ayush\.vscode\extensions\redhat.java-1.46.0-win32-x64\jre\21.0.8-win32-x86_64\bin\instrument.dll
Event: 0.283 Loaded shared library C:\Users\ayush\.vscode\extensions\redhat.java-1.46.0-win32-x64\jre\21.0.8-win32-x86_64\bin\net.dll
Event: 0.291 Loaded shared library C:\Users\ayush\.vscode\extensions\redhat.java-1.46.0-win32-x64\jre\21.0.8-win32-x86_64\bin\nio.dll
Event: 0.306 Loaded shared library C:\Users\ayush\.vscode\extensions\redhat.java-1.46.0-win32-x64\jre\21.0.8-win32-x86_64\bin\zip.dll
Event: 0.402 Loaded shared library C:\Users\ayush\.vscode\extensions\redhat.java-1.46.0-win32-x64\jre\21.0.8-win32-x86_64\bin\jimage.dll
Event: 0.550 Loaded shared library c:\Users\ayush\.vscode\extensions\redhat.java-1.46.0-win32-x64\jre\21.0.8-win32-x86_64\bin\verify.dll
Event: 4.463 Loaded shared library C:\Users\ayush\AppData\Roaming\Code\User\globalStorage\redhat.java\1.46.0\config_win\org.eclipse.equinox.launcher\org.eclipse.equinox.launcher.win32.win32.x86_64_1.2.1400.v20250801-0854\eclipse_11916.dll

Deoptimization events (20 events):
Event: 7.426 Thread 0x000002250b7805f0 DEOPT PACKING pc=0x00000224b84fcbbc sp=0x0000007e21bfbbc0
Event: 7.426 Thread 0x000002250b7805f0 DEOPT UNPACKING pc=0x00000224b7e83aa2 sp=0x0000007e21bfbb50 mode 2
Event: 7.493 Thread 0x000002250b7805f0 Uncommon trap: trap_request=0xffffff45 fr.pc=0x00000224b84f98e4 relative=0x0000000000000464
Event: 7.493 Thread 0x000002250b7805f0 Uncommon trap: reason=unstable_if action=reinterpret pc=0x00000224b84f98e4 method=com.sun.org.apache.xerces.internal.impl.XMLEntityScanner.scanLiteral(ILcom/sun/org/apache/xerces/internal/xni/XMLString;Z)I @ 299 c2
Event: 7.493 Thread 0x000002250b7805f0 DEOPT PACKING pc=0x00000224b84f98e4 sp=0x0000007e21bfd750
Event: 7.493 Thread 0x000002250b7805f0 DEOPT UNPACKING pc=0x00000224b7e83aa2 sp=0x0000007e21bfd6e0 mode 2
Event: 7.669 Thread 0x000002250b7805f0 Uncommon trap: trap_request=0xffffff45 fr.pc=0x00000224b8488aa8 relative=0x00000000000009c8
Event: 7.669 Thread 0x000002250b7805f0 Uncommon trap: reason=unstable_if action=reinterpret pc=0x00000224b8488aa8 method=java.util.LinkedHashMap.afterNodeInsertion(Z)V @ 1 c2
Event: 7.669 Thread 0x000002250b7805f0 DEOPT PACKING pc=0x00000224b8488aa8 sp=0x0000007e21bf7d90
Event: 7.669 Thread 0x000002250b7805f0 DEOPT UNPACKING pc=0x00000224b7e83aa2 sp=0x0000007e21bf7cb0 mode 2
Event: 7.698 Thread 0x000002250b7805f0 DEOPT PACKING pc=0x00000224b0cf69b5 sp=0x0000007e21bf5400
Event: 7.698 Thread 0x000002250b7805f0 DEOPT UNPACKING pc=0x00000224b7e84242 sp=0x0000007e21bf4910 mode 0
Event: 7.806 Thread 0x000002250b7805f0 Uncommon trap: trap_request=0xffffff45 fr.pc=0x00000224b841db80 relative=0x0000000000000e80
Event: 7.806 Thread 0x000002250b7805f0 Uncommon trap: reason=unstable_if action=reinterpret pc=0x00000224b841db80 method=lombok.patcher.PatchScript.classMatches(Ljava/lang/String;Ljava/util/Collection;)Z @ 25 c2
Event: 7.806 Thread 0x000002250b7805f0 DEOPT PACKING pc=0x00000224b841db80 sp=0x0000007e21bf6c00
Event: 7.806 Thread 0x000002250b7805f0 DEOPT UNPACKING pc=0x00000224b7e83aa2 sp=0x0000007e21bf6bc0 mode 2
Event: 7.938 Thread 0x000002250b7805f0 Uncommon trap: trap_request=0xffffff45 fr.pc=0x00000224b8471354 relative=0x00000000000000b4
Event: 7.938 Thread 0x000002250b7805f0 Uncommon trap: reason=unstable_if action=reinterpret pc=0x00000224b8471354 method=org.eclipse.osgi.container.ModuleRevisionBuilder.unmodifiableMap(Ljava/util/Map;)Ljava/util/Map; @ 27 c2
Event: 7.938 Thread 0x000002250b7805f0 DEOPT PACKING pc=0x00000224b8471354 sp=0x0000007e21bf97c0
Event: 7.938 Thread 0x000002250b7805f0 DEOPT UNPACKING pc=0x00000224b7e83aa2 sp=0x0000007e21bf9740 mode 2

Classes loaded (20 events):
Event: 7.826 Loading class java/lang/constant/ClassDesc
Event: 7.826 Loading class java/lang/constant/ClassDesc done
Event: 7.827 Loading class jdk/internal/vm/annotation/ForceInline
Event: 7.827 Loading class jdk/internal/vm/annotation/ForceInline done
Event: 7.913 Loading class java/text/MessageFormat
Event: 7.914 Loading class java/text/MessageFormat done
Event: 7.916 Loading class java/text/FieldPosition$Delegate
Event: 7.917 Loading class java/text/FieldPosition$Delegate done
Event: 7.917 Loading class java/text/MessageFormat$Field
Event: 7.917 Loading class java/text/MessageFormat$Field done
Event: 7.940 Loading class java/util/stream/SortedOps
Event: 7.940 Loading class java/util/stream/SortedOps done
Event: 7.940 Loading class java/util/stream/SortedOps$OfRef
Event: 7.941 Loading class java/util/stream/ReferencePipeline$StatefulOp
Event: 7.941 Loading class java/util/stream/ReferencePipeline$StatefulOp done
Event: 7.941 Loading class java/util/stream/SortedOps$OfRef done
Event: 7.942 Loading class java/util/stream/SortedOps$RefSortingSink
Event: 7.943 Loading class java/util/stream/SortedOps$AbstractRefSortingSink
Event: 7.943 Loading class java/util/stream/SortedOps$AbstractRefSortingSink done
Event: 7.943 Loading class java/util/stream/SortedOps$RefSortingSink done

Classes unloaded (0 events):
No events

Classes redefined (0 events):
No events

Internal exceptions (20 events):
Event: 3.878 Thread 0x00000224ab3ca510 Exception <a 'java/lang/NoSuchMethodError'{0x00000000d67bdb58}: 'java.lang.Object java.lang.invoke.DirectMethodHandle$Holder.newInvokeSpecial(java.lang.Object, int, java.lang.Object)'> (0x00000000d67bdb58) 
thrown [s\src\hotspot\share\interpreter\linkResolver.cpp, line 773]
Event: 3.966 Thread 0x00000224ab3ca510 Exception <a 'java/lang/ClassNotFoundException'{0x00000000d69d6488}: sun/net/www/protocol/plurl/Handler> (0x00000000d69d6488) 
thrown [s\src\hotspot\share\classfile\systemDictionary.cpp, line 312]
Event: 3.967 Thread 0x00000224ab3ca510 Exception <a 'java/lang/ClassNotFoundException'{0x00000000d69d7308}: sun/net/www/protocol/plurl/Handler> (0x00000000d69d7308) 
thrown [s\src\hotspot\share\classfile\systemDictionary.cpp, line 312]
Event: 4.446 Thread 0x00000224ab3ca510 Exception <a 'java/lang/UnsatisfiedLinkError'{0x00000000d5598810}: 'void org.eclipse.equinox.launcher.JNIBridge._update_splash()'> (0x00000000d5598810) 
thrown [s\src\hotspot\share\prims\nativeLookup.cpp, line 415]
Event: 4.551 Thread 0x000002250b74dee0 Exception <a 'java/lang/NoSuchMethodError'{0x00000000d588b7c8}: 'void java.lang.invoke.DirectMethodHandle$Holder.invokeInterface(java.lang.Object, java.lang.Object, java.lang.Object)'> (0x00000000d588b7c8) 
thrown [s\src\hotspot\share\interpreter\linkResolver.cpp, line 773]
Event: 4.915 Thread 0x000002250b7805f0 Exception <a 'java/lang/NoSuchMethodError'{0x00000000d5c4c8c8}: 'java.lang.Object java.lang.invoke.DirectMethodHandle$Holder.newInvokeSpecial(java.lang.Object, java.lang.Object, int, java.lang.Object)'> (0x00000000d5c4c8c8) 
thrown [s\src\hotspot\share\interpreter\linkResolver.cpp, line 773]
Event: 4.917 Thread 0x000002250b7805f0 Exception <a 'java/lang/NoSuchMethodError'{0x00000000d5c50738}: 'java.lang.Object java.lang.invoke.DirectMethodHandle$Holder.invokeSpecial(java.lang.Object, java.lang.Object, java.lang.Object, int, java.lang.Object)'> (0x00000000d5c50738) 
thrown [s\src\hotspot\share\interpreter\linkResolver.cpp, line 773]
Event: 4.963 Thread 0x000002250b7805f0 Exception <a 'java/lang/NoClassDefFoundError'{0x00000000d5cf0b80}: jakarta/servlet/ServletContainerInitializer> (0x00000000d5cf0b80) 
thrown [s\src\hotspot\share\classfile\systemDictionary.cpp, line 301]
Event: 5.088 Thread 0x000002250b7805f0 Exception <a 'java/lang/ClassNotFoundException'{0x00000000d5e4cca0}: sun/util/logging/resources/spi/loggingProvider> (0x00000000d5e4cca0) 
thrown [s\src\hotspot\share\classfile\systemDictionary.cpp, line 312]
Event: 6.934 Thread 0x000002250b7805f0 Exception <a 'java/lang/NullPointerException'{0x00000000d63a11f8}> (0x00000000d63a11f8) 
thrown [s\src\hotspot\share\interpreter\linkResolver.cpp, line 1372]
Event: 6.934 Thread 0x000002250b7805f0 Exception <a 'java/lang/NullPointerException'{0x00000000d63a14d8}> (0x00000000d63a14d8) 
thrown [s\src\hotspot\share\interpreter\linkResolver.cpp, line 1372]
Event: 7.112 Thread 0x000002250b7805f0 Exception <a 'java/lang/NoSuchMethodError'{0x00000000d6d825e8}: 'void java.lang.invoke.Invokers$Holder.invokeExact_MT(java.lang.Object, java.lang.Object, java.lang.Object)'> (0x00000000d6d825e8) 
thrown [s\src\hotspot\share\interpreter\linkResolver.cpp, line 773]
Event: 7.445 Thread 0x000002250b7805f0 Exception <a 'java/io/FileNotFoundException'{0x00000000d5d86d80}> (0x00000000d5d86d80) 
thrown [s\src\hotspot\share\prims\jni.cpp, line 520]
Event: 7.641 Thread 0x000002250b7805f0 Exception <a 'java/lang/NoSuchMethodError'{0x00000000d624d4e0}: 'java.lang.Object java.lang.invoke.Invokers$Holder.linkToTargetMethod(java.lang.Object, long, java.lang.Object)'> (0x00000000d624d4e0) 
thrown [s\src\hotspot\share\interpreter\linkResolver.cpp, line 773]
Event: 7.834 Thread 0x000002250b7805f0 Exception <a 'java/lang/NoSuchMethodError'{0x00000000d6a4cb00}: 'java.lang.Object java.lang.invoke.DirectMethodHandle$Holder.invokeVirtual(java.lang.Object, java.lang.Object, java.lang.Object)'> (0x00000000d6a4cb00) 
thrown [s\src\hotspot\share\interpreter\linkResolver.cpp, line 773]
Event: 7.837 Thread 0x000002250b7805f0 Exception <a 'java/lang/NoSuchMethodError'{0x00000000d6a650f8}: 'java.lang.Object java.lang.invoke.DelegatingMethodHandle$Holder.reinvoke_L(java.lang.Object, java.lang.Object, java.lang.Object, java.lang.Object, int, int)'> (0x00000000d6a650f8) 
thrown [s\src\hotspot\share\interpreter\linkResolver.cpp, line 773]
Event: 7.840 Thread 0x000002250b7805f0 Exception <a 'java/lang/NoSuchMethodError'{0x00000000d6a81f98}: 'java.lang.Object java.lang.invoke.DirectMethodHandle$Holder.newInvokeSpecial(java.lang.Object, java.lang.Object, java.lang.Object, java.lang.Object, java.lang.Object, java.lang.Object)'> (0x00000000d6a81f98) 
thrown [s\src\hotspot\share\interpreter\linkResolver.cpp, line 773]
Event: 7.845 Thread 0x000002250b7805f0 Exception <a 'java/lang/NoSuchMethodError'{0x00000000d6aae308}: 'void java.lang.invoke.Invokers$Holder.invokeExact_MT(java.lang.Object, java.lang.Object, java.lang.Object, java.lang.Object)'> (0x00000000d6aae308) 
thrown [s\src\hotspot\share\interpreter\linkResolver.cpp, line 773]
Event: 7.922 Thread 0x000002250b7805f0 Exception <a 'java/io/FileNotFoundException'{0x00000000d6d40f68}> (0x00000000d6d40f68) 
thrown [s\src\hotspot\share\prims\jni.cpp, line 520]
Event: 7.923 Thread 0x000002250b7805f0 Exception <a 'java/io/FileNotFoundException'{0x00000000d6d60a38}> (0x00000000d6d60a38) 
thrown [s\src\hotspot\share\prims\jni.cpp, line 520]

ZGC Phase Switch (0 events):
No events

VM Operations (20 events):
Event: 5.174 Executing VM operation: HandshakeAllThreads (Deoptimize)
Event: 5.174 Executing VM operation: HandshakeAllThreads (Deoptimize) done
Event: 5.198 Executing VM operation: HandshakeAllThreads (Deoptimize)
Event: 5.198 Executing VM operation: HandshakeAllThreads (Deoptimize) done
Event: 5.217 Executing VM operation: HandshakeAllThreads (Deoptimize)
Event: 5.217 Executing VM operation: HandshakeAllThreads (Deoptimize) done
Event: 5.873 Executing VM operation: ParallelGCFailedAllocation (Allocation Failure)
Event: 5.883 Executing VM operation: ParallelGCFailedAllocation (Allocation Failure) done
Event: 6.884 Executing VM operation: Cleanup
Event: 6.885 Executing VM operation: Cleanup done
Event: 7.012 Executing VM operation: HandshakeAllThreads (Deoptimize)
Event: 7.012 Executing VM operation: HandshakeAllThreads (Deoptimize) done
Event: 7.134 Executing VM operation: ParallelGCFailedAllocation (Allocation Failure)
Event: 7.139 Executing VM operation: ParallelGCFailedAllocation (Allocation Failure) done
Event: 7.727 Executing VM operation: ICBufferFull
Event: 7.727 Executing VM operation: ICBufferFull done
Event: 7.942 Executing VM operation: HandshakeAllThreads (Deoptimize)
Event: 7.942 Executing VM operation: HandshakeAllThreads (Deoptimize) done
Event: 7.946 Executing VM operation: ParallelGCFailedAllocation (Allocation Failure)
Event: 7.951 Executing VM operation: ParallelGCFailedAllocation (Allocation Failure) done

Memory protections (0 events):
No events

Nmethod flushes (0 events):
No events

Events (20 events):
Event: 0.143 Thread 0x00000224ab3ca510 Thread added: 0x00000224ad77adb0
Event: 0.772 Thread 0x00000224ab3ca510 Thread added: 0x0000022506cc8070
Event: 1.074 Thread 0x00000224ad6bd5a0 Thread added: 0x0000022506d36dd0
Event: 2.031 Thread 0x0000022506d36dd0 Thread exited: 0x0000022506d36dd0
Event: 2.908 Thread 0x00000224ad6bd5a0 Thread added: 0x000002250b629410
Event: 3.539 Thread 0x000002250b629410 Thread exited: 0x000002250b629410
Event: 3.805 Thread 0x00000224ab3ca510 Thread added: 0x000002250b6b8540
Event: 4.430 Thread 0x00000224ab3ca510 Thread added: 0x000002250b74dee0
Event: 4.559 Thread 0x000002250b74dee0 Thread added: 0x000002250b794e30
Event: 4.567 Thread 0x00000224ab3ca510 Thread added: 0x000002250b7805f0
Event: 5.232 Thread 0x00000224ad6bd5a0 Thread added: 0x000002250b460250
Event: 5.493 Thread 0x000002250b460250 Thread exited: 0x000002250b460250
Event: 5.782 Thread 0x00000224ad6bd5a0 Thread added: 0x000002250bb611a0
Event: 6.075 Thread 0x000002250b7805f0 Thread added: 0x000002250b143d60
Event: 6.075 Thread 0x000002250bb611a0 Thread exited: 0x000002250bb611a0
Event: 7.002 Thread 0x000002250b7805f0 Thread added: 0x000002250bc41cb0
Event: 7.322 Thread 0x00000224ad6bd5a0 Thread added: 0x000002250bbb2a60
Event: 7.488 Thread 0x000002250bbb2a60 Thread exited: 0x000002250bbb2a60
Event: 7.570 Thread 0x00000224ad6bd5a0 Thread added: 0x000002250b1abce0
Event: 7.697 Thread 0x000002250b7805f0 Thread added: 0x000002250b521320


Dynamic libraries:
0x00007ff74d270000 - 0x00007ff74d27e000 	c:\Users\ayush\.vscode\extensions\redhat.java-1.46.0-win32-x64\jre\21.0.8-win32-x86_64\bin\java.exe
0x00007ffe4d460000 - 0x00007ffe4d6c9000 	C:\WINDOWS\SYSTEM32\ntdll.dll
0x00007ffe4bc70000 - 0x00007ffe4bd39000 	C:\WINDOWS\System32\KERNEL32.DLL
0x00007ffe4ab50000 - 0x00007ffe4af43000 	C:\WINDOWS\System32\KERNELBASE.dll
0x00007ffe4a890000 - 0x00007ffe4a9db000 	C:\WINDOWS\System32\ucrtbase.dll
0x00007ffe386b0000 - 0x00007ffe386c8000 	c:\Users\ayush\.vscode\extensions\redhat.java-1.46.0-win32-x64\jre\21.0.8-win32-x86_64\bin\jli.dll
0x00007ffe366e0000 - 0x00007ffe366fe000 	c:\Users\ayush\.vscode\extensions\redhat.java-1.46.0-win32-x64\jre\21.0.8-win32-x86_64\bin\VCRUNTIME140.dll
0x00007ffe4bd40000 - 0x00007ffe4bf04000 	C:\WINDOWS\System32\USER32.dll
0x00007ffe4b0d0000 - 0x00007ffe4b0f7000 	C:\WINDOWS\System32\win32u.dll
0x00007ffe4b330000 - 0x00007ffe4b35b000 	C:\WINDOWS\System32\GDI32.dll
0x00007ffe49810000 - 0x00007ffe49aa3000 	C:\WINDOWS\WinSxS\amd64_microsoft.windows.common-controls_6595b64144ccf1df_6.0.26100.5074_none_3e0d6f78e32fd63f\COMCTL32.dll
0x00007ffe4a5f0000 - 0x00007ffe4a71d000 	C:\WINDOWS\System32\gdi32full.dll
0x00007ffe4d290000 - 0x00007ffe4d339000 	C:\WINDOWS\System32\msvcrt.dll
0x00007ffe4a9e0000 - 0x00007ffe4aa83000 	C:\WINDOWS\System32\msvcp_win.dll
0x00007ffe4ba20000 - 0x00007ffe4ba4f000 	C:\WINDOWS\System32\IMM32.DLL
0x00007ffe39430000 - 0x00007ffe3943c000 	c:\Users\ayush\.vscode\extensions\redhat.java-1.46.0-win32-x64\jre\21.0.8-win32-x86_64\bin\vcruntime140_1.dll
0x00007ffdebcc0000 - 0x00007ffdebd4d000 	c:\Users\ayush\.vscode\extensions\redhat.java-1.46.0-win32-x64\jre\21.0.8-win32-x86_64\bin\msvcp140.dll
0x00007ffd55bc0000 - 0x00007ffd56957000 	c:\Users\ayush\.vscode\extensions\redhat.java-1.46.0-win32-x64\jre\21.0.8-win32-x86_64\bin\server\jvm.dll
0x00007ffe4c3d0000 - 0x00007ffe4c484000 	C:\WINDOWS\System32\ADVAPI32.dll
0x00007ffe4bbc0000 - 0x00007ffe4bc66000 	C:\WINDOWS\System32\sechost.dll
0x00007ffe4b440000 - 0x00007ffe4b558000 	C:\WINDOWS\System32\RPCRT4.dll
0x00007ffe4c490000 - 0x00007ffe4c504000 	C:\WINDOWS\System32\WS2_32.dll
0x00007ffe4a450000 - 0x00007ffe4a4ae000 	C:\WINDOWS\SYSTEM32\POWRPROF.dll
0x00007ffe3f240000 - 0x00007ffe3f275000 	C:\WINDOWS\SYSTEM32\WINMM.dll
0x00007ffe3d020000 - 0x00007ffe3d02b000 	C:\WINDOWS\SYSTEM32\VERSION.dll
0x00007ffe4a430000 - 0x00007ffe4a444000 	C:\WINDOWS\SYSTEM32\UMPDC.dll
0x00007ffe48aa0000 - 0x00007ffe48abb000 	C:\WINDOWS\SYSTEM32\kernel.appcore.dll
0x00007ffe39210000 - 0x00007ffe3921a000 	c:\Users\ayush\.vscode\extensions\redhat.java-1.46.0-win32-x64\jre\21.0.8-win32-x86_64\bin\jimage.dll
0x00007ffe49ee0000 - 0x00007ffe4a122000 	C:\WINDOWS\SYSTEM32\DBGHELP.DLL
0x00007ffe4c7c0000 - 0x00007ffe4cb3b000 	C:\WINDOWS\System32\combase.dll
0x00007ffe4ba60000 - 0x00007ffe4bb37000 	C:\WINDOWS\System32\OLEAUT32.dll
0x00007ffe49cb0000 - 0x00007ffe49ced000 	C:\WINDOWS\SYSTEM32\dbgcore.DLL
0x00007ffe4b190000 - 0x00007ffe4b229000 	C:\WINDOWS\System32\bcryptPrimitives.dll
0x00007ffe38510000 - 0x00007ffe3851f000 	c:\Users\ayush\.vscode\extensions\redhat.java-1.46.0-win32-x64\jre\21.0.8-win32-x86_64\bin\instrument.dll
0x00007ffe18680000 - 0x00007ffe1869f000 	c:\Users\ayush\.vscode\extensions\redhat.java-1.46.0-win32-x64\jre\21.0.8-win32-x86_64\bin\java.dll
0x00007ffe4cb40000 - 0x00007ffe4d28d000 	C:\WINDOWS\System32\SHELL32.dll
0x00007ffe4a720000 - 0x00007ffe4a88c000 	C:\WINDOWS\System32\wintypes.dll
0x00007ffe47620000 - 0x00007ffe47e79000 	C:\WINDOWS\SYSTEM32\windows.storage.dll
0x00007ffe4b7b0000 - 0x00007ffe4b8a0000 	C:\WINDOWS\System32\SHCORE.dll
0x00007ffe4d3b0000 - 0x00007ffe4d412000 	C:\WINDOWS\System32\shlwapi.dll
0x00007ffe4a510000 - 0x00007ffe4a539000 	C:\WINDOWS\SYSTEM32\profapi.dll
0x00007ffe357d0000 - 0x00007ffe357e8000 	c:\Users\ayush\.vscode\extensions\redhat.java-1.46.0-win32-x64\jre\21.0.8-win32-x86_64\bin\zip.dll
0x00007ffe36b40000 - 0x00007ffe36b50000 	C:\Users\ayush\.vscode\extensions\redhat.java-1.46.0-win32-x64\jre\21.0.8-win32-x86_64\bin\net.dll
0x00007ffe3f280000 - 0x00007ffe3f39f000 	C:\WINDOWS\SYSTEM32\WINHTTP.dll
0x00007ffe48fe0000 - 0x00007ffe4904b000 	C:\WINDOWS\system32\mswsock.dll
0x00007ffe1a450000 - 0x00007ffe1a466000 	C:\Users\ayush\.vscode\extensions\redhat.java-1.46.0-win32-x64\jre\21.0.8-win32-x86_64\bin\nio.dll
0x00007ffe36ae0000 - 0x00007ffe36af0000 	c:\Users\ayush\.vscode\extensions\redhat.java-1.46.0-win32-x64\jre\21.0.8-win32-x86_64\bin\verify.dll
0x00007ffdfba40000 - 0x00007ffdfba84000 	C:\Users\ayush\AppData\Roaming\Code\User\globalStorage\redhat.java\1.46.0\config_win\org.eclipse.equinox.launcher\org.eclipse.equinox.launcher.win32.win32.x86_64_1.2.1400.v20250801-0854\eclipse_11916.dll
0x00007ffe4b610000 - 0x00007ffe4b7a8000 	C:\WINDOWS\System32\ole32.dll

JVMTI agents:
c:\Users\ayush\.vscode\extensions\redhat.java-1.46.0-win32-x64\lombok\lombok-1.18.39-4050.jar path:c:\Users\ayush\.vscode\extensions\redhat.java-1.46.0-win32-x64\jre\21.0.8-win32-x86_64\bin\instrument.dll, loaded, initialized, instrumentlib options:none

dbghelp: loaded successfully - version: 4.0.5 - missing functions: none
symbol engine: initialized successfully - sym options: 0x614 - pdb path: .;c:\Users\ayush\.vscode\extensions\redhat.java-1.46.0-win32-x64\jre\21.0.8-win32-x86_64\bin;C:\WINDOWS\SYSTEM32;C:\WINDOWS\WinSxS\amd64_microsoft.windows.common-controls_6595b64144ccf1df_6.0.26100.5074_none_3e0d6f78e32fd63f;c:\Users\ayush\.vscode\extensions\redhat.java-1.46.0-win32-x64\jre\21.0.8-win32-x86_64\bin\server;C:\Users\ayush\AppData\Roaming\Code\User\globalStorage\redhat.java\1.46.0\config_win\org.eclipse.equinox.launcher\org.eclipse.equinox.launcher.win32.win32.x86_64_1.2.1400.v20250801-0854

VM Arguments:
jvm_args: --add-modules=ALL-SYSTEM --add-opens=java.base/java.util=ALL-UNNAMED --add-opens=java.base/java.lang=ALL-UNNAMED --add-opens=java.base/sun.nio.fs=ALL-UNNAMED -Declipse.application=org.eclipse.jdt.ls.core.id1 -Dosgi.bundles.defaultStartLevel=4 -Declipse.product=org.eclipse.jdt.ls.core.product -Djava.import.generatesMetadataFilesAtProjectRoot=false -DDetectVMInstallationsJob.disabled=true -Dfile.encoding=utf8 -XX:+UseParallelGC -XX:GCTimeRatio=4 -XX:AdaptiveSizePolicyWeight=90 -Dsun.zip.disableMemoryMapping=true -Xmx2G -Xms100m -Xlog:disable -javaagent:c:\Users\ayush\.vscode\extensions\redhat.java-1.46.0-win32-x64\lombok\lombok-1.18.39-4050.jar -XX:+HeapDumpOnOutOfMemoryError -XX:HeapDumpPath=c:\Users\ayush\AppData\Roaming\Code\User\workspaceStorage\83904fdafc53460d63f83de7213c2797\redhat.java -Daether.dependencyCollector.impl=bf 
java_command: c:\Users\ayush\.vscode\extensions\redhat.java-1.46.0-win32-x64\server\plugins\org.eclipse.equinox.launcher_1.7.0.v20250519-0528.jar -configuration c:\Users\ayush\AppData\Roaming\Code\User\globalStorage\redhat.java\1.46.0\config_win -data c:\Users\ayush\AppData\Roaming\Code\User\workspaceStorage\83904fdafc53460d63f83de7213c2797\redhat.java\jdt_ws --pipe=\\.\pipe\lsp-7094f6fb83c7b521223e2edea21bf81f-sock
java_class_path (initial): c:\Users\ayush\.vscode\extensions\redhat.java-1.46.0-win32-x64\server\plugins\org.eclipse.equinox.launcher_1.7.0.v20250519-0528.jar
Launcher Type: SUN_STANDARD

[Global flags]
    uintx AdaptiveSizePolicyWeight                 = 90                                        {product} {command line}
     intx CICompilerCount                          = 4                                         {product} {ergonomic}
    uintx GCTimeRatio                              = 4                                         {product} {command line}
     bool HeapDumpOnOutOfMemoryError               = true                                   {manageable} {command line}
    ccstr HeapDumpPath                             = c:\Users\ayush\AppData\Roaming\Code\User\workspaceStorage\83904fdafc53460d63f83de7213c2797\redhat.java         {manageable} {command line}
   size_t InitialHeapSize                          = 104857600                                 {product} {command line}
   size_t MaxHeapSize                              = 2147483648                                {product} {command line}
   size_t MaxNewSize                               = 715653120                                 {product} {ergonomic}
   size_t MinHeapDeltaBytes                        = 524288                                    {product} {ergonomic}
   size_t MinHeapSize                              = 104857600                                 {product} {command line}
   size_t NewSize                                  = 34603008                                  {product} {ergonomic}
    uintx NonNMethodCodeHeapSize                   = 5839372                                {pd product} {ergonomic}
    uintx NonProfiledCodeHeapSize                  = 122909434                              {pd product} {ergonomic}
   size_t OldSize                                  = 70254592                                  {product} {ergonomic}
    uintx ProfiledCodeHeapSize                     = 122909434                              {pd product} {ergonomic}
    uintx ReservedCodeCacheSize                    = 251658240                              {pd product} {ergonomic}
     bool SegmentedCodeCache                       = true                                      {product} {ergonomic}
   size_t SoftMaxHeapSize                          = 2147483648                             {manageable} {ergonomic}
     bool UseCompressedOops                        = true                           {product lp64_product} {ergonomic}
     bool UseLargePagesIndividualAllocation        = false                                  {pd product} {ergonomic}
     bool UseParallelGC                            = true                                      {product} {command line}

Logging:
Log output configuration:
 #0: stdout all=off uptime,level,tags foldmultilines=false
 #1: stderr all=off uptime,level,tags foldmultilines=false

Environment Variables:
PATH=C:\Program Files\Common Files\Oracle\Java\javapath;C:\WINDOWS\system32;C:\WINDOWS;C:\WINDOWS\System32\Wbem;C:\WINDOWS\System32\WindowsPowerShell\v1.0\;C:\WINDOWS\System32\OpenSSH\;C:\Program Files\dotnet\;C:\Program Files\Git\cmd;D:\platform-tools;;C:\Program Files\Git LFS;C:\Users\ayush\AppData\Local\Programs\Python\Python312\Scripts\;C:\Users\ayush\AppData\Local\Programs\Python\Python312\;C:\Users\ayush\AppData\Local\Microsoft\WindowsApps;C:\Users\ayush\AppData\Local\GitHubDesktop\bin;C:\Users\ayush\AppData\Local\Programs\Microsoft VS Code\bin;C:\Program Files\JetBrains\IntelliJ IDEA Community Edition 2024.3.5\bin;
USERNAME=ayush
OS=Windows_NT
PROCESSOR_IDENTIFIER=AMD64 Family 23 Model 160 Stepping 0, AuthenticAMD
TMP=C:\Users\ayush\AppData\Local\Temp
TEMP=C:\Users\ayush\AppData\Local\Temp




Periodic native trim disabled

---------------  S Y S T E M  ---------------

OS:
 Windows 11 , 64 bit Build 26100 (10.0.26100.5074)
OS uptime: 7 days 3:31 hours
Hyper-V role detected

CPU: total 8 (initial active 8) (8 cores per cpu, 2 threads per core) family 23 model 160 stepping 0 microcode 0x8a0000b, cx8, cmov, fxsr, ht, mmx, 3dnowpref, sse, sse2, sse3, ssse3, sse4a, sse4.1, sse4.2, popcnt, lzcnt, tsc, tscinvbit, avx, avx2, aes, clmul, bmi1, bmi2, adx, sha, fma, vzeroupper, clflush, clflushopt, hv, rdtscp, rdpid, f16c
Processor Information for the first 8 processors :
  Max Mhz: 2801, Current Mhz: 2801, Mhz Limit: 2801

Memory: 4k page, system-wide physical 7379M (618M free)
TotalPageFile size 19475M (AvailPageFile size 1M)
current process WorkingSet (physical memory assigned to process): 121M, peak: 121M
current process commit charge ("private bytes"): 257M, peak: 260M

vm_info: OpenJDK 64-Bit Server VM (21.0.8+9-LTS) for windows-amd64 JRE (21.0.8+9-LTS), built on 2025-07-15T00:00:00Z by "admin" with MS VC++ 17.7 (VS2022)

END.
